<?xml version="1.0" encoding="UTF-8"?>
<testsuite name="com.bst_aws.springboot.domain.posts.PostsRepositoryTest" tests="2" skipped="0" failures="0" errors="0" timestamp="2021-04-15T12:21:49" hostname="LAPTOP-OPVE6PBK" time="0.061">
  <properties/>
  <testcase name="게시글저장_불러오기" classname="com.bst_aws.springboot.domain.posts.PostsRepositoryTest" time="0.036"/>
  <testcase name="BaseTimeEntity_등록" classname="com.bst_aws.springboot.domain.posts.PostsRepositoryTest" time="0.024"/>
  <system-out><![CDATA[2021-04-15 21:21:49.348  INFO 16292 --- [    Test worker] .b.t.c.SpringBootTestContextBootstrapper : Neither @ContextConfiguration nor @ContextHierarchy found for test class [com.bst_aws.springboot.domain.posts.PostsRepositoryTest], using SpringBootContextLoader
2021-04-15 21:21:49.350  INFO 16292 --- [    Test worker] o.s.t.c.support.AbstractContextLoader    : Could not detect default resource locations for test class [com.bst_aws.springboot.domain.posts.PostsRepositoryTest]: no resource found for suffixes {-context.xml, Context.groovy}.
2021-04-15 21:21:49.350  INFO 16292 --- [    Test worker] t.c.s.AnnotationConfigContextLoaderUtils : Could not detect default configuration classes for test class [com.bst_aws.springboot.domain.posts.PostsRepositoryTest]: PostsRepositoryTest does not declare any static, non-private, non-final, nested classes annotated with @Configuration.
2021-04-15 21:21:49.353  INFO 16292 --- [    Test worker] .b.t.c.SpringBootTestContextBootstrapper : Found @SpringBootConfiguration com.bst_aws.springboot.Application for test class com.bst_aws.springboot.domain.posts.PostsRepositoryTest
2021-04-15 21:21:49.357  INFO 16292 --- [    Test worker] .b.t.c.SpringBootTestContextBootstrapper : Loaded default TestExecutionListener class names from location [META-INF/spring.factories]: [org.springframework.security.test.context.support.WithSecurityContextTestExecutionListener, org.springframework.security.test.context.support.ReactorContextTestExecutionListener, org.springframework.boot.test.autoconfigure.restdocs.RestDocsTestExecutionListener, org.springframework.boot.test.autoconfigure.web.client.MockRestServiceServerResetTestExecutionListener, org.springframework.boot.test.autoconfigure.web.servlet.MockMvcPrintOnlyOnFailureTestExecutionListener, org.springframework.boot.test.autoconfigure.web.servlet.WebDriverTestExecutionListener, org.springframework.boot.test.mock.mockito.MockitoTestExecutionListener, org.springframework.boot.test.mock.mockito.ResetMocksTestExecutionListener, org.springframework.test.context.web.ServletTestExecutionListener, org.springframework.test.context.support.DirtiesContextBeforeModesTestExecutionListener, org.springframework.test.context.support.DependencyInjectionTestExecutionListener, org.springframework.test.context.support.DirtiesContextTestExecutionListener, org.springframework.test.context.transaction.TransactionalTestExecutionListener, org.springframework.test.context.jdbc.SqlScriptsTestExecutionListener]
2021-04-15 21:21:49.360  INFO 16292 --- [    Test worker] .b.t.c.SpringBootTestContextBootstrapper : Using TestExecutionListeners: [org.springframework.test.context.web.ServletTestExecutionListener@3ab2b286, org.springframework.test.context.support.DirtiesContextBeforeModesTestExecutionListener@32cf5be3, org.springframework.boot.test.mock.mockito.MockitoTestExecutionListener@dada876, org.springframework.boot.test.autoconfigure.SpringBootDependencyInjectionTestExecutionListener@714d92eb, org.springframework.test.context.support.DirtiesContextTestExecutionListener@5e4428c6, org.springframework.test.context.transaction.TransactionalTestExecutionListener@161c60ae, org.springframework.test.context.jdbc.SqlScriptsTestExecutionListener@76128403, org.springframework.security.test.context.support.WithSecurityContextTestExecutionListener@6b559ae0, org.springframework.security.test.context.support.ReactorContextTestExecutionListener@14a89d54, org.springframework.boot.test.autoconfigure.restdocs.RestDocsTestExecutionListener@61c4967f, org.springframework.boot.test.autoconfigure.web.client.MockRestServiceServerResetTestExecutionListener@31434d8, org.springframework.boot.test.autoconfigure.web.servlet.MockMvcPrintOnlyOnFailureTestExecutionListener@44d13cc0, org.springframework.boot.test.autoconfigure.web.servlet.WebDriverTestExecutionListener@14c35b33, org.springframework.boot.test.mock.mockito.ResetMocksTestExecutionListener@51f150ba]
Hibernate: insert into posts (created_date, modified_date, author, content, title) values (?, ?, ?, ?, ?)
Hibernate: select posts0_.id as id1_4_, posts0_.created_date as created_2_4_, posts0_.modified_date as modified3_4_, posts0_.author as author4_4_, posts0_.content as content5_4_, posts0_.title as title6_4_ from posts posts0_
Hibernate: select posts0_.id as id1_4_, posts0_.created_date as created_2_4_, posts0_.modified_date as modified3_4_, posts0_.author as author4_4_, posts0_.content as content5_4_, posts0_.title as title6_4_ from posts posts0_
Hibernate: delete from posts where id=?
Hibernate: insert into posts (created_date, modified_date, author, content, title) values (?, ?, ?, ?, ?)
Hibernate: select posts0_.id as id1_4_, posts0_.created_date as created_2_4_, posts0_.modified_date as modified3_4_, posts0_.author as author4_4_, posts0_.content as content5_4_, posts0_.title as title6_4_ from posts posts0_
>>>>>>>>> createDate=2021-04-15T21:21:49.407, modifiedDate=2021-04-15T21:21:49.407
Hibernate: select posts0_.id as id1_4_, posts0_.created_date as created_2_4_, posts0_.modified_date as modified3_4_, posts0_.author as author4_4_, posts0_.content as content5_4_, posts0_.title as title6_4_ from posts posts0_
Hibernate: delete from posts where id=?
]]></system-out>
  <system-err><![CDATA[]]></system-err>
</testsuite>
