<?xml version="1.0" encoding="UTF-8"?>
<testsuite name="com.bst_aws.springboot.domain.posts.PostsRepositoryTest" tests="2" skipped="0" failures="0" errors="0" timestamp="2021-05-12T07:21:34" hostname="LAPTOP-OPVE6PBK" time="0.051">
  <properties/>
  <testcase name="게시글저장_불러오기" classname="com.bst_aws.springboot.domain.posts.PostsRepositoryTest" time="0.029"/>
  <testcase name="BaseTimeEntity_등록" classname="com.bst_aws.springboot.domain.posts.PostsRepositoryTest" time="0.021"/>
  <system-out><![CDATA[2021-05-12 16:21:34.407  INFO 41696 --- [    Test worker] .b.t.c.SpringBootTestContextBootstrapper : Neither @ContextConfiguration nor @ContextHierarchy found for test class [com.bst_aws.springboot.domain.posts.PostsRepositoryTest], using SpringBootContextLoader
2021-05-12 16:21:34.409  INFO 41696 --- [    Test worker] o.s.t.c.support.AbstractContextLoader    : Could not detect default resource locations for test class [com.bst_aws.springboot.domain.posts.PostsRepositoryTest]: no resource found for suffixes {-context.xml, Context.groovy}.
2021-05-12 16:21:34.409  INFO 41696 --- [    Test worker] t.c.s.AnnotationConfigContextLoaderUtils : Could not detect default configuration classes for test class [com.bst_aws.springboot.domain.posts.PostsRepositoryTest]: PostsRepositoryTest does not declare any static, non-private, non-final, nested classes annotated with @Configuration.
2021-05-12 16:21:34.413  INFO 41696 --- [    Test worker] .b.t.c.SpringBootTestContextBootstrapper : Found @SpringBootConfiguration com.bst_aws.springboot.Application for test class com.bst_aws.springboot.domain.posts.PostsRepositoryTest
2021-05-12 16:21:34.419  INFO 41696 --- [    Test worker] .b.t.c.SpringBootTestContextBootstrapper : Loaded default TestExecutionListener class names from location [META-INF/spring.factories]: [org.springframework.security.test.context.support.WithSecurityContextTestExecutionListener, org.springframework.security.test.context.support.ReactorContextTestExecutionListener, org.springframework.boot.test.autoconfigure.restdocs.RestDocsTestExecutionListener, org.springframework.boot.test.autoconfigure.web.client.MockRestServiceServerResetTestExecutionListener, org.springframework.boot.test.autoconfigure.web.servlet.MockMvcPrintOnlyOnFailureTestExecutionListener, org.springframework.boot.test.autoconfigure.web.servlet.WebDriverTestExecutionListener, org.springframework.boot.test.mock.mockito.MockitoTestExecutionListener, org.springframework.boot.test.mock.mockito.ResetMocksTestExecutionListener, org.springframework.test.context.web.ServletTestExecutionListener, org.springframework.test.context.support.DirtiesContextBeforeModesTestExecutionListener, org.springframework.test.context.support.DependencyInjectionTestExecutionListener, org.springframework.test.context.support.DirtiesContextTestExecutionListener, org.springframework.test.context.transaction.TransactionalTestExecutionListener, org.springframework.test.context.jdbc.SqlScriptsTestExecutionListener]
2021-05-12 16:21:34.422  INFO 41696 --- [    Test worker] .b.t.c.SpringBootTestContextBootstrapper : Using TestExecutionListeners: [org.springframework.test.context.web.ServletTestExecutionListener@35a3b251, org.springframework.test.context.support.DirtiesContextBeforeModesTestExecutionListener@3acade7d, org.springframework.boot.test.mock.mockito.MockitoTestExecutionListener@6c1eb9b1, org.springframework.boot.test.autoconfigure.SpringBootDependencyInjectionTestExecutionListener@7c179b4b, org.springframework.test.context.support.DirtiesContextTestExecutionListener@540e8fa2, org.springframework.test.context.transaction.TransactionalTestExecutionListener@38db9a68, org.springframework.test.context.jdbc.SqlScriptsTestExecutionListener@21117ff3, org.springframework.security.test.context.support.WithSecurityContextTestExecutionListener@619c7559, org.springframework.security.test.context.support.ReactorContextTestExecutionListener@414f9557, org.springframework.boot.test.autoconfigure.restdocs.RestDocsTestExecutionListener@25a35fcc, org.springframework.boot.test.autoconfigure.web.client.MockRestServiceServerResetTestExecutionListener@fe7526c, org.springframework.boot.test.autoconfigure.web.servlet.MockMvcPrintOnlyOnFailureTestExecutionListener@d53c874, org.springframework.boot.test.autoconfigure.web.servlet.WebDriverTestExecutionListener@300b01a4, org.springframework.boot.test.mock.mockito.ResetMocksTestExecutionListener@f697556]
Hibernate: insert into posts (created_date, modified_date, author, content, title) values (?, ?, ?, ?, ?)
Hibernate: select posts0_.id as id1_4_, posts0_.created_date as created_2_4_, posts0_.modified_date as modified3_4_, posts0_.author as author4_4_, posts0_.content as content5_4_, posts0_.title as title6_4_ from posts posts0_
Hibernate: select posts0_.id as id1_4_, posts0_.created_date as created_2_4_, posts0_.modified_date as modified3_4_, posts0_.author as author4_4_, posts0_.content as content5_4_, posts0_.title as title6_4_ from posts posts0_
Hibernate: delete from posts where id=?
Hibernate: insert into posts (created_date, modified_date, author, content, title) values (?, ?, ?, ?, ?)
Hibernate: select posts0_.id as id1_4_, posts0_.created_date as created_2_4_, posts0_.modified_date as modified3_4_, posts0_.author as author4_4_, posts0_.content as content5_4_, posts0_.title as title6_4_ from posts posts0_
>>>>>>>>> createDate=2021-05-12T16:21:34.472, modifiedDate=2021-05-12T16:21:34.472
Hibernate: select posts0_.id as id1_4_, posts0_.created_date as created_2_4_, posts0_.modified_date as modified3_4_, posts0_.author as author4_4_, posts0_.content as content5_4_, posts0_.title as title6_4_ from posts posts0_
Hibernate: delete from posts where id=?
]]></system-out>
  <system-err><![CDATA[]]></system-err>
</testsuite>
