<?xml version="1.0" encoding="UTF-8"?>
<testsuite name="com.bst_aws.springboot.web.PostsApiControllerTest" tests="2" skipped="0" failures="0" errors="0" timestamp="2021-06-01T14:42:21" hostname="LAPTOP-OPVE6PBK" time="0.084">
  <properties/>
  <testcase name="Posts_등록된다" classname="com.bst_aws.springboot.web.PostsApiControllerTest" time="0.045"/>
  <testcase name="Posts_수정된다" classname="com.bst_aws.springboot.web.PostsApiControllerTest" time="0.038"/>
  <system-out><![CDATA[2021-06-01 23:42:21.276  INFO 18852 --- [    Test worker] .b.t.c.SpringBootTestContextBootstrapper : Neither @ContextConfiguration nor @ContextHierarchy found for test class [com.bst_aws.springboot.web.PostsApiControllerTest], using SpringBootContextLoader
2021-06-01 23:42:21.277  INFO 18852 --- [    Test worker] o.s.t.c.support.AbstractContextLoader    : Could not detect default resource locations for test class [com.bst_aws.springboot.web.PostsApiControllerTest]: no resource found for suffixes {-context.xml, Context.groovy}.
2021-06-01 23:42:21.277  INFO 18852 --- [    Test worker] t.c.s.AnnotationConfigContextLoaderUtils : Could not detect default configuration classes for test class [com.bst_aws.springboot.web.PostsApiControllerTest]: PostsApiControllerTest does not declare any static, non-private, non-final, nested classes annotated with @Configuration.
2021-06-01 23:42:21.284  INFO 18852 --- [    Test worker] .b.t.c.SpringBootTestContextBootstrapper : Found @SpringBootConfiguration com.bst_aws.springboot.Application for test class com.bst_aws.springboot.web.PostsApiControllerTest
2021-06-01 23:42:21.287  INFO 18852 --- [    Test worker] .b.t.c.SpringBootTestContextBootstrapper : Loaded default TestExecutionListener class names from location [META-INF/spring.factories]: [org.springframework.security.test.context.support.WithSecurityContextTestExecutionListener, org.springframework.security.test.context.support.ReactorContextTestExecutionListener, org.springframework.boot.test.autoconfigure.restdocs.RestDocsTestExecutionListener, org.springframework.boot.test.autoconfigure.web.client.MockRestServiceServerResetTestExecutionListener, org.springframework.boot.test.autoconfigure.web.servlet.MockMvcPrintOnlyOnFailureTestExecutionListener, org.springframework.boot.test.autoconfigure.web.servlet.WebDriverTestExecutionListener, org.springframework.boot.test.mock.mockito.MockitoTestExecutionListener, org.springframework.boot.test.mock.mockito.ResetMocksTestExecutionListener, org.springframework.test.context.web.ServletTestExecutionListener, org.springframework.test.context.support.DirtiesContextBeforeModesTestExecutionListener, org.springframework.test.context.support.DependencyInjectionTestExecutionListener, org.springframework.test.context.support.DirtiesContextTestExecutionListener, org.springframework.test.context.transaction.TransactionalTestExecutionListener, org.springframework.test.context.jdbc.SqlScriptsTestExecutionListener]
2021-06-01 23:42:21.290  INFO 18852 --- [    Test worker] .b.t.c.SpringBootTestContextBootstrapper : Using TestExecutionListeners: [org.springframework.test.context.web.ServletTestExecutionListener@2b5d54d, org.springframework.test.context.support.DirtiesContextBeforeModesTestExecutionListener@76be5beb, org.springframework.boot.test.mock.mockito.MockitoTestExecutionListener@12cc0d1b, org.springframework.boot.test.autoconfigure.SpringBootDependencyInjectionTestExecutionListener@17287296, org.springframework.test.context.support.DirtiesContextTestExecutionListener@3b1bc283, org.springframework.test.context.transaction.TransactionalTestExecutionListener@3ffeb708, org.springframework.test.context.jdbc.SqlScriptsTestExecutionListener@4da8c139, org.springframework.security.test.context.support.WithSecurityContextTestExecutionListener@19c0a6d8, org.springframework.security.test.context.support.ReactorContextTestExecutionListener@7caa70b9, org.springframework.boot.test.autoconfigure.restdocs.RestDocsTestExecutionListener@3626ced3, org.springframework.boot.test.autoconfigure.web.client.MockRestServiceServerResetTestExecutionListener@3d0c7027, org.springframework.boot.test.autoconfigure.web.servlet.MockMvcPrintOnlyOnFailureTestExecutionListener@21e6e738, org.springframework.boot.test.autoconfigure.web.servlet.WebDriverTestExecutionListener@ee67405, org.springframework.boot.test.mock.mockito.ResetMocksTestExecutionListener@e36735c]
2021-06-01 23:42:21.298  INFO 18852 --- [    Test worker] o.a.c.c.C.[Tomcat].[localhost].[/]       : Initializing Spring TestDispatcherServlet ''
2021-06-01 23:42:21.299  INFO 18852 --- [    Test worker] o.s.t.web.servlet.TestDispatcherServlet  : Initializing Servlet ''
2021-06-01 23:42:21.303  INFO 18852 --- [    Test worker] o.s.t.web.servlet.TestDispatcherServlet  : Completed initialization in 4 ms
Hibernate: insert into posts (created_date, modified_date, author, content, title) values (?, ?, ?, ?, ?)
Hibernate: select posts0_.id as id1_3_, posts0_.created_date as created_2_3_, posts0_.modified_date as modified3_3_, posts0_.author as author4_3_, posts0_.content as content5_3_, posts0_.title as title6_3_ from posts posts0_
Hibernate: select posts0_.id as id1_3_, posts0_.created_date as created_2_3_, posts0_.modified_date as modified3_3_, posts0_.author as author4_3_, posts0_.content as content5_3_, posts0_.title as title6_3_ from posts posts0_
Hibernate: delete from posts where id=?
2021-06-01 23:42:21.342  INFO 18852 --- [    Test worker] o.a.c.c.C.[Tomcat].[localhost].[/]       : Initializing Spring TestDispatcherServlet ''
2021-06-01 23:42:21.342  INFO 18852 --- [    Test worker] o.s.t.web.servlet.TestDispatcherServlet  : Initializing Servlet ''
2021-06-01 23:42:21.345  INFO 18852 --- [    Test worker] o.s.t.web.servlet.TestDispatcherServlet  : Completed initialization in 3 ms
Hibernate: insert into posts (created_date, modified_date, author, content, title) values (?, ?, ?, ?, ?)
Hibernate: select posts0_.id as id1_3_0_, posts0_.created_date as created_2_3_0_, posts0_.modified_date as modified3_3_0_, posts0_.author as author4_3_0_, posts0_.content as content5_3_0_, posts0_.title as title6_3_0_ from posts posts0_ where posts0_.id=?
Hibernate: update posts set created_date=?, modified_date=?, author=?, content=?, title=? where id=?
Hibernate: select posts0_.id as id1_3_, posts0_.created_date as created_2_3_, posts0_.modified_date as modified3_3_, posts0_.author as author4_3_, posts0_.content as content5_3_, posts0_.title as title6_3_ from posts posts0_
Hibernate: select posts0_.id as id1_3_, posts0_.created_date as created_2_3_, posts0_.modified_date as modified3_3_, posts0_.author as author4_3_, posts0_.content as content5_3_, posts0_.title as title6_3_ from posts posts0_
Hibernate: delete from posts where id=?
]]></system-out>
  <system-err><![CDATA[]]></system-err>
</testsuite>
