<?xml version="1.0" encoding="UTF-8"?>
<testsuite name="com.bst_aws.springboot.web.LessonApiControllerTest" tests="1" skipped="0" failures="0" errors="0" timestamp="2021-04-15T12:21:54" hostname="LAPTOP-OPVE6PBK" time="0.034">
  <properties/>
  <testcase name="Lesson_등록된다" classname="com.bst_aws.springboot.web.LessonApiControllerTest" time="0.034"/>
  <system-out><![CDATA[2021-04-15 21:21:54.341  INFO 16292 --- [    Test worker] .b.t.c.SpringBootTestContextBootstrapper : Neither @ContextConfiguration nor @ContextHierarchy found for test class [com.bst_aws.springboot.web.LessonApiControllerTest], using SpringBootContextLoader
2021-04-15 21:21:54.343  INFO 16292 --- [    Test worker] o.s.t.c.support.AbstractContextLoader    : Could not detect default resource locations for test class [com.bst_aws.springboot.web.LessonApiControllerTest]: no resource found for suffixes {-context.xml, Context.groovy}.
2021-04-15 21:21:54.343  INFO 16292 --- [    Test worker] t.c.s.AnnotationConfigContextLoaderUtils : Could not detect default configuration classes for test class [com.bst_aws.springboot.web.LessonApiControllerTest]: LessonApiControllerTest does not declare any static, non-private, non-final, nested classes annotated with @Configuration.
2021-04-15 21:21:54.345  INFO 16292 --- [    Test worker] .b.t.c.SpringBootTestContextBootstrapper : Found @SpringBootConfiguration com.bst_aws.springboot.Application for test class com.bst_aws.springboot.web.LessonApiControllerTest
2021-04-15 21:21:54.347  INFO 16292 --- [    Test worker] .b.t.c.SpringBootTestContextBootstrapper : Loaded default TestExecutionListener class names from location [META-INF/spring.factories]: [org.springframework.security.test.context.support.WithSecurityContextTestExecutionListener, org.springframework.security.test.context.support.ReactorContextTestExecutionListener, org.springframework.boot.test.autoconfigure.restdocs.RestDocsTestExecutionListener, org.springframework.boot.test.autoconfigure.web.client.MockRestServiceServerResetTestExecutionListener, org.springframework.boot.test.autoconfigure.web.servlet.MockMvcPrintOnlyOnFailureTestExecutionListener, org.springframework.boot.test.autoconfigure.web.servlet.WebDriverTestExecutionListener, org.springframework.boot.test.mock.mockito.MockitoTestExecutionListener, org.springframework.boot.test.mock.mockito.ResetMocksTestExecutionListener, org.springframework.test.context.web.ServletTestExecutionListener, org.springframework.test.context.support.DirtiesContextBeforeModesTestExecutionListener, org.springframework.test.context.support.DependencyInjectionTestExecutionListener, org.springframework.test.context.support.DirtiesContextTestExecutionListener, org.springframework.test.context.transaction.TransactionalTestExecutionListener, org.springframework.test.context.jdbc.SqlScriptsTestExecutionListener]
2021-04-15 21:21:54.348  INFO 16292 --- [    Test worker] .b.t.c.SpringBootTestContextBootstrapper : Using TestExecutionListeners: [org.springframework.test.context.web.ServletTestExecutionListener@17c786f, org.springframework.test.context.support.DirtiesContextBeforeModesTestExecutionListener@77f641ab, org.springframework.boot.test.mock.mockito.MockitoTestExecutionListener@61fb9469, org.springframework.boot.test.autoconfigure.SpringBootDependencyInjectionTestExecutionListener@7b7de7ba, org.springframework.test.context.support.DirtiesContextTestExecutionListener@19a057ba, org.springframework.test.context.transaction.TransactionalTestExecutionListener@5c1eb63c, org.springframework.test.context.jdbc.SqlScriptsTestExecutionListener@61fb390a, org.springframework.security.test.context.support.WithSecurityContextTestExecutionListener@752f52b8, org.springframework.security.test.context.support.ReactorContextTestExecutionListener@6e29c620, org.springframework.boot.test.autoconfigure.restdocs.RestDocsTestExecutionListener@472f328f, org.springframework.boot.test.autoconfigure.web.client.MockRestServiceServerResetTestExecutionListener@7f247009, org.springframework.boot.test.autoconfigure.web.servlet.MockMvcPrintOnlyOnFailureTestExecutionListener@709147c7, org.springframework.boot.test.autoconfigure.web.servlet.WebDriverTestExecutionListener@50a98733, org.springframework.boot.test.mock.mockito.ResetMocksTestExecutionListener@6eac6ce3]
2021-04-15 21:21:54.354  INFO 16292 --- [    Test worker] o.a.c.c.C.[Tomcat].[localhost].[/]       : Initializing Spring TestDispatcherServlet ''
2021-04-15 21:21:54.354  INFO 16292 --- [    Test worker] o.s.t.web.servlet.TestDispatcherServlet  : Initializing Servlet ''
2021-04-15 21:21:54.356  INFO 16292 --- [    Test worker] o.s.t.web.servlet.TestDispatcherServlet  : Completed initialization in 2 ms
Hibernate: insert into lesson (created_date, modified_date, address, district, e, info, n, name, web) values (?, ?, ?, ?, ?, ?, ?, ?, ?)
Hibernate: select lesson0_.id as id1_2_, lesson0_.created_date as created_2_2_, lesson0_.modified_date as modified3_2_, lesson0_.address as address4_2_, lesson0_.district as district5_2_, lesson0_.e as e6_2_, lesson0_.info as info7_2_, lesson0_.n as n8_2_, lesson0_.name as name9_2_, lesson0_.web as web10_2_ from lesson lesson0_
Hibernate: select lesson0_.id as id1_2_, lesson0_.created_date as created_2_2_, lesson0_.modified_date as modified3_2_, lesson0_.address as address4_2_, lesson0_.district as district5_2_, lesson0_.e as e6_2_, lesson0_.info as info7_2_, lesson0_.n as n8_2_, lesson0_.name as name9_2_, lesson0_.web as web10_2_ from lesson lesson0_
Hibernate: delete from lesson where id=?
]]></system-out>
  <system-err><![CDATA[]]></system-err>
</testsuite>
