<?xml version="1.0" encoding="UTF-8"?>
<testsuite name="com.bst_aws.springboot.web.LessonApiControllerTest" tests="1" skipped="0" failures="0" errors="0" timestamp="2021-04-22T13:48:45" hostname="LAPTOP-OPVE6PBK" time="0.04">
  <properties/>
  <testcase name="Lesson_등록된다" classname="com.bst_aws.springboot.web.LessonApiControllerTest" time="0.04"/>
  <system-out><![CDATA[2021-04-22 22:48:45.476  INFO 29280 --- [    Test worker] .b.t.c.SpringBootTestContextBootstrapper : Neither @ContextConfiguration nor @ContextHierarchy found for test class [com.bst_aws.springboot.web.LessonApiControllerTest], using SpringBootContextLoader
2021-04-22 22:48:45.477  INFO 29280 --- [    Test worker] o.s.t.c.support.AbstractContextLoader    : Could not detect default resource locations for test class [com.bst_aws.springboot.web.LessonApiControllerTest]: no resource found for suffixes {-context.xml, Context.groovy}.
2021-04-22 22:48:45.478  INFO 29280 --- [    Test worker] t.c.s.AnnotationConfigContextLoaderUtils : Could not detect default configuration classes for test class [com.bst_aws.springboot.web.LessonApiControllerTest]: LessonApiControllerTest does not declare any static, non-private, non-final, nested classes annotated with @Configuration.
2021-04-22 22:48:45.480  INFO 29280 --- [    Test worker] .b.t.c.SpringBootTestContextBootstrapper : Found @SpringBootConfiguration com.bst_aws.springboot.Application for test class com.bst_aws.springboot.web.LessonApiControllerTest
2021-04-22 22:48:45.482  INFO 29280 --- [    Test worker] .b.t.c.SpringBootTestContextBootstrapper : Loaded default TestExecutionListener class names from location [META-INF/spring.factories]: [org.springframework.security.test.context.support.WithSecurityContextTestExecutionListener, org.springframework.security.test.context.support.ReactorContextTestExecutionListener, org.springframework.boot.test.autoconfigure.restdocs.RestDocsTestExecutionListener, org.springframework.boot.test.autoconfigure.web.client.MockRestServiceServerResetTestExecutionListener, org.springframework.boot.test.autoconfigure.web.servlet.MockMvcPrintOnlyOnFailureTestExecutionListener, org.springframework.boot.test.autoconfigure.web.servlet.WebDriverTestExecutionListener, org.springframework.boot.test.mock.mockito.MockitoTestExecutionListener, org.springframework.boot.test.mock.mockito.ResetMocksTestExecutionListener, org.springframework.test.context.web.ServletTestExecutionListener, org.springframework.test.context.support.DirtiesContextBeforeModesTestExecutionListener, org.springframework.test.context.support.DependencyInjectionTestExecutionListener, org.springframework.test.context.support.DirtiesContextTestExecutionListener, org.springframework.test.context.transaction.TransactionalTestExecutionListener, org.springframework.test.context.jdbc.SqlScriptsTestExecutionListener]
2021-04-22 22:48:45.484  INFO 29280 --- [    Test worker] .b.t.c.SpringBootTestContextBootstrapper : Using TestExecutionListeners: [org.springframework.test.context.web.ServletTestExecutionListener@19c696c8, org.springframework.test.context.support.DirtiesContextBeforeModesTestExecutionListener@5284f58d, org.springframework.boot.test.mock.mockito.MockitoTestExecutionListener@16295195, org.springframework.boot.test.autoconfigure.SpringBootDependencyInjectionTestExecutionListener@11c422f, org.springframework.test.context.support.DirtiesContextTestExecutionListener@2c41e412, org.springframework.test.context.transaction.TransactionalTestExecutionListener@599c548a, org.springframework.test.context.jdbc.SqlScriptsTestExecutionListener@56513d5, org.springframework.security.test.context.support.WithSecurityContextTestExecutionListener@668b346c, org.springframework.security.test.context.support.ReactorContextTestExecutionListener@45c92ddb, org.springframework.boot.test.autoconfigure.restdocs.RestDocsTestExecutionListener@7eca19ec, org.springframework.boot.test.autoconfigure.web.client.MockRestServiceServerResetTestExecutionListener@539c565b, org.springframework.boot.test.autoconfigure.web.servlet.MockMvcPrintOnlyOnFailureTestExecutionListener@6c8b3010, org.springframework.boot.test.autoconfigure.web.servlet.WebDriverTestExecutionListener@60207faf, org.springframework.boot.test.mock.mockito.ResetMocksTestExecutionListener@4e0b1f3e]
2021-04-22 22:48:45.495  INFO 29280 --- [    Test worker] o.a.c.c.C.[Tomcat].[localhost].[/]       : Initializing Spring TestDispatcherServlet ''
2021-04-22 22:48:45.496  INFO 29280 --- [    Test worker] o.s.t.web.servlet.TestDispatcherServlet  : Initializing Servlet ''
2021-04-22 22:48:45.500  INFO 29280 --- [    Test worker] o.s.t.web.servlet.TestDispatcherServlet  : Completed initialization in 4 ms
Hibernate: insert into lesson (created_date, modified_date, address, district, e, info, n, name, web) values (?, ?, ?, ?, ?, ?, ?, ?, ?)
Hibernate: select lesson0_.id as id1_2_, lesson0_.created_date as created_2_2_, lesson0_.modified_date as modified3_2_, lesson0_.address as address4_2_, lesson0_.district as district5_2_, lesson0_.e as e6_2_, lesson0_.info as info7_2_, lesson0_.n as n8_2_, lesson0_.name as name9_2_, lesson0_.web as web10_2_ from lesson lesson0_
Hibernate: select lesson0_.id as id1_2_, lesson0_.created_date as created_2_2_, lesson0_.modified_date as modified3_2_, lesson0_.address as address4_2_, lesson0_.district as district5_2_, lesson0_.e as e6_2_, lesson0_.info as info7_2_, lesson0_.n as n8_2_, lesson0_.name as name9_2_, lesson0_.web as web10_2_ from lesson lesson0_
Hibernate: delete from lesson where id=?
]]></system-out>
  <system-err><![CDATA[]]></system-err>
</testsuite>
