<?xml version="1.0" encoding="UTF-8"?>
<testsuite name="com.bst_aws.springboot.domain.posts.VCountRepositoryTest" tests="3" skipped="0" failures="0" errors="0" timestamp="2021-06-01T14:42:20" hostname="LAPTOP-OPVE6PBK" time="0.181">
  <properties/>
  <testcase name="saveOrUpdate_테스트" classname="com.bst_aws.springboot.domain.posts.VCountRepositoryTest" time="0.124"/>
  <testcase name="방문자수저장_불러오기" classname="com.bst_aws.springboot.domain.posts.VCountRepositoryTest" time="0.016"/>
  <testcase name="이미생성됐는지_확인_date_email" classname="com.bst_aws.springboot.domain.posts.VCountRepositoryTest" time="0.038"/>
  <system-out><![CDATA[2021-06-01 23:42:20.899  INFO 18852 --- [    Test worker] .b.t.c.SpringBootTestContextBootstrapper : Neither @ContextConfiguration nor @ContextHierarchy found for test class [com.bst_aws.springboot.domain.posts.VCountRepositoryTest], using SpringBootContextLoader
2021-06-01 23:42:20.902  INFO 18852 --- [    Test worker] o.s.t.c.support.AbstractContextLoader    : Could not detect default resource locations for test class [com.bst_aws.springboot.domain.posts.VCountRepositoryTest]: no resource found for suffixes {-context.xml, Context.groovy}.
2021-06-01 23:42:20.903  INFO 18852 --- [    Test worker] t.c.s.AnnotationConfigContextLoaderUtils : Could not detect default configuration classes for test class [com.bst_aws.springboot.domain.posts.VCountRepositoryTest]: VCountRepositoryTest does not declare any static, non-private, non-final, nested classes annotated with @Configuration.
2021-06-01 23:42:20.906  INFO 18852 --- [    Test worker] .b.t.c.SpringBootTestContextBootstrapper : Found @SpringBootConfiguration com.bst_aws.springboot.Application for test class com.bst_aws.springboot.domain.posts.VCountRepositoryTest
2021-06-01 23:42:20.910  INFO 18852 --- [    Test worker] .b.t.c.SpringBootTestContextBootstrapper : Loaded default TestExecutionListener class names from location [META-INF/spring.factories]: [org.springframework.security.test.context.support.WithSecurityContextTestExecutionListener, org.springframework.security.test.context.support.ReactorContextTestExecutionListener, org.springframework.boot.test.autoconfigure.restdocs.RestDocsTestExecutionListener, org.springframework.boot.test.autoconfigure.web.client.MockRestServiceServerResetTestExecutionListener, org.springframework.boot.test.autoconfigure.web.servlet.MockMvcPrintOnlyOnFailureTestExecutionListener, org.springframework.boot.test.autoconfigure.web.servlet.WebDriverTestExecutionListener, org.springframework.boot.test.mock.mockito.MockitoTestExecutionListener, org.springframework.boot.test.mock.mockito.ResetMocksTestExecutionListener, org.springframework.test.context.web.ServletTestExecutionListener, org.springframework.test.context.support.DirtiesContextBeforeModesTestExecutionListener, org.springframework.test.context.support.DependencyInjectionTestExecutionListener, org.springframework.test.context.support.DirtiesContextTestExecutionListener, org.springframework.test.context.transaction.TransactionalTestExecutionListener, org.springframework.test.context.jdbc.SqlScriptsTestExecutionListener]
2021-06-01 23:42:20.913  INFO 18852 --- [    Test worker] .b.t.c.SpringBootTestContextBootstrapper : Using TestExecutionListeners: [org.springframework.test.context.web.ServletTestExecutionListener@7a5c8a44, org.springframework.test.context.support.DirtiesContextBeforeModesTestExecutionListener@251c1c14, org.springframework.boot.test.mock.mockito.MockitoTestExecutionListener@57437b1e, org.springframework.boot.test.autoconfigure.SpringBootDependencyInjectionTestExecutionListener@304697dd, org.springframework.test.context.support.DirtiesContextTestExecutionListener@2ed6353b, org.springframework.test.context.transaction.TransactionalTestExecutionListener@6bef6049, org.springframework.test.context.jdbc.SqlScriptsTestExecutionListener@27b87da1, org.springframework.security.test.context.support.WithSecurityContextTestExecutionListener@2344eef4, org.springframework.security.test.context.support.ReactorContextTestExecutionListener@3c24684a, org.springframework.boot.test.autoconfigure.restdocs.RestDocsTestExecutionListener@2cd9baaf, org.springframework.boot.test.autoconfigure.web.client.MockRestServiceServerResetTestExecutionListener@48e88fe0, org.springframework.boot.test.autoconfigure.web.servlet.MockMvcPrintOnlyOnFailureTestExecutionListener@4c5feb47, org.springframework.boot.test.autoconfigure.web.servlet.WebDriverTestExecutionListener@53a6bcbe, org.springframework.boot.test.mock.mockito.ResetMocksTestExecutionListener@32cb68a7]
Hibernate: insert into vcount (created_date, modified_date, count, user_email, visited_date) values (?, ?, ?, ?, ?)
Hibernate: select vcount0_.id as id1_5_, vcount0_.created_date as created_2_5_, vcount0_.modified_date as modified3_5_, vcount0_.count as count4_5_, vcount0_.user_email as user_ema5_5_, vcount0_.visited_date as visited_6_5_ from vcount vcount0_ where (vcount0_.visited_date like ? escape ?) and (vcount0_.user_email is null)
Hibernate: insert into vcount (created_date, modified_date, count, user_email, visited_date) values (?, ?, ?, ?, ?)
Hibernate: select vcount0_.id as id1_5_, vcount0_.created_date as created_2_5_, vcount0_.modified_date as modified3_5_, vcount0_.count as count4_5_, vcount0_.user_email as user_ema5_5_, vcount0_.visited_date as visited_6_5_ from vcount vcount0_ order by vcount0_.created_date desc
Hibernate: select vcount0_.id as id1_5_, vcount0_.created_date as created_2_5_, vcount0_.modified_date as modified3_5_, vcount0_.count as count4_5_, vcount0_.user_email as user_ema5_5_, vcount0_.visited_date as visited_6_5_ from vcount vcount0_
Hibernate: delete from vcount where id=?
Hibernate: delete from vcount where id=?
Hibernate: insert into vcount (created_date, modified_date, count, user_email, visited_date) values (?, ?, ?, ?, ?)
Hibernate: select vcount0_.id as id1_5_, vcount0_.created_date as created_2_5_, vcount0_.modified_date as modified3_5_, vcount0_.count as count4_5_, vcount0_.user_email as user_ema5_5_, vcount0_.visited_date as visited_6_5_ from vcount vcount0_ order by vcount0_.created_date desc
Hibernate: select vcount0_.id as id1_5_, vcount0_.created_date as created_2_5_, vcount0_.modified_date as modified3_5_, vcount0_.count as count4_5_, vcount0_.user_email as user_ema5_5_, vcount0_.visited_date as visited_6_5_ from vcount vcount0_
Hibernate: delete from vcount where id=?
Hibernate: insert into vcount (created_date, modified_date, count, user_email, visited_date) values (?, ?, ?, ?, ?)
Hibernate: insert into vcount (created_date, modified_date, count, user_email, visited_date) values (?, ?, ?, ?, ?)
Hibernate: select vcount0_.id as col_0_0_ from vcount vcount0_ where (vcount0_.visited_date like ? escape ?) and vcount0_.user_email=? limit ?
Hibernate: select vcount0_.id as col_0_0_ from vcount vcount0_ where (vcount0_.visited_date like ? escape ?) and (vcount0_.user_email is null) limit ?
Hibernate: select vcount0_.id as col_0_0_ from vcount vcount0_ where (vcount0_.visited_date like ? escape ?) and vcount0_.user_email=? limit ?
Hibernate: select vcount0_.id as col_0_0_ from vcount vcount0_ where (vcount0_.visited_date like ? escape ?) and (vcount0_.user_email is null) limit ?
Hibernate: select vcount0_.id as id1_5_, vcount0_.created_date as created_2_5_, vcount0_.modified_date as modified3_5_, vcount0_.count as count4_5_, vcount0_.user_email as user_ema5_5_, vcount0_.visited_date as visited_6_5_ from vcount vcount0_
Hibernate: delete from vcount where id=?
Hibernate: delete from vcount where id=?
]]></system-out>
  <system-err><![CDATA[]]></system-err>
</testsuite>
