<?xml version="1.0" encoding="UTF-8"?>
<testsuite name="com.bst_aws.springboot.domain.posts.LessonRepositoryTest" tests="1" skipped="0" failures="0" errors="0" timestamp="2021-03-29T12:09:07" hostname="LAPTOP-OPVE6PBK" time="0.028">
  <properties/>
  <testcase name="레슨저장_불러오기" classname="com.bst_aws.springboot.domain.posts.LessonRepositoryTest" time="0.028"/>
  <system-out><![CDATA[2021-03-29 21:09:07.715  INFO 20716 --- [    Test worker] .b.t.c.SpringBootTestContextBootstrapper : Neither @ContextConfiguration nor @ContextHierarchy found for test class [com.bst_aws.springboot.domain.posts.LessonRepositoryTest], using SpringBootContextLoader
2021-03-29 21:09:07.717  INFO 20716 --- [    Test worker] o.s.t.c.support.AbstractContextLoader    : Could not detect default resource locations for test class [com.bst_aws.springboot.domain.posts.LessonRepositoryTest]: no resource found for suffixes {-context.xml, Context.groovy}.
2021-03-29 21:09:07.717  INFO 20716 --- [    Test worker] t.c.s.AnnotationConfigContextLoaderUtils : Could not detect default configuration classes for test class [com.bst_aws.springboot.domain.posts.LessonRepositoryTest]: LessonRepositoryTest does not declare any static, non-private, non-final, nested classes annotated with @Configuration.
2021-03-29 21:09:07.720  INFO 20716 --- [    Test worker] .b.t.c.SpringBootTestContextBootstrapper : Found @SpringBootConfiguration com.bst_aws.springboot.Application for test class com.bst_aws.springboot.domain.posts.LessonRepositoryTest
2021-03-29 21:09:07.723  INFO 20716 --- [    Test worker] .b.t.c.SpringBootTestContextBootstrapper : Loaded default TestExecutionListener class names from location [META-INF/spring.factories]: [org.springframework.security.test.context.support.WithSecurityContextTestExecutionListener, org.springframework.security.test.context.support.ReactorContextTestExecutionListener, org.springframework.boot.test.autoconfigure.restdocs.RestDocsTestExecutionListener, org.springframework.boot.test.autoconfigure.web.client.MockRestServiceServerResetTestExecutionListener, org.springframework.boot.test.autoconfigure.web.servlet.MockMvcPrintOnlyOnFailureTestExecutionListener, org.springframework.boot.test.autoconfigure.web.servlet.WebDriverTestExecutionListener, org.springframework.boot.test.mock.mockito.MockitoTestExecutionListener, org.springframework.boot.test.mock.mockito.ResetMocksTestExecutionListener, org.springframework.test.context.web.ServletTestExecutionListener, org.springframework.test.context.support.DirtiesContextBeforeModesTestExecutionListener, org.springframework.test.context.support.DependencyInjectionTestExecutionListener, org.springframework.test.context.support.DirtiesContextTestExecutionListener, org.springframework.test.context.transaction.TransactionalTestExecutionListener, org.springframework.test.context.jdbc.SqlScriptsTestExecutionListener]
2021-03-29 21:09:07.725  INFO 20716 --- [    Test worker] .b.t.c.SpringBootTestContextBootstrapper : Using TestExecutionListeners: [org.springframework.test.context.web.ServletTestExecutionListener@b494019, org.springframework.test.context.support.DirtiesContextBeforeModesTestExecutionListener@3fb7eb62, org.springframework.boot.test.mock.mockito.MockitoTestExecutionListener@ffdae8e, org.springframework.boot.test.autoconfigure.SpringBootDependencyInjectionTestExecutionListener@6bde41a9, org.springframework.test.context.support.DirtiesContextTestExecutionListener@2a569d43, org.springframework.test.context.transaction.TransactionalTestExecutionListener@2aba8f90, org.springframework.test.context.jdbc.SqlScriptsTestExecutionListener@4851dd97, org.springframework.security.test.context.support.WithSecurityContextTestExecutionListener@519b0e3d, org.springframework.security.test.context.support.ReactorContextTestExecutionListener@4fb93dc8, org.springframework.boot.test.autoconfigure.restdocs.RestDocsTestExecutionListener@3181eda0, org.springframework.boot.test.autoconfigure.web.client.MockRestServiceServerResetTestExecutionListener@77fa3362, org.springframework.boot.test.autoconfigure.web.servlet.MockMvcPrintOnlyOnFailureTestExecutionListener@7e992146, org.springframework.boot.test.autoconfigure.web.servlet.WebDriverTestExecutionListener@78c80420, org.springframework.boot.test.mock.mockito.ResetMocksTestExecutionListener@461a0a74]
Hibernate: insert into lesson (created_date, modified_date, address, district, e, info, n, name, web) values (?, ?, ?, ?, ?, ?, ?, ?, ?)
Hibernate: select lesson0_.id as id1_1_, lesson0_.created_date as created_2_1_, lesson0_.modified_date as modified3_1_, lesson0_.address as address4_1_, lesson0_.district as district5_1_, lesson0_.e as e6_1_, lesson0_.info as info7_1_, lesson0_.n as n8_1_, lesson0_.name as name9_1_, lesson0_.web as web10_1_ from lesson lesson0_
Hibernate: select lesson0_.id as id1_1_, lesson0_.created_date as created_2_1_, lesson0_.modified_date as modified3_1_, lesson0_.address as address4_1_, lesson0_.district as district5_1_, lesson0_.e as e6_1_, lesson0_.info as info7_1_, lesson0_.n as n8_1_, lesson0_.name as name9_1_, lesson0_.web as web10_1_ from lesson lesson0_
Hibernate: delete from lesson where id=?
]]></system-out>
  <system-err><![CDATA[]]></system-err>
</testsuite>
