<?xml version="1.0" encoding="UTF-8"?>
<testsuite name="com.bst_aws.springboot.domain.posts.PostRepositoryTest" tests="2" skipped="0" failures="0" errors="0" timestamp="2021-06-01T14:42:20" hostname="LAPTOP-OPVE6PBK" time="0.138">
  <properties/>
  <testcase name="BaseTimeEntity_등록_불러오기" classname="com.bst_aws.springboot.domain.posts.PostRepositoryTest" time="0.102"/>
  <testcase name="post_저장되었는지_불러오기" classname="com.bst_aws.springboot.domain.posts.PostRepositoryTest" time="0.035"/>
  <system-out><![CDATA[2021-06-01 23:42:20.580  INFO 18852 --- [    Test worker] .b.t.c.SpringBootTestContextBootstrapper : Neither @ContextConfiguration nor @ContextHierarchy found for test class [com.bst_aws.springboot.domain.posts.PostRepositoryTest], using SpringBootContextLoader
2021-06-01 23:42:20.585  INFO 18852 --- [    Test worker] o.s.t.c.support.AbstractContextLoader    : Could not detect default resource locations for test class [com.bst_aws.springboot.domain.posts.PostRepositoryTest]: no resource found for suffixes {-context.xml, Context.groovy}.
2021-06-01 23:42:20.586  INFO 18852 --- [    Test worker] t.c.s.AnnotationConfigContextLoaderUtils : Could not detect default configuration classes for test class [com.bst_aws.springboot.domain.posts.PostRepositoryTest]: PostRepositoryTest does not declare any static, non-private, non-final, nested classes annotated with @Configuration.
2021-06-01 23:42:20.590  INFO 18852 --- [    Test worker] .b.t.c.SpringBootTestContextBootstrapper : Found @SpringBootConfiguration com.bst_aws.springboot.Application for test class com.bst_aws.springboot.domain.posts.PostRepositoryTest
2021-06-01 23:42:20.603  INFO 18852 --- [    Test worker] .b.t.c.SpringBootTestContextBootstrapper : Loaded default TestExecutionListener class names from location [META-INF/spring.factories]: [org.springframework.security.test.context.support.WithSecurityContextTestExecutionListener, org.springframework.security.test.context.support.ReactorContextTestExecutionListener, org.springframework.boot.test.autoconfigure.restdocs.RestDocsTestExecutionListener, org.springframework.boot.test.autoconfigure.web.client.MockRestServiceServerResetTestExecutionListener, org.springframework.boot.test.autoconfigure.web.servlet.MockMvcPrintOnlyOnFailureTestExecutionListener, org.springframework.boot.test.autoconfigure.web.servlet.WebDriverTestExecutionListener, org.springframework.boot.test.mock.mockito.MockitoTestExecutionListener, org.springframework.boot.test.mock.mockito.ResetMocksTestExecutionListener, org.springframework.test.context.web.ServletTestExecutionListener, org.springframework.test.context.support.DirtiesContextBeforeModesTestExecutionListener, org.springframework.test.context.support.DependencyInjectionTestExecutionListener, org.springframework.test.context.support.DirtiesContextTestExecutionListener, org.springframework.test.context.transaction.TransactionalTestExecutionListener, org.springframework.test.context.jdbc.SqlScriptsTestExecutionListener]
2021-06-01 23:42:20.606  INFO 18852 --- [    Test worker] .b.t.c.SpringBootTestContextBootstrapper : Using TestExecutionListeners: [org.springframework.test.context.web.ServletTestExecutionListener@709147c7, org.springframework.test.context.support.DirtiesContextBeforeModesTestExecutionListener@50a98733, org.springframework.boot.test.mock.mockito.MockitoTestExecutionListener@6eac6ce3, org.springframework.boot.test.autoconfigure.SpringBootDependencyInjectionTestExecutionListener@32d4fd07, org.springframework.test.context.support.DirtiesContextTestExecutionListener@48013be5, org.springframework.test.context.transaction.TransactionalTestExecutionListener@540dadc9, org.springframework.test.context.jdbc.SqlScriptsTestExecutionListener@59cb18df, org.springframework.security.test.context.support.WithSecurityContextTestExecutionListener@4ce2ea24, org.springframework.security.test.context.support.ReactorContextTestExecutionListener@dfd2e4e, org.springframework.boot.test.autoconfigure.restdocs.RestDocsTestExecutionListener@34a7b9dd, org.springframework.boot.test.autoconfigure.web.client.MockRestServiceServerResetTestExecutionListener@35ab4276, org.springframework.boot.test.autoconfigure.web.servlet.MockMvcPrintOnlyOnFailureTestExecutionListener@6e432d2d, org.springframework.boot.test.autoconfigure.web.servlet.WebDriverTestExecutionListener@aa8e1f5, org.springframework.boot.test.mock.mockito.ResetMocksTestExecutionListener@348c82c]
Hibernate: insert into user (created_date, modified_date, email, name, picture, role) values (?, ?, ?, ?, ?, ?)
Hibernate: insert into post (created_date, modified_date, content, created_by, d_day, district, hits, status, title, user_id) values (?, ?, ?, ?, ?, ?, ?, ?, ?, ?)
Hibernate: select post0_.id as id1_2_, post0_.created_date as created_2_2_, post0_.modified_date as modified3_2_, post0_.content as content4_2_, post0_.created_by as created_5_2_, post0_.d_day as d_day6_2_, post0_.district as district7_2_, post0_.hits as hits8_2_, post0_.status as status9_2_, post0_.title as title10_2_, post0_.user_id as user_id11_2_ from post post0_
Hibernate: select user0_.id as id1_4_0_, user0_.created_date as created_2_4_0_, user0_.modified_date as modified3_4_0_, user0_.email as email4_4_0_, user0_.name as name5_4_0_, user0_.picture as picture6_4_0_, user0_.role as role7_4_0_ from user user0_ where user0_.id=?
>>>>>>>>> createDate=2021-06-01T23:42:20.668, modifiedDate=2021-06-01T23:42:20.668 D-Day=2021-04-04
Hibernate: select post0_.id as id1_2_, post0_.created_date as created_2_2_, post0_.modified_date as modified3_2_, post0_.content as content4_2_, post0_.created_by as created_5_2_, post0_.d_day as d_day6_2_, post0_.district as district7_2_, post0_.hits as hits8_2_, post0_.status as status9_2_, post0_.title as title10_2_, post0_.user_id as user_id11_2_ from post post0_
Hibernate: select user0_.id as id1_4_0_, user0_.created_date as created_2_4_0_, user0_.modified_date as modified3_4_0_, user0_.email as email4_4_0_, user0_.name as name5_4_0_, user0_.picture as picture6_4_0_, user0_.role as role7_4_0_ from user user0_ where user0_.id=?
Hibernate: delete from post where id=?
Hibernate: insert into user (created_date, modified_date, email, name, picture, role) values (?, ?, ?, ?, ?, ?)
Hibernate: insert into post (created_date, modified_date, content, created_by, d_day, district, hits, status, title, user_id) values (?, ?, ?, ?, ?, ?, ?, ?, ?, ?)
Hibernate: select post0_.id as id1_2_, post0_.created_date as created_2_2_, post0_.modified_date as modified3_2_, post0_.content as content4_2_, post0_.created_by as created_5_2_, post0_.d_day as d_day6_2_, post0_.district as district7_2_, post0_.hits as hits8_2_, post0_.status as status9_2_, post0_.title as title10_2_, post0_.user_id as user_id11_2_ from post post0_
Hibernate: select user0_.id as id1_4_0_, user0_.created_date as created_2_4_0_, user0_.modified_date as modified3_4_0_, user0_.email as email4_4_0_, user0_.name as name5_4_0_, user0_.picture as picture6_4_0_, user0_.role as role7_4_0_ from user user0_ where user0_.id=?
유저 id= 1
Hibernate: select post0_.id as id1_2_, post0_.created_date as created_2_2_, post0_.modified_date as modified3_2_, post0_.content as content4_2_, post0_.created_by as created_5_2_, post0_.d_day as d_day6_2_, post0_.district as district7_2_, post0_.hits as hits8_2_, post0_.status as status9_2_, post0_.title as title10_2_, post0_.user_id as user_id11_2_ from post post0_
Hibernate: select user0_.id as id1_4_0_, user0_.created_date as created_2_4_0_, user0_.modified_date as modified3_4_0_, user0_.email as email4_4_0_, user0_.name as name5_4_0_, user0_.picture as picture6_4_0_, user0_.role as role7_4_0_ from user user0_ where user0_.id=?
Hibernate: delete from post where id=?
]]></system-out>
  <system-err><![CDATA[]]></system-err>
</testsuite>
