<?xml version="1.0" encoding="UTF-8"?>
<testsuite name="com.bst_aws.springboot.web.CourtApiControllerTest" tests="1" skipped="0" failures="0" errors="0" timestamp="2021-05-12T07:21:34" hostname="LAPTOP-OPVE6PBK" time="0.054">
  <properties/>
  <testcase name="Court_등록된다" classname="com.bst_aws.springboot.web.CourtApiControllerTest" time="0.054"/>
  <system-out><![CDATA[2021-05-12 16:21:34.697  INFO 41696 --- [    Test worker] .b.t.c.SpringBootTestContextBootstrapper : Neither @ContextConfiguration nor @ContextHierarchy found for test class [com.bst_aws.springboot.web.CourtApiControllerTest], using SpringBootContextLoader
2021-05-12 16:21:34.701  INFO 41696 --- [    Test worker] o.s.t.c.support.AbstractContextLoader    : Could not detect default resource locations for test class [com.bst_aws.springboot.web.CourtApiControllerTest]: no resource found for suffixes {-context.xml, Context.groovy}.
2021-05-12 16:21:34.702  INFO 41696 --- [    Test worker] t.c.s.AnnotationConfigContextLoaderUtils : Could not detect default configuration classes for test class [com.bst_aws.springboot.web.CourtApiControllerTest]: CourtApiControllerTest does not declare any static, non-private, non-final, nested classes annotated with @Configuration.
2021-05-12 16:21:34.704  INFO 41696 --- [    Test worker] .b.t.c.SpringBootTestContextBootstrapper : Found @SpringBootConfiguration com.bst_aws.springboot.Application for test class com.bst_aws.springboot.web.CourtApiControllerTest
2021-05-12 16:21:34.707  INFO 41696 --- [    Test worker] .b.t.c.SpringBootTestContextBootstrapper : Loaded default TestExecutionListener class names from location [META-INF/spring.factories]: [org.springframework.security.test.context.support.WithSecurityContextTestExecutionListener, org.springframework.security.test.context.support.ReactorContextTestExecutionListener, org.springframework.boot.test.autoconfigure.restdocs.RestDocsTestExecutionListener, org.springframework.boot.test.autoconfigure.web.client.MockRestServiceServerResetTestExecutionListener, org.springframework.boot.test.autoconfigure.web.servlet.MockMvcPrintOnlyOnFailureTestExecutionListener, org.springframework.boot.test.autoconfigure.web.servlet.WebDriverTestExecutionListener, org.springframework.boot.test.mock.mockito.MockitoTestExecutionListener, org.springframework.boot.test.mock.mockito.ResetMocksTestExecutionListener, org.springframework.test.context.web.ServletTestExecutionListener, org.springframework.test.context.support.DirtiesContextBeforeModesTestExecutionListener, org.springframework.test.context.support.DependencyInjectionTestExecutionListener, org.springframework.test.context.support.DirtiesContextTestExecutionListener, org.springframework.test.context.transaction.TransactionalTestExecutionListener, org.springframework.test.context.jdbc.SqlScriptsTestExecutionListener]
2021-05-12 16:21:34.710  INFO 41696 --- [    Test worker] .b.t.c.SpringBootTestContextBootstrapper : Using TestExecutionListeners: [org.springframework.test.context.web.ServletTestExecutionListener@1f13f700, org.springframework.test.context.support.DirtiesContextBeforeModesTestExecutionListener@5ea951d5, org.springframework.boot.test.mock.mockito.MockitoTestExecutionListener@685be893, org.springframework.boot.test.autoconfigure.SpringBootDependencyInjectionTestExecutionListener@318d2c39, org.springframework.test.context.support.DirtiesContextTestExecutionListener@312666ff, org.springframework.test.context.transaction.TransactionalTestExecutionListener@2595aef7, org.springframework.test.context.jdbc.SqlScriptsTestExecutionListener@12bdc5a6, org.springframework.security.test.context.support.WithSecurityContextTestExecutionListener@4a89cf2c, org.springframework.security.test.context.support.ReactorContextTestExecutionListener@481a591c, org.springframework.boot.test.autoconfigure.restdocs.RestDocsTestExecutionListener@4070a4fe, org.springframework.boot.test.autoconfigure.web.client.MockRestServiceServerResetTestExecutionListener@3c1cd9a3, org.springframework.boot.test.autoconfigure.web.servlet.MockMvcPrintOnlyOnFailureTestExecutionListener@386881a3, org.springframework.boot.test.autoconfigure.web.servlet.WebDriverTestExecutionListener@2220fd0b, org.springframework.boot.test.mock.mockito.ResetMocksTestExecutionListener@6732fae5]
2021-05-12 16:21:34.721  INFO 41696 --- [    Test worker] o.a.c.c.C.[Tomcat].[localhost].[/]       : Initializing Spring TestDispatcherServlet ''
2021-05-12 16:21:34.722  INFO 41696 --- [    Test worker] o.s.t.web.servlet.TestDispatcherServlet  : Initializing Servlet ''
2021-05-12 16:21:34.727  INFO 41696 --- [    Test worker] o.s.t.web.servlet.TestDispatcherServlet  : Completed initialization in 5 ms
Hibernate: insert into court (created_date, modified_date, address, district, e, info, n, name, web) values (?, ?, ?, ?, ?, ?, ?, ?, ?)
Hibernate: select court0_.id as id1_1_, court0_.created_date as created_2_1_, court0_.modified_date as modified3_1_, court0_.address as address4_1_, court0_.district as district5_1_, court0_.e as e6_1_, court0_.info as info7_1_, court0_.n as n8_1_, court0_.name as name9_1_, court0_.web as web10_1_ from court court0_
Hibernate: select court0_.id as id1_1_, court0_.created_date as created_2_1_, court0_.modified_date as modified3_1_, court0_.address as address4_1_, court0_.district as district5_1_, court0_.e as e6_1_, court0_.info as info7_1_, court0_.n as n8_1_, court0_.name as name9_1_, court0_.web as web10_1_ from court court0_
Hibernate: delete from court where id=?
]]></system-out>
  <system-err><![CDATA[]]></system-err>
</testsuite>
