<?xml version="1.0" encoding="UTF-8"?>
<testsuite name="com.bst_aws.springboot.domain.posts.PostsRepositoryTest" tests="2" skipped="0" failures="0" errors="0" timestamp="2021-04-22T13:48:45" hostname="LAPTOP-OPVE6PBK" time="0.042">
  <properties/>
  <testcase name="게시글저장_불러오기" classname="com.bst_aws.springboot.domain.posts.PostsRepositoryTest" time="0.026"/>
  <testcase name="BaseTimeEntity_등록" classname="com.bst_aws.springboot.domain.posts.PostsRepositoryTest" time="0.015"/>
  <system-out><![CDATA[2021-04-22 22:48:45.116  INFO 29280 --- [    Test worker] .b.t.c.SpringBootTestContextBootstrapper : Neither @ContextConfiguration nor @ContextHierarchy found for test class [com.bst_aws.springboot.domain.posts.PostsRepositoryTest], using SpringBootContextLoader
2021-04-22 22:48:45.118  INFO 29280 --- [    Test worker] o.s.t.c.support.AbstractContextLoader    : Could not detect default resource locations for test class [com.bst_aws.springboot.domain.posts.PostsRepositoryTest]: no resource found for suffixes {-context.xml, Context.groovy}.
2021-04-22 22:48:45.118  INFO 29280 --- [    Test worker] t.c.s.AnnotationConfigContextLoaderUtils : Could not detect default configuration classes for test class [com.bst_aws.springboot.domain.posts.PostsRepositoryTest]: PostsRepositoryTest does not declare any static, non-private, non-final, nested classes annotated with @Configuration.
2021-04-22 22:48:45.122  INFO 29280 --- [    Test worker] .b.t.c.SpringBootTestContextBootstrapper : Found @SpringBootConfiguration com.bst_aws.springboot.Application for test class com.bst_aws.springboot.domain.posts.PostsRepositoryTest
2021-04-22 22:48:45.125  INFO 29280 --- [    Test worker] .b.t.c.SpringBootTestContextBootstrapper : Loaded default TestExecutionListener class names from location [META-INF/spring.factories]: [org.springframework.security.test.context.support.WithSecurityContextTestExecutionListener, org.springframework.security.test.context.support.ReactorContextTestExecutionListener, org.springframework.boot.test.autoconfigure.restdocs.RestDocsTestExecutionListener, org.springframework.boot.test.autoconfigure.web.client.MockRestServiceServerResetTestExecutionListener, org.springframework.boot.test.autoconfigure.web.servlet.MockMvcPrintOnlyOnFailureTestExecutionListener, org.springframework.boot.test.autoconfigure.web.servlet.WebDriverTestExecutionListener, org.springframework.boot.test.mock.mockito.MockitoTestExecutionListener, org.springframework.boot.test.mock.mockito.ResetMocksTestExecutionListener, org.springframework.test.context.web.ServletTestExecutionListener, org.springframework.test.context.support.DirtiesContextBeforeModesTestExecutionListener, org.springframework.test.context.support.DependencyInjectionTestExecutionListener, org.springframework.test.context.support.DirtiesContextTestExecutionListener, org.springframework.test.context.transaction.TransactionalTestExecutionListener, org.springframework.test.context.jdbc.SqlScriptsTestExecutionListener]
2021-04-22 22:48:45.127  INFO 29280 --- [    Test worker] .b.t.c.SpringBootTestContextBootstrapper : Using TestExecutionListeners: [org.springframework.test.context.web.ServletTestExecutionListener@7840e624, org.springframework.test.context.support.DirtiesContextBeforeModesTestExecutionListener@3542031c, org.springframework.boot.test.mock.mockito.MockitoTestExecutionListener@3b5ff7f6, org.springframework.boot.test.autoconfigure.SpringBootDependencyInjectionTestExecutionListener@78a912ac, org.springframework.test.context.support.DirtiesContextTestExecutionListener@727aa5b, org.springframework.test.context.transaction.TransactionalTestExecutionListener@22580340, org.springframework.test.context.jdbc.SqlScriptsTestExecutionListener@66fcb0ba, org.springframework.security.test.context.support.WithSecurityContextTestExecutionListener@56f0e2bb, org.springframework.security.test.context.support.ReactorContextTestExecutionListener@6c3fff4c, org.springframework.boot.test.autoconfigure.restdocs.RestDocsTestExecutionListener@e1fb388, org.springframework.boot.test.autoconfigure.web.client.MockRestServiceServerResetTestExecutionListener@d65ab91, org.springframework.boot.test.autoconfigure.web.servlet.MockMvcPrintOnlyOnFailureTestExecutionListener@5cd175bc, org.springframework.boot.test.autoconfigure.web.servlet.WebDriverTestExecutionListener@4f8724f5, org.springframework.boot.test.mock.mockito.ResetMocksTestExecutionListener@3cf74d7e]
Hibernate: insert into posts (created_date, modified_date, author, content, title) values (?, ?, ?, ?, ?)
Hibernate: select posts0_.id as id1_4_, posts0_.created_date as created_2_4_, posts0_.modified_date as modified3_4_, posts0_.author as author4_4_, posts0_.content as content5_4_, posts0_.title as title6_4_ from posts posts0_
Hibernate: select posts0_.id as id1_4_, posts0_.created_date as created_2_4_, posts0_.modified_date as modified3_4_, posts0_.author as author4_4_, posts0_.content as content5_4_, posts0_.title as title6_4_ from posts posts0_
Hibernate: delete from posts where id=?
Hibernate: insert into posts (created_date, modified_date, author, content, title) values (?, ?, ?, ?, ?)
Hibernate: select posts0_.id as id1_4_, posts0_.created_date as created_2_4_, posts0_.modified_date as modified3_4_, posts0_.author as author4_4_, posts0_.content as content5_4_, posts0_.title as title6_4_ from posts posts0_
>>>>>>>>> createDate=2021-04-22T22:48:45.164, modifiedDate=2021-04-22T22:48:45.164
Hibernate: select posts0_.id as id1_4_, posts0_.created_date as created_2_4_, posts0_.modified_date as modified3_4_, posts0_.author as author4_4_, posts0_.content as content5_4_, posts0_.title as title6_4_ from posts posts0_
Hibernate: delete from posts where id=?
]]></system-out>
  <system-err><![CDATA[]]></system-err>
</testsuite>
