<?xml version="1.0" encoding="UTF-8"?>
<testsuite name="com.bst_aws.springboot.domain.posts.CommentRepositoryTeset" tests="1" skipped="0" failures="0" errors="0" timestamp="2021-04-22T13:48:44" hostname="LAPTOP-OPVE6PBK" time="0.054">
  <properties/>
  <testcase name="댓글저장_불러오기" classname="com.bst_aws.springboot.domain.posts.CommentRepositoryTeset" time="0.054"/>
  <system-out><![CDATA[2021-04-22 22:48:44.839  INFO 29280 --- [    Test worker] .b.t.c.SpringBootTestContextBootstrapper : Neither @ContextConfiguration nor @ContextHierarchy found for test class [com.bst_aws.springboot.domain.posts.CommentRepositoryTeset], using SpringBootContextLoader
2021-04-22 22:48:44.841  INFO 29280 --- [    Test worker] o.s.t.c.support.AbstractContextLoader    : Could not detect default resource locations for test class [com.bst_aws.springboot.domain.posts.CommentRepositoryTeset]: no resource found for suffixes {-context.xml, Context.groovy}.
2021-04-22 22:48:44.842  INFO 29280 --- [    Test worker] t.c.s.AnnotationConfigContextLoaderUtils : Could not detect default configuration classes for test class [com.bst_aws.springboot.domain.posts.CommentRepositoryTeset]: CommentRepositoryTeset does not declare any static, non-private, non-final, nested classes annotated with @Configuration.
2021-04-22 22:48:44.849  INFO 29280 --- [    Test worker] .b.t.c.SpringBootTestContextBootstrapper : Found @SpringBootConfiguration com.bst_aws.springboot.Application for test class com.bst_aws.springboot.domain.posts.CommentRepositoryTeset
2021-04-22 22:48:44.856  INFO 29280 --- [    Test worker] .b.t.c.SpringBootTestContextBootstrapper : Loaded default TestExecutionListener class names from location [META-INF/spring.factories]: [org.springframework.security.test.context.support.WithSecurityContextTestExecutionListener, org.springframework.security.test.context.support.ReactorContextTestExecutionListener, org.springframework.boot.test.autoconfigure.restdocs.RestDocsTestExecutionListener, org.springframework.boot.test.autoconfigure.web.client.MockRestServiceServerResetTestExecutionListener, org.springframework.boot.test.autoconfigure.web.servlet.MockMvcPrintOnlyOnFailureTestExecutionListener, org.springframework.boot.test.autoconfigure.web.servlet.WebDriverTestExecutionListener, org.springframework.boot.test.mock.mockito.MockitoTestExecutionListener, org.springframework.boot.test.mock.mockito.ResetMocksTestExecutionListener, org.springframework.test.context.web.ServletTestExecutionListener, org.springframework.test.context.support.DirtiesContextBeforeModesTestExecutionListener, org.springframework.test.context.support.DependencyInjectionTestExecutionListener, org.springframework.test.context.support.DirtiesContextTestExecutionListener, org.springframework.test.context.transaction.TransactionalTestExecutionListener, org.springframework.test.context.jdbc.SqlScriptsTestExecutionListener]
2021-04-22 22:48:44.858  INFO 29280 --- [    Test worker] .b.t.c.SpringBootTestContextBootstrapper : Using TestExecutionListeners: [org.springframework.test.context.web.ServletTestExecutionListener@27d9c6ef, org.springframework.test.context.support.DirtiesContextBeforeModesTestExecutionListener@6414f8cd, org.springframework.boot.test.mock.mockito.MockitoTestExecutionListener@5b99c468, org.springframework.boot.test.autoconfigure.SpringBootDependencyInjectionTestExecutionListener@44ef1583, org.springframework.test.context.support.DirtiesContextTestExecutionListener@2de85d4f, org.springframework.test.context.transaction.TransactionalTestExecutionListener@6e791aaf, org.springframework.test.context.jdbc.SqlScriptsTestExecutionListener@7b56298c, org.springframework.security.test.context.support.WithSecurityContextTestExecutionListener@47a97868, org.springframework.security.test.context.support.ReactorContextTestExecutionListener@28c457f7, org.springframework.boot.test.autoconfigure.restdocs.RestDocsTestExecutionListener@ece9c22, org.springframework.boot.test.autoconfigure.web.client.MockRestServiceServerResetTestExecutionListener@449ede3e, org.springframework.boot.test.autoconfigure.web.servlet.MockMvcPrintOnlyOnFailureTestExecutionListener@48f894fd, org.springframework.boot.test.autoconfigure.web.servlet.WebDriverTestExecutionListener@428919fa, org.springframework.boot.test.mock.mockito.ResetMocksTestExecutionListener@385ca205]
Hibernate: insert into user (created_date, modified_date, email, name, picture, role) values (?, ?, ?, ?, ?, ?)
Hibernate: insert into post (created_date, modified_date, content, created_by, d_day, district, hits, status, title, user_id) values (?, ?, ?, ?, ?, ?, ?, ?, ?, ?)
Hibernate: select post0_.id as id1_3_, post0_.created_date as created_2_3_, post0_.modified_date as modified3_3_, post0_.content as content4_3_, post0_.created_by as created_5_3_, post0_.d_day as d_day6_3_, post0_.district as district7_3_, post0_.hits as hits8_3_, post0_.status as status9_3_, post0_.title as title10_3_, post0_.user_id as user_id11_3_ from post post0_
Hibernate: select user0_.id as id1_5_0_, user0_.created_date as created_2_5_0_, user0_.modified_date as modified3_5_0_, user0_.email as email4_5_0_, user0_.name as name5_5_0_, user0_.picture as picture6_5_0_, user0_.role as role7_5_0_ from user user0_ where user0_.id=?
Hibernate: select user0_.id as id1_5_0_, user0_.created_date as created_2_5_0_, user0_.modified_date as modified3_5_0_, user0_.email as email4_5_0_, user0_.name as name5_5_0_, user0_.picture as picture6_5_0_, user0_.role as role7_5_0_ from user user0_ where user0_.id=?
Hibernate: select user0_.id as id1_5_0_, user0_.created_date as created_2_5_0_, user0_.modified_date as modified3_5_0_, user0_.email as email4_5_0_, user0_.name as name5_5_0_, user0_.picture as picture6_5_0_, user0_.role as role7_5_0_ from user user0_ where user0_.id=?
Hibernate: select user0_.id as id1_5_, user0_.created_date as created_2_5_, user0_.modified_date as modified3_5_, user0_.email as email4_5_, user0_.name as name5_5_, user0_.picture as picture6_5_, user0_.role as role7_5_ from user user0_
Hibernate: insert into comment (created_date, modified_date, content, post_id, status, user_id) values (?, ?, ?, ?, ?, ?)
Hibernate: insert into comment (created_date, modified_date, content, post_id, status, user_id) values (?, ?, ?, ?, ?, ?)
Hibernate: select comment0_.id as id1_0_, comment0_.created_date as created_2_0_, comment0_.modified_date as modified3_0_, comment0_.content as content4_0_, comment0_.post_id as post_id6_0_, comment0_.status as status5_0_, comment0_.user_id as user_id7_0_ from comment comment0_
Hibernate: select post0_.id as id1_3_0_, post0_.created_date as created_2_3_0_, post0_.modified_date as modified3_3_0_, post0_.content as content4_3_0_, post0_.created_by as created_5_3_0_, post0_.d_day as d_day6_3_0_, post0_.district as district7_3_0_, post0_.hits as hits8_3_0_, post0_.status as status9_3_0_, post0_.title as title10_3_0_, post0_.user_id as user_id11_3_0_, user1_.id as id1_5_1_, user1_.created_date as created_2_5_1_, user1_.modified_date as modified3_5_1_, user1_.email as email4_5_1_, user1_.name as name5_5_1_, user1_.picture as picture6_5_1_, user1_.role as role7_5_1_ from post post0_ left outer join user user1_ on post0_.user_id=user1_.id where post0_.id=?
Hibernate: select comment0_.id as id1_0_, comment0_.created_date as created_2_0_, comment0_.modified_date as modified3_0_, comment0_.content as content4_0_, comment0_.post_id as post_id6_0_, comment0_.status as status5_0_, comment0_.user_id as user_id7_0_ from comment comment0_
Hibernate: select post0_.id as id1_3_0_, post0_.created_date as created_2_3_0_, post0_.modified_date as modified3_3_0_, post0_.content as content4_3_0_, post0_.created_by as created_5_3_0_, post0_.d_day as d_day6_3_0_, post0_.district as district7_3_0_, post0_.hits as hits8_3_0_, post0_.status as status9_3_0_, post0_.title as title10_3_0_, post0_.user_id as user_id11_3_0_, user1_.id as id1_5_1_, user1_.created_date as created_2_5_1_, user1_.modified_date as modified3_5_1_, user1_.email as email4_5_1_, user1_.name as name5_5_1_, user1_.picture as picture6_5_1_, user1_.role as role7_5_1_ from post post0_ left outer join user user1_ on post0_.user_id=user1_.id where post0_.id=?
Hibernate: delete from comment where id=?
Hibernate: delete from comment where id=?
]]></system-out>
  <system-err><![CDATA[]]></system-err>
</testsuite>
