<?xml version="1.0" encoding="UTF-8"?>
<testsuite name="com.bst_aws.springboot.domain.posts.PostRepositoryTest" tests="2" skipped="0" failures="0" errors="0" timestamp="2021-04-14T16:41:49" hostname="LAPTOP-OPVE6PBK" time="0.064">
  <properties/>
  <testcase name="게시글저장_불러오기" classname="com.bst_aws.springboot.domain.posts.PostRepositoryTest" time="0.045"/>
  <testcase name="BaseTimeEntity_등록" classname="com.bst_aws.springboot.domain.posts.PostRepositoryTest" time="0.018"/>
  <system-out><![CDATA[2021-04-15 01:41:49.482  INFO 35564 --- [    Test worker] .b.t.c.SpringBootTestContextBootstrapper : Neither @ContextConfiguration nor @ContextHierarchy found for test class [com.bst_aws.springboot.domain.posts.PostRepositoryTest], using SpringBootContextLoader
2021-04-15 01:41:49.484  INFO 35564 --- [    Test worker] o.s.t.c.support.AbstractContextLoader    : Could not detect default resource locations for test class [com.bst_aws.springboot.domain.posts.PostRepositoryTest]: no resource found for suffixes {-context.xml, Context.groovy}.
2021-04-15 01:41:49.484  INFO 35564 --- [    Test worker] t.c.s.AnnotationConfigContextLoaderUtils : Could not detect default configuration classes for test class [com.bst_aws.springboot.domain.posts.PostRepositoryTest]: PostRepositoryTest does not declare any static, non-private, non-final, nested classes annotated with @Configuration.
2021-04-15 01:41:49.487  INFO 35564 --- [    Test worker] .b.t.c.SpringBootTestContextBootstrapper : Found @SpringBootConfiguration com.bst_aws.springboot.Application for test class com.bst_aws.springboot.domain.posts.PostRepositoryTest
2021-04-15 01:41:49.491  INFO 35564 --- [    Test worker] .b.t.c.SpringBootTestContextBootstrapper : Loaded default TestExecutionListener class names from location [META-INF/spring.factories]: [org.springframework.security.test.context.support.WithSecurityContextTestExecutionListener, org.springframework.security.test.context.support.ReactorContextTestExecutionListener, org.springframework.boot.test.autoconfigure.restdocs.RestDocsTestExecutionListener, org.springframework.boot.test.autoconfigure.web.client.MockRestServiceServerResetTestExecutionListener, org.springframework.boot.test.autoconfigure.web.servlet.MockMvcPrintOnlyOnFailureTestExecutionListener, org.springframework.boot.test.autoconfigure.web.servlet.WebDriverTestExecutionListener, org.springframework.boot.test.mock.mockito.MockitoTestExecutionListener, org.springframework.boot.test.mock.mockito.ResetMocksTestExecutionListener, org.springframework.test.context.web.ServletTestExecutionListener, org.springframework.test.context.support.DirtiesContextBeforeModesTestExecutionListener, org.springframework.test.context.support.DependencyInjectionTestExecutionListener, org.springframework.test.context.support.DirtiesContextTestExecutionListener, org.springframework.test.context.transaction.TransactionalTestExecutionListener, org.springframework.test.context.jdbc.SqlScriptsTestExecutionListener]
2021-04-15 01:41:49.494  INFO 35564 --- [    Test worker] .b.t.c.SpringBootTestContextBootstrapper : Using TestExecutionListeners: [org.springframework.test.context.web.ServletTestExecutionListener@17069c9b, org.springframework.test.context.support.DirtiesContextBeforeModesTestExecutionListener@7e92af31, org.springframework.boot.test.mock.mockito.MockitoTestExecutionListener@36bd9b4f, org.springframework.boot.test.autoconfigure.SpringBootDependencyInjectionTestExecutionListener@72796604, org.springframework.test.context.support.DirtiesContextTestExecutionListener@51b8de94, org.springframework.test.context.transaction.TransactionalTestExecutionListener@3a3808b5, org.springframework.test.context.jdbc.SqlScriptsTestExecutionListener@60859b5e, org.springframework.security.test.context.support.WithSecurityContextTestExecutionListener@59f5980c, org.springframework.security.test.context.support.ReactorContextTestExecutionListener@4eaea1d8, org.springframework.boot.test.autoconfigure.restdocs.RestDocsTestExecutionListener@34a97518, org.springframework.boot.test.autoconfigure.web.client.MockRestServiceServerResetTestExecutionListener@78ba47b8, org.springframework.boot.test.autoconfigure.web.servlet.MockMvcPrintOnlyOnFailureTestExecutionListener@d7a855b, org.springframework.boot.test.autoconfigure.web.servlet.WebDriverTestExecutionListener@36e1554d, org.springframework.boot.test.mock.mockito.ResetMocksTestExecutionListener@499ff73c]
Hibernate: insert into post (created_date, modified_date, content, created_by, d_day, district, hits, status, title, user_id) values (?, ?, ?, ?, ?, ?, ?, ?, ?, ?)
Hibernate: select post0_.id as id1_2_, post0_.created_date as created_2_2_, post0_.modified_date as modified3_2_, post0_.content as content4_2_, post0_.created_by as created_5_2_, post0_.d_day as d_day6_2_, post0_.district as district7_2_, post0_.hits as hits8_2_, post0_.status as status9_2_, post0_.title as title10_2_, post0_.user_id as user_id11_2_ from post post0_
Hibernate: select post0_.id as id1_2_, post0_.created_date as created_2_2_, post0_.modified_date as modified3_2_, post0_.content as content4_2_, post0_.created_by as created_5_2_, post0_.d_day as d_day6_2_, post0_.district as district7_2_, post0_.hits as hits8_2_, post0_.status as status9_2_, post0_.title as title10_2_, post0_.user_id as user_id11_2_ from post post0_
Hibernate: delete from post where id=?
Hibernate: insert into post (created_date, modified_date, content, created_by, d_day, district, hits, status, title, user_id) values (?, ?, ?, ?, ?, ?, ?, ?, ?, ?)
Hibernate: select post0_.id as id1_2_, post0_.created_date as created_2_2_, post0_.modified_date as modified3_2_, post0_.content as content4_2_, post0_.created_by as created_5_2_, post0_.d_day as d_day6_2_, post0_.district as district7_2_, post0_.hits as hits8_2_, post0_.status as status9_2_, post0_.title as title10_2_, post0_.user_id as user_id11_2_ from post post0_
>>>>>>>>> createDate=2021-04-15T01:41:49.554, modifiedDate=2021-04-15T01:41:49.554 D-Day=2021-04-04
Hibernate: select post0_.id as id1_2_, post0_.created_date as created_2_2_, post0_.modified_date as modified3_2_, post0_.content as content4_2_, post0_.created_by as created_5_2_, post0_.d_day as d_day6_2_, post0_.district as district7_2_, post0_.hits as hits8_2_, post0_.status as status9_2_, post0_.title as title10_2_, post0_.user_id as user_id11_2_ from post post0_
Hibernate: delete from post where id=?
]]></system-out>
  <system-err><![CDATA[]]></system-err>
</testsuite>
