<?xml version="1.0" encoding="UTF-8"?>
<testsuite name="com.bst_aws.springboot.domain.posts.CourtRepositoryTest" tests="1" skipped="0" failures="0" errors="0" timestamp="2021-05-12T07:21:34" hostname="LAPTOP-OPVE6PBK" time="0.04">
  <properties/>
  <testcase name="코트저장_불러오기" classname="com.bst_aws.springboot.domain.posts.CourtRepositoryTest" time="0.04"/>
  <system-out><![CDATA[2021-05-12 16:21:34.102  INFO 41696 --- [    Test worker] .b.t.c.SpringBootTestContextBootstrapper : Neither @ContextConfiguration nor @ContextHierarchy found for test class [com.bst_aws.springboot.domain.posts.CourtRepositoryTest], using SpringBootContextLoader
2021-05-12 16:21:34.103  INFO 41696 --- [    Test worker] o.s.t.c.support.AbstractContextLoader    : Could not detect default resource locations for test class [com.bst_aws.springboot.domain.posts.CourtRepositoryTest]: no resource found for suffixes {-context.xml, Context.groovy}.
2021-05-12 16:21:34.103  INFO 41696 --- [    Test worker] t.c.s.AnnotationConfigContextLoaderUtils : Could not detect default configuration classes for test class [com.bst_aws.springboot.domain.posts.CourtRepositoryTest]: CourtRepositoryTest does not declare any static, non-private, non-final, nested classes annotated with @Configuration.
2021-05-12 16:21:34.106  INFO 41696 --- [    Test worker] .b.t.c.SpringBootTestContextBootstrapper : Found @SpringBootConfiguration com.bst_aws.springboot.Application for test class com.bst_aws.springboot.domain.posts.CourtRepositoryTest
2021-05-12 16:21:34.110  INFO 41696 --- [    Test worker] .b.t.c.SpringBootTestContextBootstrapper : Loaded default TestExecutionListener class names from location [META-INF/spring.factories]: [org.springframework.security.test.context.support.WithSecurityContextTestExecutionListener, org.springframework.security.test.context.support.ReactorContextTestExecutionListener, org.springframework.boot.test.autoconfigure.restdocs.RestDocsTestExecutionListener, org.springframework.boot.test.autoconfigure.web.client.MockRestServiceServerResetTestExecutionListener, org.springframework.boot.test.autoconfigure.web.servlet.MockMvcPrintOnlyOnFailureTestExecutionListener, org.springframework.boot.test.autoconfigure.web.servlet.WebDriverTestExecutionListener, org.springframework.boot.test.mock.mockito.MockitoTestExecutionListener, org.springframework.boot.test.mock.mockito.ResetMocksTestExecutionListener, org.springframework.test.context.web.ServletTestExecutionListener, org.springframework.test.context.support.DirtiesContextBeforeModesTestExecutionListener, org.springframework.test.context.support.DependencyInjectionTestExecutionListener, org.springframework.test.context.support.DirtiesContextTestExecutionListener, org.springframework.test.context.transaction.TransactionalTestExecutionListener, org.springframework.test.context.jdbc.SqlScriptsTestExecutionListener]
2021-05-12 16:21:34.112  INFO 41696 --- [    Test worker] .b.t.c.SpringBootTestContextBootstrapper : Using TestExecutionListeners: [org.springframework.test.context.web.ServletTestExecutionListener@53c1b01b, org.springframework.test.context.support.DirtiesContextBeforeModesTestExecutionListener@23e1c601, org.springframework.boot.test.mock.mockito.MockitoTestExecutionListener@4328a4a9, org.springframework.boot.test.autoconfigure.SpringBootDependencyInjectionTestExecutionListener@3ad1f2ad, org.springframework.test.context.support.DirtiesContextTestExecutionListener@64cecc84, org.springframework.test.context.transaction.TransactionalTestExecutionListener@49b2cfd2, org.springframework.test.context.jdbc.SqlScriptsTestExecutionListener@4f3927a1, org.springframework.security.test.context.support.WithSecurityContextTestExecutionListener@7a48e071, org.springframework.security.test.context.support.ReactorContextTestExecutionListener@6870b950, org.springframework.boot.test.autoconfigure.restdocs.RestDocsTestExecutionListener@376327d3, org.springframework.boot.test.autoconfigure.web.client.MockRestServiceServerResetTestExecutionListener@31611ab1, org.springframework.boot.test.autoconfigure.web.servlet.MockMvcPrintOnlyOnFailureTestExecutionListener@c972f84, org.springframework.boot.test.autoconfigure.web.servlet.WebDriverTestExecutionListener@61c0ad7f, org.springframework.boot.test.mock.mockito.ResetMocksTestExecutionListener@4f33532b]
Hibernate: insert into court (created_date, modified_date, address, district, e, info, n, name, web) values (?, ?, ?, ?, ?, ?, ?, ?, ?)
Hibernate: select court0_.id as id1_1_, court0_.created_date as created_2_1_, court0_.modified_date as modified3_1_, court0_.address as address4_1_, court0_.district as district5_1_, court0_.e as e6_1_, court0_.info as info7_1_, court0_.n as n8_1_, court0_.name as name9_1_, court0_.web as web10_1_ from court court0_
Hibernate: select court0_.id as id1_1_, court0_.created_date as created_2_1_, court0_.modified_date as modified3_1_, court0_.address as address4_1_, court0_.district as district5_1_, court0_.e as e6_1_, court0_.info as info7_1_, court0_.n as n8_1_, court0_.name as name9_1_, court0_.web as web10_1_ from court court0_
Hibernate: delete from court where id=?
]]></system-out>
  <system-err><![CDATA[]]></system-err>
</testsuite>
