<?xml version="1.0" encoding="UTF-8"?>
<testsuite name="com.bst_aws.springboot.domain.posts.LessonRepositoryTest" tests="1" skipped="0" failures="0" errors="0" timestamp="2021-03-29T13:03:24" hostname="LAPTOP-OPVE6PBK" time="0.022">
  <properties/>
  <testcase name="레슨저장_불러오기" classname="com.bst_aws.springboot.domain.posts.LessonRepositoryTest" time="0.022"/>
  <system-out><![CDATA[2021-03-29 22:03:24.835  INFO 15404 --- [    Test worker] .b.t.c.SpringBootTestContextBootstrapper : Neither @ContextConfiguration nor @ContextHierarchy found for test class [com.bst_aws.springboot.domain.posts.LessonRepositoryTest], using SpringBootContextLoader
2021-03-29 22:03:24.837  INFO 15404 --- [    Test worker] o.s.t.c.support.AbstractContextLoader    : Could not detect default resource locations for test class [com.bst_aws.springboot.domain.posts.LessonRepositoryTest]: no resource found for suffixes {-context.xml, Context.groovy}.
2021-03-29 22:03:24.837  INFO 15404 --- [    Test worker] t.c.s.AnnotationConfigContextLoaderUtils : Could not detect default configuration classes for test class [com.bst_aws.springboot.domain.posts.LessonRepositoryTest]: LessonRepositoryTest does not declare any static, non-private, non-final, nested classes annotated with @Configuration.
2021-03-29 22:03:24.840  INFO 15404 --- [    Test worker] .b.t.c.SpringBootTestContextBootstrapper : Found @SpringBootConfiguration com.bst_aws.springboot.Application for test class com.bst_aws.springboot.domain.posts.LessonRepositoryTest
2021-03-29 22:03:24.844  INFO 15404 --- [    Test worker] .b.t.c.SpringBootTestContextBootstrapper : Loaded default TestExecutionListener class names from location [META-INF/spring.factories]: [org.springframework.security.test.context.support.WithSecurityContextTestExecutionListener, org.springframework.security.test.context.support.ReactorContextTestExecutionListener, org.springframework.boot.test.autoconfigure.restdocs.RestDocsTestExecutionListener, org.springframework.boot.test.autoconfigure.web.client.MockRestServiceServerResetTestExecutionListener, org.springframework.boot.test.autoconfigure.web.servlet.MockMvcPrintOnlyOnFailureTestExecutionListener, org.springframework.boot.test.autoconfigure.web.servlet.WebDriverTestExecutionListener, org.springframework.boot.test.mock.mockito.MockitoTestExecutionListener, org.springframework.boot.test.mock.mockito.ResetMocksTestExecutionListener, org.springframework.test.context.web.ServletTestExecutionListener, org.springframework.test.context.support.DirtiesContextBeforeModesTestExecutionListener, org.springframework.test.context.support.DependencyInjectionTestExecutionListener, org.springframework.test.context.support.DirtiesContextTestExecutionListener, org.springframework.test.context.transaction.TransactionalTestExecutionListener, org.springframework.test.context.jdbc.SqlScriptsTestExecutionListener]
2021-03-29 22:03:24.845  INFO 15404 --- [    Test worker] .b.t.c.SpringBootTestContextBootstrapper : Using TestExecutionListeners: [org.springframework.test.context.web.ServletTestExecutionListener@461a0a74, org.springframework.test.context.support.DirtiesContextBeforeModesTestExecutionListener@605d40f6, org.springframework.boot.test.mock.mockito.MockitoTestExecutionListener@5779ceaa, org.springframework.boot.test.autoconfigure.SpringBootDependencyInjectionTestExecutionListener@6fa83961, org.springframework.test.context.support.DirtiesContextTestExecutionListener@7977c74a, org.springframework.test.context.transaction.TransactionalTestExecutionListener@73a76262, org.springframework.test.context.jdbc.SqlScriptsTestExecutionListener@6ab2ee22, org.springframework.security.test.context.support.WithSecurityContextTestExecutionListener@447fa124, org.springframework.security.test.context.support.ReactorContextTestExecutionListener@3f57376, org.springframework.boot.test.autoconfigure.restdocs.RestDocsTestExecutionListener@4b89a518, org.springframework.boot.test.autoconfigure.web.client.MockRestServiceServerResetTestExecutionListener@363791b5, org.springframework.boot.test.autoconfigure.web.servlet.MockMvcPrintOnlyOnFailureTestExecutionListener@ff860d6, org.springframework.boot.test.autoconfigure.web.servlet.WebDriverTestExecutionListener@27bedc9c, org.springframework.boot.test.mock.mockito.ResetMocksTestExecutionListener@21190c16]
Hibernate: insert into lesson (created_date, modified_date, address, district, e, info, n, name, web) values (?, ?, ?, ?, ?, ?, ?, ?, ?)
Hibernate: select lesson0_.id as id1_1_, lesson0_.created_date as created_2_1_, lesson0_.modified_date as modified3_1_, lesson0_.address as address4_1_, lesson0_.district as district5_1_, lesson0_.e as e6_1_, lesson0_.info as info7_1_, lesson0_.n as n8_1_, lesson0_.name as name9_1_, lesson0_.web as web10_1_ from lesson lesson0_
Hibernate: select lesson0_.id as id1_1_, lesson0_.created_date as created_2_1_, lesson0_.modified_date as modified3_1_, lesson0_.address as address4_1_, lesson0_.district as district5_1_, lesson0_.e as e6_1_, lesson0_.info as info7_1_, lesson0_.n as n8_1_, lesson0_.name as name9_1_, lesson0_.web as web10_1_ from lesson lesson0_
Hibernate: delete from lesson where id=?
]]></system-out>
  <system-err><![CDATA[]]></system-err>
</testsuite>
