<?xml version="1.0" encoding="UTF-8"?>
<testsuite name="com.bst_aws.springboot.domain.posts.LessonRepositoryTest" tests="2" skipped="0" failures="0" errors="0" timestamp="2021-05-30T10:48:16" hostname="LAPTOP-OPVE6PBK" time="0.098">
  <properties/>
  <testcase name="레슨저장_불러오기" classname="com.bst_aws.springboot.domain.posts.LessonRepositoryTest" time="0.058"/>
  <testcase name="지역목록_불러오기" classname="com.bst_aws.springboot.domain.posts.LessonRepositoryTest" time="0.039"/>
  <system-out><![CDATA[2021-05-30 19:48:16.574  INFO 36256 --- [    Test worker] .b.t.c.SpringBootTestContextBootstrapper : Neither @ContextConfiguration nor @ContextHierarchy found for test class [com.bst_aws.springboot.domain.posts.LessonRepositoryTest], using SpringBootContextLoader
2021-05-30 19:48:16.577  INFO 36256 --- [    Test worker] o.s.t.c.support.AbstractContextLoader    : Could not detect default resource locations for test class [com.bst_aws.springboot.domain.posts.LessonRepositoryTest]: no resource found for suffixes {-context.xml, Context.groovy}.
2021-05-30 19:48:16.577  INFO 36256 --- [    Test worker] t.c.s.AnnotationConfigContextLoaderUtils : Could not detect default configuration classes for test class [com.bst_aws.springboot.domain.posts.LessonRepositoryTest]: LessonRepositoryTest does not declare any static, non-private, non-final, nested classes annotated with @Configuration.
2021-05-30 19:48:16.580  INFO 36256 --- [    Test worker] .b.t.c.SpringBootTestContextBootstrapper : Found @SpringBootConfiguration com.bst_aws.springboot.Application for test class com.bst_aws.springboot.domain.posts.LessonRepositoryTest
2021-05-30 19:48:16.587  INFO 36256 --- [    Test worker] .b.t.c.SpringBootTestContextBootstrapper : Loaded default TestExecutionListener class names from location [META-INF/spring.factories]: [org.springframework.security.test.context.support.WithSecurityContextTestExecutionListener, org.springframework.security.test.context.support.ReactorContextTestExecutionListener, org.springframework.boot.test.autoconfigure.restdocs.RestDocsTestExecutionListener, org.springframework.boot.test.autoconfigure.web.client.MockRestServiceServerResetTestExecutionListener, org.springframework.boot.test.autoconfigure.web.servlet.MockMvcPrintOnlyOnFailureTestExecutionListener, org.springframework.boot.test.autoconfigure.web.servlet.WebDriverTestExecutionListener, org.springframework.boot.test.mock.mockito.MockitoTestExecutionListener, org.springframework.boot.test.mock.mockito.ResetMocksTestExecutionListener, org.springframework.test.context.web.ServletTestExecutionListener, org.springframework.test.context.support.DirtiesContextBeforeModesTestExecutionListener, org.springframework.test.context.support.DependencyInjectionTestExecutionListener, org.springframework.test.context.support.DirtiesContextTestExecutionListener, org.springframework.test.context.transaction.TransactionalTestExecutionListener, org.springframework.test.context.jdbc.SqlScriptsTestExecutionListener]
2021-05-30 19:48:16.593  INFO 36256 --- [    Test worker] .b.t.c.SpringBootTestContextBootstrapper : Using TestExecutionListeners: [org.springframework.test.context.web.ServletTestExecutionListener@21117ff3, org.springframework.test.context.support.DirtiesContextBeforeModesTestExecutionListener@619c7559, org.springframework.boot.test.mock.mockito.MockitoTestExecutionListener@414f9557, org.springframework.boot.test.autoconfigure.SpringBootDependencyInjectionTestExecutionListener@25a35fcc, org.springframework.test.context.support.DirtiesContextTestExecutionListener@fe7526c, org.springframework.test.context.transaction.TransactionalTestExecutionListener@d53c874, org.springframework.test.context.jdbc.SqlScriptsTestExecutionListener@300b01a4, org.springframework.security.test.context.support.WithSecurityContextTestExecutionListener@f697556, org.springframework.security.test.context.support.ReactorContextTestExecutionListener@3aa822e5, org.springframework.boot.test.autoconfigure.restdocs.RestDocsTestExecutionListener@292b5dac, org.springframework.boot.test.autoconfigure.web.client.MockRestServiceServerResetTestExecutionListener@41c56f0c, org.springframework.boot.test.autoconfigure.web.servlet.MockMvcPrintOnlyOnFailureTestExecutionListener@5c261a7, org.springframework.boot.test.autoconfigure.web.servlet.WebDriverTestExecutionListener@7e06c4f0, org.springframework.boot.test.mock.mockito.ResetMocksTestExecutionListener@d3320a1]
Hibernate: insert into lesson (created_date, modified_date, address, district, e, info, n, name, web) values (?, ?, ?, ?, ?, ?, ?, ?, ?)
Hibernate: select lesson0_.id as id1_2_, lesson0_.created_date as created_2_2_, lesson0_.modified_date as modified3_2_, lesson0_.address as address4_2_, lesson0_.district as district5_2_, lesson0_.e as e6_2_, lesson0_.info as info7_2_, lesson0_.n as n8_2_, lesson0_.name as name9_2_, lesson0_.web as web10_2_ from lesson lesson0_
Hibernate: select lesson0_.id as id1_2_, lesson0_.created_date as created_2_2_, lesson0_.modified_date as modified3_2_, lesson0_.address as address4_2_, lesson0_.district as district5_2_, lesson0_.e as e6_2_, lesson0_.info as info7_2_, lesson0_.n as n8_2_, lesson0_.name as name9_2_, lesson0_.web as web10_2_ from lesson lesson0_
Hibernate: delete from lesson where id=?
Hibernate: insert into lesson (created_date, modified_date, address, district, e, info, n, name, web) values (?, ?, ?, ?, ?, ?, ?, ?, ?)
Hibernate: insert into lesson (created_date, modified_date, address, district, e, info, n, name, web) values (?, ?, ?, ?, ?, ?, ?, ?, ?)
Hibernate: select lesson0_.district as col_0_0_ from lesson lesson0_ group by lesson0_.district order by lesson0_.district asc
Hibernate: select lesson0_.id as id1_2_, lesson0_.created_date as created_2_2_, lesson0_.modified_date as modified3_2_, lesson0_.address as address4_2_, lesson0_.district as district5_2_, lesson0_.e as e6_2_, lesson0_.info as info7_2_, lesson0_.n as n8_2_, lesson0_.name as name9_2_, lesson0_.web as web10_2_ from lesson lesson0_
Hibernate: delete from lesson where id=?
Hibernate: delete from lesson where id=?
]]></system-out>
  <system-err><![CDATA[]]></system-err>
</testsuite>
