<?xml version="1.0" encoding="UTF-8"?>
<testsuite name="com.bst_aws.springboot.web.PostsApiControllerTest" tests="2" skipped="0" failures="0" errors="0" timestamp="2021-05-12T07:21:34" hostname="LAPTOP-OPVE6PBK" time="0.102">
  <properties/>
  <testcase name="Posts_등록된다" classname="com.bst_aws.springboot.web.PostsApiControllerTest" time="0.061"/>
  <testcase name="Posts_수정된다" classname="com.bst_aws.springboot.web.PostsApiControllerTest" time="0.04"/>
  <system-out><![CDATA[2021-05-12 16:21:34.847  INFO 41696 --- [    Test worker] .b.t.c.SpringBootTestContextBootstrapper : Neither @ContextConfiguration nor @ContextHierarchy found for test class [com.bst_aws.springboot.web.PostsApiControllerTest], using SpringBootContextLoader
2021-05-12 16:21:34.850  INFO 41696 --- [    Test worker] o.s.t.c.support.AbstractContextLoader    : Could not detect default resource locations for test class [com.bst_aws.springboot.web.PostsApiControllerTest]: no resource found for suffixes {-context.xml, Context.groovy}.
2021-05-12 16:21:34.850  INFO 41696 --- [    Test worker] t.c.s.AnnotationConfigContextLoaderUtils : Could not detect default configuration classes for test class [com.bst_aws.springboot.web.PostsApiControllerTest]: PostsApiControllerTest does not declare any static, non-private, non-final, nested classes annotated with @Configuration.
2021-05-12 16:21:34.855  INFO 41696 --- [    Test worker] .b.t.c.SpringBootTestContextBootstrapper : Found @SpringBootConfiguration com.bst_aws.springboot.Application for test class com.bst_aws.springboot.web.PostsApiControllerTest
2021-05-12 16:21:34.859  INFO 41696 --- [    Test worker] .b.t.c.SpringBootTestContextBootstrapper : Loaded default TestExecutionListener class names from location [META-INF/spring.factories]: [org.springframework.security.test.context.support.WithSecurityContextTestExecutionListener, org.springframework.security.test.context.support.ReactorContextTestExecutionListener, org.springframework.boot.test.autoconfigure.restdocs.RestDocsTestExecutionListener, org.springframework.boot.test.autoconfigure.web.client.MockRestServiceServerResetTestExecutionListener, org.springframework.boot.test.autoconfigure.web.servlet.MockMvcPrintOnlyOnFailureTestExecutionListener, org.springframework.boot.test.autoconfigure.web.servlet.WebDriverTestExecutionListener, org.springframework.boot.test.mock.mockito.MockitoTestExecutionListener, org.springframework.boot.test.mock.mockito.ResetMocksTestExecutionListener, org.springframework.test.context.web.ServletTestExecutionListener, org.springframework.test.context.support.DirtiesContextBeforeModesTestExecutionListener, org.springframework.test.context.support.DependencyInjectionTestExecutionListener, org.springframework.test.context.support.DirtiesContextTestExecutionListener, org.springframework.test.context.transaction.TransactionalTestExecutionListener, org.springframework.test.context.jdbc.SqlScriptsTestExecutionListener]
2021-05-12 16:21:34.862  INFO 41696 --- [    Test worker] .b.t.c.SpringBootTestContextBootstrapper : Using TestExecutionListeners: [org.springframework.test.context.web.ServletTestExecutionListener@4dc5b18b, org.springframework.test.context.support.DirtiesContextBeforeModesTestExecutionListener@72720319, org.springframework.boot.test.mock.mockito.MockitoTestExecutionListener@64b6f0a, org.springframework.boot.test.autoconfigure.SpringBootDependencyInjectionTestExecutionListener@1133f8f7, org.springframework.test.context.support.DirtiesContextTestExecutionListener@719a4ab3, org.springframework.test.context.transaction.TransactionalTestExecutionListener@1392e552, org.springframework.test.context.jdbc.SqlScriptsTestExecutionListener@4e7ceb15, org.springframework.security.test.context.support.WithSecurityContextTestExecutionListener@4086466d, org.springframework.security.test.context.support.ReactorContextTestExecutionListener@63ea431c, org.springframework.boot.test.autoconfigure.restdocs.RestDocsTestExecutionListener@67d68246, org.springframework.boot.test.autoconfigure.web.client.MockRestServiceServerResetTestExecutionListener@4edbf9ea, org.springframework.boot.test.autoconfigure.web.servlet.MockMvcPrintOnlyOnFailureTestExecutionListener@3c9c7b72, org.springframework.boot.test.autoconfigure.web.servlet.WebDriverTestExecutionListener@d5f2d5e, org.springframework.boot.test.mock.mockito.ResetMocksTestExecutionListener@5ec85a01]
2021-05-12 16:21:34.877  INFO 41696 --- [    Test worker] o.a.c.c.C.[Tomcat].[localhost].[/]       : Initializing Spring TestDispatcherServlet ''
2021-05-12 16:21:34.880  INFO 41696 --- [    Test worker] o.s.t.web.servlet.TestDispatcherServlet  : Initializing Servlet ''
2021-05-12 16:21:34.890  INFO 41696 --- [    Test worker] o.s.t.web.servlet.TestDispatcherServlet  : Completed initialization in 9 ms
Hibernate: insert into posts (created_date, modified_date, author, content, title) values (?, ?, ?, ?, ?)
Hibernate: select posts0_.id as id1_4_, posts0_.created_date as created_2_4_, posts0_.modified_date as modified3_4_, posts0_.author as author4_4_, posts0_.content as content5_4_, posts0_.title as title6_4_ from posts posts0_
Hibernate: select posts0_.id as id1_4_, posts0_.created_date as created_2_4_, posts0_.modified_date as modified3_4_, posts0_.author as author4_4_, posts0_.content as content5_4_, posts0_.title as title6_4_ from posts posts0_
Hibernate: delete from posts where id=?
2021-05-12 16:21:34.940  INFO 41696 --- [    Test worker] o.a.c.c.C.[Tomcat].[localhost].[/]       : Initializing Spring TestDispatcherServlet ''
2021-05-12 16:21:34.940  INFO 41696 --- [    Test worker] o.s.t.web.servlet.TestDispatcherServlet  : Initializing Servlet ''
2021-05-12 16:21:34.946  INFO 41696 --- [    Test worker] o.s.t.web.servlet.TestDispatcherServlet  : Completed initialization in 6 ms
Hibernate: insert into posts (created_date, modified_date, author, content, title) values (?, ?, ?, ?, ?)
Hibernate: select posts0_.id as id1_4_0_, posts0_.created_date as created_2_4_0_, posts0_.modified_date as modified3_4_0_, posts0_.author as author4_4_0_, posts0_.content as content5_4_0_, posts0_.title as title6_4_0_ from posts posts0_ where posts0_.id=?
Hibernate: update posts set created_date=?, modified_date=?, author=?, content=?, title=? where id=?
Hibernate: select posts0_.id as id1_4_, posts0_.created_date as created_2_4_, posts0_.modified_date as modified3_4_, posts0_.author as author4_4_, posts0_.content as content5_4_, posts0_.title as title6_4_ from posts posts0_
Hibernate: select posts0_.id as id1_4_, posts0_.created_date as created_2_4_, posts0_.modified_date as modified3_4_, posts0_.author as author4_4_, posts0_.content as content5_4_, posts0_.title as title6_4_ from posts posts0_
Hibernate: delete from posts where id=?
]]></system-out>
  <system-err><![CDATA[]]></system-err>
</testsuite>
