<?xml version="1.0" encoding="UTF-8"?>
<testsuite name="com.bst_aws.springboot.domain.posts.PostsRepositoryTest" tests="2" skipped="0" failures="0" errors="0" timestamp="2021-06-01T14:42:20" hostname="LAPTOP-OPVE6PBK" time="0.074">
  <properties/>
  <testcase name="게시글저장_불러오기" classname="com.bst_aws.springboot.domain.posts.PostsRepositoryTest" time="0.041"/>
  <testcase name="BaseTimeEntity_등록" classname="com.bst_aws.springboot.domain.posts.PostsRepositoryTest" time="0.026"/>
  <system-out><![CDATA[2021-06-01 23:42:20.775  INFO 18852 --- [    Test worker] .b.t.c.SpringBootTestContextBootstrapper : Neither @ContextConfiguration nor @ContextHierarchy found for test class [com.bst_aws.springboot.domain.posts.PostsRepositoryTest], using SpringBootContextLoader
2021-06-01 23:42:20.778  INFO 18852 --- [    Test worker] o.s.t.c.support.AbstractContextLoader    : Could not detect default resource locations for test class [com.bst_aws.springboot.domain.posts.PostsRepositoryTest]: no resource found for suffixes {-context.xml, Context.groovy}.
2021-06-01 23:42:20.782  INFO 18852 --- [    Test worker] t.c.s.AnnotationConfigContextLoaderUtils : Could not detect default configuration classes for test class [com.bst_aws.springboot.domain.posts.PostsRepositoryTest]: PostsRepositoryTest does not declare any static, non-private, non-final, nested classes annotated with @Configuration.
2021-06-01 23:42:20.789  INFO 18852 --- [    Test worker] .b.t.c.SpringBootTestContextBootstrapper : Found @SpringBootConfiguration com.bst_aws.springboot.Application for test class com.bst_aws.springboot.domain.posts.PostsRepositoryTest
2021-06-01 23:42:20.793  INFO 18852 --- [    Test worker] .b.t.c.SpringBootTestContextBootstrapper : Loaded default TestExecutionListener class names from location [META-INF/spring.factories]: [org.springframework.security.test.context.support.WithSecurityContextTestExecutionListener, org.springframework.security.test.context.support.ReactorContextTestExecutionListener, org.springframework.boot.test.autoconfigure.restdocs.RestDocsTestExecutionListener, org.springframework.boot.test.autoconfigure.web.client.MockRestServiceServerResetTestExecutionListener, org.springframework.boot.test.autoconfigure.web.servlet.MockMvcPrintOnlyOnFailureTestExecutionListener, org.springframework.boot.test.autoconfigure.web.servlet.WebDriverTestExecutionListener, org.springframework.boot.test.mock.mockito.MockitoTestExecutionListener, org.springframework.boot.test.mock.mockito.ResetMocksTestExecutionListener, org.springframework.test.context.web.ServletTestExecutionListener, org.springframework.test.context.support.DirtiesContextBeforeModesTestExecutionListener, org.springframework.test.context.support.DependencyInjectionTestExecutionListener, org.springframework.test.context.support.DirtiesContextTestExecutionListener, org.springframework.test.context.transaction.TransactionalTestExecutionListener, org.springframework.test.context.jdbc.SqlScriptsTestExecutionListener]
2021-06-01 23:42:20.802  INFO 18852 --- [    Test worker] .b.t.c.SpringBootTestContextBootstrapper : Using TestExecutionListeners: [org.springframework.test.context.web.ServletTestExecutionListener@29c3440b, org.springframework.test.context.support.DirtiesContextBeforeModesTestExecutionListener@171569c6, org.springframework.boot.test.mock.mockito.MockitoTestExecutionListener@4f28d44d, org.springframework.boot.test.autoconfigure.SpringBootDependencyInjectionTestExecutionListener@31fdda62, org.springframework.test.context.support.DirtiesContextTestExecutionListener@2ad334a, org.springframework.test.context.transaction.TransactionalTestExecutionListener@3e4a3180, org.springframework.test.context.jdbc.SqlScriptsTestExecutionListener@374910b8, org.springframework.security.test.context.support.WithSecurityContextTestExecutionListener@6838f2f9, org.springframework.security.test.context.support.ReactorContextTestExecutionListener@364abd7, org.springframework.boot.test.autoconfigure.restdocs.RestDocsTestExecutionListener@6c4d5c0a, org.springframework.boot.test.autoconfigure.web.client.MockRestServiceServerResetTestExecutionListener@13fe5deb, org.springframework.boot.test.autoconfigure.web.servlet.MockMvcPrintOnlyOnFailureTestExecutionListener@3cfeda57, org.springframework.boot.test.autoconfigure.web.servlet.WebDriverTestExecutionListener@1ae2f40c, org.springframework.boot.test.mock.mockito.ResetMocksTestExecutionListener@1cc95656]
Hibernate: insert into posts (created_date, modified_date, author, content, title) values (?, ?, ?, ?, ?)
Hibernate: select posts0_.id as id1_3_, posts0_.created_date as created_2_3_, posts0_.modified_date as modified3_3_, posts0_.author as author4_3_, posts0_.content as content5_3_, posts0_.title as title6_3_ from posts posts0_
Hibernate: select posts0_.id as id1_3_, posts0_.created_date as created_2_3_, posts0_.modified_date as modified3_3_, posts0_.author as author4_3_, posts0_.content as content5_3_, posts0_.title as title6_3_ from posts posts0_
Hibernate: delete from posts where id=?
Hibernate: insert into posts (created_date, modified_date, author, content, title) values (?, ?, ?, ?, ?)
Hibernate: select posts0_.id as id1_3_, posts0_.created_date as created_2_3_, posts0_.modified_date as modified3_3_, posts0_.author as author4_3_, posts0_.content as content5_3_, posts0_.title as title6_3_ from posts posts0_
>>>>>>>>> createDate=2021-06-01T23:42:20.874, modifiedDate=2021-06-01T23:42:20.874
Hibernate: select posts0_.id as id1_3_, posts0_.created_date as created_2_3_, posts0_.modified_date as modified3_3_, posts0_.author as author4_3_, posts0_.content as content5_3_, posts0_.title as title6_3_ from posts posts0_
Hibernate: delete from posts where id=?
]]></system-out>
  <system-err><![CDATA[]]></system-err>
</testsuite>
