<?xml version="1.0" encoding="UTF-8"?>
<testsuite name="com.bst_aws.springboot.domain.posts.PostsRepositoryTest" tests="2" skipped="0" failures="0" errors="0" timestamp="2021-03-29T12:09:07" hostname="LAPTOP-OPVE6PBK" time="0.037">
  <properties/>
  <testcase name="게시글저장_불러오기" classname="com.bst_aws.springboot.domain.posts.PostsRepositoryTest" time="0.024"/>
  <testcase name="BaseTimeEntity_등록" classname="com.bst_aws.springboot.domain.posts.PostsRepositoryTest" time="0.012"/>
  <system-out><![CDATA[2021-03-29 21:09:07.762  INFO 20716 --- [    Test worker] .b.t.c.SpringBootTestContextBootstrapper : Neither @ContextConfiguration nor @ContextHierarchy found for test class [com.bst_aws.springboot.domain.posts.PostsRepositoryTest], using SpringBootContextLoader
2021-03-29 21:09:07.764  INFO 20716 --- [    Test worker] o.s.t.c.support.AbstractContextLoader    : Could not detect default resource locations for test class [com.bst_aws.springboot.domain.posts.PostsRepositoryTest]: no resource found for suffixes {-context.xml, Context.groovy}.
2021-03-29 21:09:07.764  INFO 20716 --- [    Test worker] t.c.s.AnnotationConfigContextLoaderUtils : Could not detect default configuration classes for test class [com.bst_aws.springboot.domain.posts.PostsRepositoryTest]: PostsRepositoryTest does not declare any static, non-private, non-final, nested classes annotated with @Configuration.
2021-03-29 21:09:07.767  INFO 20716 --- [    Test worker] .b.t.c.SpringBootTestContextBootstrapper : Found @SpringBootConfiguration com.bst_aws.springboot.Application for test class com.bst_aws.springboot.domain.posts.PostsRepositoryTest
2021-03-29 21:09:07.770  INFO 20716 --- [    Test worker] .b.t.c.SpringBootTestContextBootstrapper : Loaded default TestExecutionListener class names from location [META-INF/spring.factories]: [org.springframework.security.test.context.support.WithSecurityContextTestExecutionListener, org.springframework.security.test.context.support.ReactorContextTestExecutionListener, org.springframework.boot.test.autoconfigure.restdocs.RestDocsTestExecutionListener, org.springframework.boot.test.autoconfigure.web.client.MockRestServiceServerResetTestExecutionListener, org.springframework.boot.test.autoconfigure.web.servlet.MockMvcPrintOnlyOnFailureTestExecutionListener, org.springframework.boot.test.autoconfigure.web.servlet.WebDriverTestExecutionListener, org.springframework.boot.test.mock.mockito.MockitoTestExecutionListener, org.springframework.boot.test.mock.mockito.ResetMocksTestExecutionListener, org.springframework.test.context.web.ServletTestExecutionListener, org.springframework.test.context.support.DirtiesContextBeforeModesTestExecutionListener, org.springframework.test.context.support.DependencyInjectionTestExecutionListener, org.springframework.test.context.support.DirtiesContextTestExecutionListener, org.springframework.test.context.transaction.TransactionalTestExecutionListener, org.springframework.test.context.jdbc.SqlScriptsTestExecutionListener]
2021-03-29 21:09:07.771  INFO 20716 --- [    Test worker] .b.t.c.SpringBootTestContextBootstrapper : Using TestExecutionListeners: [org.springframework.test.context.web.ServletTestExecutionListener@1415cc50, org.springframework.test.context.support.DirtiesContextBeforeModesTestExecutionListener@703b9bdf, org.springframework.boot.test.mock.mockito.MockitoTestExecutionListener@4497d231, org.springframework.boot.test.autoconfigure.SpringBootDependencyInjectionTestExecutionListener@428d4849, org.springframework.test.context.support.DirtiesContextTestExecutionListener@78407b04, org.springframework.test.context.transaction.TransactionalTestExecutionListener@5489e2b0, org.springframework.test.context.jdbc.SqlScriptsTestExecutionListener@2ef5a44a, org.springframework.security.test.context.support.WithSecurityContextTestExecutionListener@6127edd, org.springframework.security.test.context.support.ReactorContextTestExecutionListener@7d71ad40, org.springframework.boot.test.autoconfigure.restdocs.RestDocsTestExecutionListener@66765c3c, org.springframework.boot.test.autoconfigure.web.client.MockRestServiceServerResetTestExecutionListener@65a2634c, org.springframework.boot.test.autoconfigure.web.servlet.MockMvcPrintOnlyOnFailureTestExecutionListener@70530db3, org.springframework.boot.test.autoconfigure.web.servlet.WebDriverTestExecutionListener@b8a554, org.springframework.boot.test.mock.mockito.ResetMocksTestExecutionListener@547b8ec3]
Hibernate: insert into posts (created_date, modified_date, author, content, title) values (?, ?, ?, ?, ?)
Hibernate: select posts0_.id as id1_2_, posts0_.created_date as created_2_2_, posts0_.modified_date as modified3_2_, posts0_.author as author4_2_, posts0_.content as content5_2_, posts0_.title as title6_2_ from posts posts0_
Hibernate: select posts0_.id as id1_2_, posts0_.created_date as created_2_2_, posts0_.modified_date as modified3_2_, posts0_.author as author4_2_, posts0_.content as content5_2_, posts0_.title as title6_2_ from posts posts0_
Hibernate: delete from posts where id=?
Hibernate: insert into posts (created_date, modified_date, author, content, title) values (?, ?, ?, ?, ?)
Hibernate: select posts0_.id as id1_2_, posts0_.created_date as created_2_2_, posts0_.modified_date as modified3_2_, posts0_.author as author4_2_, posts0_.content as content5_2_, posts0_.title as title6_2_ from posts posts0_
>>>>>>>>> createDate=2021-03-29T21:09:07.804, modifiedDate=2021-03-29T21:09:07.804
Hibernate: select posts0_.id as id1_2_, posts0_.created_date as created_2_2_, posts0_.modified_date as modified3_2_, posts0_.author as author4_2_, posts0_.content as content5_2_, posts0_.title as title6_2_ from posts posts0_
Hibernate: delete from posts where id=?
]]></system-out>
  <system-err><![CDATA[]]></system-err>
</testsuite>
