<?xml version="1.0" encoding="UTF-8"?>
<testsuite name="com.bst_aws.springboot.domain.posts.CourtRepositoryTest" tests="1" skipped="0" failures="0" errors="0" timestamp="2021-05-30T10:48:16" hostname="LAPTOP-OPVE6PBK" time="0.063">
  <properties/>
  <testcase name="코트저장_불러오기" classname="com.bst_aws.springboot.domain.posts.CourtRepositoryTest" time="0.063"/>
  <system-out><![CDATA[2021-05-30 19:48:16.470  INFO 36256 --- [    Test worker] .b.t.c.SpringBootTestContextBootstrapper : Neither @ContextConfiguration nor @ContextHierarchy found for test class [com.bst_aws.springboot.domain.posts.CourtRepositoryTest], using SpringBootContextLoader
2021-05-30 19:48:16.474  INFO 36256 --- [    Test worker] o.s.t.c.support.AbstractContextLoader    : Could not detect default resource locations for test class [com.bst_aws.springboot.domain.posts.CourtRepositoryTest]: no resource found for suffixes {-context.xml, Context.groovy}.
2021-05-30 19:48:16.474  INFO 36256 --- [    Test worker] t.c.s.AnnotationConfigContextLoaderUtils : Could not detect default configuration classes for test class [com.bst_aws.springboot.domain.posts.CourtRepositoryTest]: CourtRepositoryTest does not declare any static, non-private, non-final, nested classes annotated with @Configuration.
2021-05-30 19:48:16.478  INFO 36256 --- [    Test worker] .b.t.c.SpringBootTestContextBootstrapper : Found @SpringBootConfiguration com.bst_aws.springboot.Application for test class com.bst_aws.springboot.domain.posts.CourtRepositoryTest
2021-05-30 19:48:16.483  INFO 36256 --- [    Test worker] .b.t.c.SpringBootTestContextBootstrapper : Loaded default TestExecutionListener class names from location [META-INF/spring.factories]: [org.springframework.security.test.context.support.WithSecurityContextTestExecutionListener, org.springframework.security.test.context.support.ReactorContextTestExecutionListener, org.springframework.boot.test.autoconfigure.restdocs.RestDocsTestExecutionListener, org.springframework.boot.test.autoconfigure.web.client.MockRestServiceServerResetTestExecutionListener, org.springframework.boot.test.autoconfigure.web.servlet.MockMvcPrintOnlyOnFailureTestExecutionListener, org.springframework.boot.test.autoconfigure.web.servlet.WebDriverTestExecutionListener, org.springframework.boot.test.mock.mockito.MockitoTestExecutionListener, org.springframework.boot.test.mock.mockito.ResetMocksTestExecutionListener, org.springframework.test.context.web.ServletTestExecutionListener, org.springframework.test.context.support.DirtiesContextBeforeModesTestExecutionListener, org.springframework.test.context.support.DependencyInjectionTestExecutionListener, org.springframework.test.context.support.DirtiesContextTestExecutionListener, org.springframework.test.context.transaction.TransactionalTestExecutionListener, org.springframework.test.context.jdbc.SqlScriptsTestExecutionListener]
2021-05-30 19:48:16.486  INFO 36256 --- [    Test worker] .b.t.c.SpringBootTestContextBootstrapper : Using TestExecutionListeners: [org.springframework.test.context.web.ServletTestExecutionListener@5e955b14, org.springframework.test.context.support.DirtiesContextBeforeModesTestExecutionListener@76b1620c, org.springframework.boot.test.mock.mockito.MockitoTestExecutionListener@4981d968, org.springframework.boot.test.autoconfigure.SpringBootDependencyInjectionTestExecutionListener@32a31d28, org.springframework.test.context.support.DirtiesContextTestExecutionListener@461aad93, org.springframework.test.context.transaction.TransactionalTestExecutionListener@3b46165e, org.springframework.test.context.jdbc.SqlScriptsTestExecutionListener@7c4bc2c7, org.springframework.security.test.context.support.WithSecurityContextTestExecutionListener@562bda3b, org.springframework.security.test.context.support.ReactorContextTestExecutionListener@454e9358, org.springframework.boot.test.autoconfigure.restdocs.RestDocsTestExecutionListener@4eb18949, org.springframework.boot.test.autoconfigure.web.client.MockRestServiceServerResetTestExecutionListener@6cce27a2, org.springframework.boot.test.autoconfigure.web.servlet.MockMvcPrintOnlyOnFailureTestExecutionListener@643cd202, org.springframework.boot.test.autoconfigure.web.servlet.WebDriverTestExecutionListener@55d9598e, org.springframework.boot.test.mock.mockito.ResetMocksTestExecutionListener@17e069bd]
Hibernate: insert into court (created_date, modified_date, address, district, e, info, n, name, web) values (?, ?, ?, ?, ?, ?, ?, ?, ?)
Hibernate: select court0_.id as id1_1_, court0_.created_date as created_2_1_, court0_.modified_date as modified3_1_, court0_.address as address4_1_, court0_.district as district5_1_, court0_.e as e6_1_, court0_.info as info7_1_, court0_.n as n8_1_, court0_.name as name9_1_, court0_.web as web10_1_ from court court0_
Hibernate: select court0_.id as id1_1_, court0_.created_date as created_2_1_, court0_.modified_date as modified3_1_, court0_.address as address4_1_, court0_.district as district5_1_, court0_.e as e6_1_, court0_.info as info7_1_, court0_.n as n8_1_, court0_.name as name9_1_, court0_.web as web10_1_ from court court0_
Hibernate: delete from court where id=?
]]></system-out>
  <system-err><![CDATA[]]></system-err>
</testsuite>
