<?xml version="1.0" encoding="UTF-8"?>
<testsuite name="com.bst_aws.springboot.domain.posts.CommentRepositoryTeset" tests="1" skipped="0" failures="0" errors="0" timestamp="2021-05-12T07:21:34" hostname="LAPTOP-OPVE6PBK" time="0.071">
  <properties/>
  <testcase name="댓글저장_불러오기" classname="com.bst_aws.springboot.domain.posts.CommentRepositoryTeset" time="0.071"/>
  <system-out><![CDATA[2021-05-12 16:21:28.920  INFO 41696 --- [    Test worker] .b.t.c.SpringBootTestContextBootstrapper : Neither @ContextConfiguration nor @ContextHierarchy found for test class [com.bst_aws.springboot.domain.posts.CommentRepositoryTeset], using SpringBootContextLoader
2021-05-12 16:21:28.922  INFO 41696 --- [    Test worker] o.s.t.c.support.AbstractContextLoader    : Could not detect default resource locations for test class [com.bst_aws.springboot.domain.posts.CommentRepositoryTeset]: no resource found for suffixes {-context.xml, Context.groovy}.
2021-05-12 16:21:28.922  INFO 41696 --- [    Test worker] t.c.s.AnnotationConfigContextLoaderUtils : Could not detect default configuration classes for test class [com.bst_aws.springboot.domain.posts.CommentRepositoryTeset]: CommentRepositoryTeset does not declare any static, non-private, non-final, nested classes annotated with @Configuration.
2021-05-12 16:21:28.972  INFO 41696 --- [    Test worker] .b.t.c.SpringBootTestContextBootstrapper : Found @SpringBootConfiguration com.bst_aws.springboot.Application for test class com.bst_aws.springboot.domain.posts.CommentRepositoryTeset
2021-05-12 16:21:28.977  INFO 41696 --- [    Test worker] .b.t.c.SpringBootTestContextBootstrapper : Loaded default TestExecutionListener class names from location [META-INF/spring.factories]: [org.springframework.security.test.context.support.WithSecurityContextTestExecutionListener, org.springframework.security.test.context.support.ReactorContextTestExecutionListener, org.springframework.boot.test.autoconfigure.restdocs.RestDocsTestExecutionListener, org.springframework.boot.test.autoconfigure.web.client.MockRestServiceServerResetTestExecutionListener, org.springframework.boot.test.autoconfigure.web.servlet.MockMvcPrintOnlyOnFailureTestExecutionListener, org.springframework.boot.test.autoconfigure.web.servlet.WebDriverTestExecutionListener, org.springframework.boot.test.mock.mockito.MockitoTestExecutionListener, org.springframework.boot.test.mock.mockito.ResetMocksTestExecutionListener, org.springframework.test.context.web.ServletTestExecutionListener, org.springframework.test.context.support.DirtiesContextBeforeModesTestExecutionListener, org.springframework.test.context.support.DependencyInjectionTestExecutionListener, org.springframework.test.context.support.DirtiesContextTestExecutionListener, org.springframework.test.context.transaction.TransactionalTestExecutionListener, org.springframework.test.context.jdbc.SqlScriptsTestExecutionListener]
2021-05-12 16:21:28.980  INFO 41696 --- [    Test worker] .b.t.c.SpringBootTestContextBootstrapper : Using TestExecutionListeners: [org.springframework.test.context.web.ServletTestExecutionListener@3657648f, org.springframework.test.context.support.DirtiesContextBeforeModesTestExecutionListener@700643dd, org.springframework.boot.test.mock.mockito.MockitoTestExecutionListener@1b1a7f05, org.springframework.boot.test.autoconfigure.SpringBootDependencyInjectionTestExecutionListener@7b416946, org.springframework.test.context.support.DirtiesContextTestExecutionListener@763f09bd, org.springframework.test.context.transaction.TransactionalTestExecutionListener@3465b40c, org.springframework.test.context.jdbc.SqlScriptsTestExecutionListener@7c4f07d2, org.springframework.security.test.context.support.WithSecurityContextTestExecutionListener@c344a44, org.springframework.security.test.context.support.ReactorContextTestExecutionListener@2c8c89e, org.springframework.boot.test.autoconfigure.restdocs.RestDocsTestExecutionListener@1b14d91f, org.springframework.boot.test.autoconfigure.web.client.MockRestServiceServerResetTestExecutionListener@1fe13c38, org.springframework.boot.test.autoconfigure.web.servlet.MockMvcPrintOnlyOnFailureTestExecutionListener@31a923ea, org.springframework.boot.test.autoconfigure.web.servlet.WebDriverTestExecutionListener@75618179, org.springframework.boot.test.mock.mockito.ResetMocksTestExecutionListener@480062eb]

  .   ____          _            __ _ _
 /\\ / ___'_ __ _ _(_)_ __  __ _ \ \ \ \
( ( )\___ | '_ | '_| | '_ \/ _` | \ \ \ \
 \\/  ___)| |_)| | | | | || (_| |  ) ) ) )
  '  |____| .__|_| |_|_| |_\__, | / / / /
 =========|_|==============|___/=/_/_/_/
 :: Spring Boot ::        (v2.1.9.RELEASE)

2021-05-12 16:21:29.098  INFO 41696 --- [    Test worker] c.b.s.d.posts.CommentRepositoryTeset     : Starting CommentRepositoryTeset on LAPTOP-OPVE6PBK with PID 41696 (started by bgwb0 in C:\Users\bgwb0\Desktop\bst_aws)
2021-05-12 16:21:29.099  INFO 41696 --- [    Test worker] c.b.s.d.posts.CommentRepositoryTeset     : No active profile set, falling back to default profiles: default
2021-05-12 16:21:30.050  INFO 41696 --- [    Test worker] .s.d.r.c.RepositoryConfigurationDelegate : Bootstrapping Spring Data repositories in DEFAULT mode.
2021-05-12 16:21:30.211  INFO 41696 --- [    Test worker] .s.d.r.c.RepositoryConfigurationDelegate : Finished Spring Data repository scanning in 160ms. Found 7 repository interfaces.
2021-05-12 16:21:30.495  INFO 41696 --- [    Test worker] trationDelegate$BeanPostProcessorChecker : Bean 'org.springframework.transaction.annotation.ProxyTransactionManagementConfiguration' of type [org.springframework.transaction.annotation.ProxyTransactionManagementConfiguration$$EnhancerBySpringCGLIB$$f8983cf0] is not eligible for getting processed by all BeanPostProcessors (for example: not eligible for auto-proxying)
2021-05-12 16:21:30.728  INFO 41696 --- [    Test worker] com.zaxxer.hikari.HikariDataSource       : HikariPool-2 - Starting...
2021-05-12 16:21:30.729  INFO 41696 --- [    Test worker] com.zaxxer.hikari.HikariDataSource       : HikariPool-2 - Start completed.
2021-05-12 16:21:30.885  INFO 41696 --- [    Test worker] o.hibernate.jpa.internal.util.LogHelper  : HHH000204: Processing PersistenceUnitInfo [
	name: default
	...]
2021-05-12 16:21:30.926  INFO 41696 --- [    Test worker] org.hibernate.dialect.Dialect            : HHH000400: Using dialect: org.hibernate.dialect.MySQL5InnoDBDialect
Hibernate: alter table comment drop foreign key FKs1slvnkuemjsq2kj4h3vhx7i1
Hibernate: alter table comment drop foreign key FK8kcum44fvpupyw6f5baccx25c
Hibernate: alter table post drop foreign key FK72mt33dhhs48hf9gcqrq4fxte
Hibernate: drop table if exists comment
Hibernate: drop table if exists court
Hibernate: drop table if exists lesson
Hibernate: drop table if exists post
Hibernate: drop table if exists posts
Hibernate: drop table if exists user
Hibernate: drop table if exists vcount
Hibernate: create table comment (id bigint not null auto_increment, created_date datetime, modified_date datetime, content Text not null, status varchar(255), post_id bigint, user_id bigint, primary key (id)) engine=InnoDB
Hibernate: create table court (id bigint not null auto_increment, created_date datetime, modified_date datetime, address varchar(255), district varchar(255), e double precision, info TEXT not null, n double precision, name varchar(255), web varchar(255), primary key (id)) engine=InnoDB
Hibernate: create table lesson (id bigint not null auto_increment, created_date datetime, modified_date datetime, address varchar(255), district varchar(255), e double precision, info TEXT not null, n double precision, name varchar(255), web varchar(255), primary key (id)) engine=InnoDB
Hibernate: create table post (id bigint not null auto_increment, created_date datetime, modified_date datetime, content TEXT not null, created_by varchar(255), d_day varchar(255), district varchar(255), hits integer not null, status varchar(255), title varchar(255), user_id bigint, primary key (id)) engine=InnoDB
Hibernate: create table posts (id bigint not null auto_increment, created_date datetime, modified_date datetime, author varchar(255), content TEXT not null, title varchar(500) not null, primary key (id)) engine=InnoDB
Hibernate: create table user (id bigint not null auto_increment, created_date datetime, modified_date datetime, email varchar(255) not null, name varchar(255) not null, picture varchar(255), role varchar(255) not null, primary key (id)) engine=InnoDB
Hibernate: create table vcount (id bigint not null auto_increment, created_date datetime, modified_date datetime, count integer, user_email varchar(255), visited_date varchar(255), primary key (id)) engine=InnoDB
Hibernate: alter table comment add constraint FKs1slvnkuemjsq2kj4h3vhx7i1 foreign key (post_id) references post (id)
Hibernate: alter table comment add constraint FK8kcum44fvpupyw6f5baccx25c foreign key (user_id) references user (id)
Hibernate: alter table post add constraint FK72mt33dhhs48hf9gcqrq4fxte foreign key (user_id) references user (id)
2021-05-12 16:21:31.138  INFO 41696 --- [    Test worker] o.h.t.schema.internal.SchemaCreatorImpl  : HHH000476: Executing import script 'org.hibernate.tool.schema.internal.exec.ScriptSourceInputNonExistentImpl@40f0939d'
2021-05-12 16:21:31.138  INFO 41696 --- [    Test worker] j.LocalContainerEntityManagerFactoryBean : Initialized JPA EntityManagerFactory for persistence unit 'default'
2021-05-12 16:21:31.621  INFO 41696 --- [    Test worker] o.h.h.i.QueryTranslatorFactoryInitiator  : HHH000397: Using ASTQueryTranslatorFactory
2021-05-12 16:21:32.246  INFO 41696 --- [    Test worker] o.s.s.web.DefaultSecurityFilterChain     : Creating filter chain: any request, [org.springframework.security.web.context.request.async.WebAsyncManagerIntegrationFilter@7a11aed1, org.springframework.security.web.context.SecurityContextPersistenceFilter@3ed06691, org.springframework.security.web.header.HeaderWriterFilter@53a6bcbe, org.springframework.security.web.authentication.logout.LogoutFilter@3ffd6025, org.springframework.security.oauth2.client.web.OAuth2AuthorizationRequestRedirectFilter@69810dfe, org.springframework.security.oauth2.client.web.OAuth2LoginAuthenticationFilter@30629754, org.springframework.security.web.authentication.ui.DefaultLoginPageGeneratingFilter@2a47a0e, org.springframework.security.web.authentication.ui.DefaultLogoutPageGeneratingFilter@e77483b, org.springframework.security.web.savedrequest.RequestCacheAwareFilter@d66b7df, org.springframework.security.web.servletapi.SecurityContextHolderAwareRequestFilter@6bc3a981, org.springframework.security.web.authentication.AnonymousAuthenticationFilter@6f784af6, org.springframework.security.web.session.SessionManagementFilter@32cb68a7, org.springframework.security.web.access.ExceptionTranslationFilter@4c5feb47, org.springframework.security.web.access.intercept.FilterSecurityInterceptor@138ce3d3]
2021-05-12 16:21:32.979  INFO 41696 --- [    Test worker] o.s.s.concurrent.ThreadPoolTaskExecutor  : Initializing ExecutorService 'applicationTaskExecutor'
2021-05-12 16:21:33.005  WARN 41696 --- [    Test worker] aWebConfiguration$JpaWebMvcConfiguration : spring.jpa.open-in-view is enabled by default. Therefore, database queries may be performed during view rendering. Explicitly configure spring.jpa.open-in-view to disable this warning
2021-05-12 16:21:33.086  INFO 41696 --- [    Test worker] o.s.b.a.w.s.WelcomePageHandlerMapping    : Adding welcome page template: index
2021-05-12 16:21:34.017  INFO 41696 --- [    Test worker] s.a.ScheduledAnnotationBeanPostProcessor : No TaskScheduler/ScheduledExecutorService bean found for scheduled processing
2021-05-12 16:21:34.020  INFO 41696 --- [    Test worker] c.b.s.d.posts.CommentRepositoryTeset     : Started CommentRepositoryTeset in 5.024 seconds (JVM running for 29.928)
Hibernate: insert into user (created_date, modified_date, email, name, picture, role) values (?, ?, ?, ?, ?, ?)
Hibernate: insert into post (created_date, modified_date, content, created_by, d_day, district, hits, status, title, user_id) values (?, ?, ?, ?, ?, ?, ?, ?, ?, ?)
Hibernate: select post0_.id as id1_3_, post0_.created_date as created_2_3_, post0_.modified_date as modified3_3_, post0_.content as content4_3_, post0_.created_by as created_5_3_, post0_.d_day as d_day6_3_, post0_.district as district7_3_, post0_.hits as hits8_3_, post0_.status as status9_3_, post0_.title as title10_3_, post0_.user_id as user_id11_3_ from post post0_
Hibernate: select user0_.id as id1_5_0_, user0_.created_date as created_2_5_0_, user0_.modified_date as modified3_5_0_, user0_.email as email4_5_0_, user0_.name as name5_5_0_, user0_.picture as picture6_5_0_, user0_.role as role7_5_0_ from user user0_ where user0_.id=?
Hibernate: select user0_.id as id1_5_, user0_.created_date as created_2_5_, user0_.modified_date as modified3_5_, user0_.email as email4_5_, user0_.name as name5_5_, user0_.picture as picture6_5_, user0_.role as role7_5_ from user user0_
Hibernate: insert into comment (created_date, modified_date, content, post_id, status, user_id) values (?, ?, ?, ?, ?, ?)
Hibernate: select comment0_.id as id1_0_, comment0_.created_date as created_2_0_, comment0_.modified_date as modified3_0_, comment0_.content as content4_0_, comment0_.post_id as post_id6_0_, comment0_.status as status5_0_, comment0_.user_id as user_id7_0_ from comment comment0_
Hibernate: select comment0_.id as id1_0_, comment0_.created_date as created_2_0_, comment0_.modified_date as modified3_0_, comment0_.content as content4_0_, comment0_.post_id as post_id6_0_, comment0_.status as status5_0_, comment0_.user_id as user_id7_0_ from comment comment0_
Hibernate: delete from comment where id=?
]]></system-out>
  <system-err><![CDATA[]]></system-err>
</testsuite>
