<?xml version="1.0" encoding="UTF-8"?>
<testsuite name="com.bst_aws.springboot.domain.posts.LessonRepositoryTest" tests="2" skipped="0" failures="0" errors="0" timestamp="2021-05-12T07:21:34" hostname="LAPTOP-OPVE6PBK" time="0.07">
  <properties/>
  <testcase name="레슨저장_불러오기" classname="com.bst_aws.springboot.domain.posts.LessonRepositoryTest" time="0.033"/>
  <testcase name="지역목록_불러오기" classname="com.bst_aws.springboot.domain.posts.LessonRepositoryTest" time="0.035"/>
  <system-out><![CDATA[2021-05-12 16:21:34.168  INFO 41696 --- [    Test worker] .b.t.c.SpringBootTestContextBootstrapper : Neither @ContextConfiguration nor @ContextHierarchy found for test class [com.bst_aws.springboot.domain.posts.LessonRepositoryTest], using SpringBootContextLoader
2021-05-12 16:21:34.171  INFO 41696 --- [    Test worker] o.s.t.c.support.AbstractContextLoader    : Could not detect default resource locations for test class [com.bst_aws.springboot.domain.posts.LessonRepositoryTest]: no resource found for suffixes {-context.xml, Context.groovy}.
2021-05-12 16:21:34.172  INFO 41696 --- [    Test worker] t.c.s.AnnotationConfigContextLoaderUtils : Could not detect default configuration classes for test class [com.bst_aws.springboot.domain.posts.LessonRepositoryTest]: LessonRepositoryTest does not declare any static, non-private, non-final, nested classes annotated with @Configuration.
2021-05-12 16:21:34.176  INFO 41696 --- [    Test worker] .b.t.c.SpringBootTestContextBootstrapper : Found @SpringBootConfiguration com.bst_aws.springboot.Application for test class com.bst_aws.springboot.domain.posts.LessonRepositoryTest
2021-05-12 16:21:34.181  INFO 41696 --- [    Test worker] .b.t.c.SpringBootTestContextBootstrapper : Loaded default TestExecutionListener class names from location [META-INF/spring.factories]: [org.springframework.security.test.context.support.WithSecurityContextTestExecutionListener, org.springframework.security.test.context.support.ReactorContextTestExecutionListener, org.springframework.boot.test.autoconfigure.restdocs.RestDocsTestExecutionListener, org.springframework.boot.test.autoconfigure.web.client.MockRestServiceServerResetTestExecutionListener, org.springframework.boot.test.autoconfigure.web.servlet.MockMvcPrintOnlyOnFailureTestExecutionListener, org.springframework.boot.test.autoconfigure.web.servlet.WebDriverTestExecutionListener, org.springframework.boot.test.mock.mockito.MockitoTestExecutionListener, org.springframework.boot.test.mock.mockito.ResetMocksTestExecutionListener, org.springframework.test.context.web.ServletTestExecutionListener, org.springframework.test.context.support.DirtiesContextBeforeModesTestExecutionListener, org.springframework.test.context.support.DependencyInjectionTestExecutionListener, org.springframework.test.context.support.DirtiesContextTestExecutionListener, org.springframework.test.context.transaction.TransactionalTestExecutionListener, org.springframework.test.context.jdbc.SqlScriptsTestExecutionListener]
2021-05-12 16:21:34.183  INFO 41696 --- [    Test worker] .b.t.c.SpringBootTestContextBootstrapper : Using TestExecutionListeners: [org.springframework.test.context.web.ServletTestExecutionListener@5bbb662f, org.springframework.test.context.support.DirtiesContextBeforeModesTestExecutionListener@100de10b, org.springframework.boot.test.mock.mockito.MockitoTestExecutionListener@1956d710, org.springframework.boot.test.autoconfigure.SpringBootDependencyInjectionTestExecutionListener@4fdef45b, org.springframework.test.context.support.DirtiesContextTestExecutionListener@4f546991, org.springframework.test.context.transaction.TransactionalTestExecutionListener@302edcc9, org.springframework.test.context.jdbc.SqlScriptsTestExecutionListener@1f6f638b, org.springframework.security.test.context.support.WithSecurityContextTestExecutionListener@27ab2011, org.springframework.security.test.context.support.ReactorContextTestExecutionListener@4b5fdd94, org.springframework.boot.test.autoconfigure.restdocs.RestDocsTestExecutionListener@dd198a2, org.springframework.boot.test.autoconfigure.web.client.MockRestServiceServerResetTestExecutionListener@6946c1a8, org.springframework.boot.test.autoconfigure.web.servlet.MockMvcPrintOnlyOnFailureTestExecutionListener@1793cf39, org.springframework.boot.test.autoconfigure.web.servlet.WebDriverTestExecutionListener@22150322, org.springframework.boot.test.mock.mockito.ResetMocksTestExecutionListener@23009b4a]
Hibernate: insert into lesson (created_date, modified_date, address, district, e, info, n, name, web) values (?, ?, ?, ?, ?, ?, ?, ?, ?)
Hibernate: select lesson0_.id as id1_2_, lesson0_.created_date as created_2_2_, lesson0_.modified_date as modified3_2_, lesson0_.address as address4_2_, lesson0_.district as district5_2_, lesson0_.e as e6_2_, lesson0_.info as info7_2_, lesson0_.n as n8_2_, lesson0_.name as name9_2_, lesson0_.web as web10_2_ from lesson lesson0_
Hibernate: select lesson0_.id as id1_2_, lesson0_.created_date as created_2_2_, lesson0_.modified_date as modified3_2_, lesson0_.address as address4_2_, lesson0_.district as district5_2_, lesson0_.e as e6_2_, lesson0_.info as info7_2_, lesson0_.n as n8_2_, lesson0_.name as name9_2_, lesson0_.web as web10_2_ from lesson lesson0_
Hibernate: delete from lesson where id=?
Hibernate: insert into lesson (created_date, modified_date, address, district, e, info, n, name, web) values (?, ?, ?, ?, ?, ?, ?, ?, ?)
Hibernate: insert into lesson (created_date, modified_date, address, district, e, info, n, name, web) values (?, ?, ?, ?, ?, ?, ?, ?, ?)
Hibernate: select lesson0_.district as col_0_0_ from lesson lesson0_ group by lesson0_.district order by lesson0_.district asc
Hibernate: select lesson0_.id as id1_2_, lesson0_.created_date as created_2_2_, lesson0_.modified_date as modified3_2_, lesson0_.address as address4_2_, lesson0_.district as district5_2_, lesson0_.e as e6_2_, lesson0_.info as info7_2_, lesson0_.n as n8_2_, lesson0_.name as name9_2_, lesson0_.web as web10_2_ from lesson lesson0_
Hibernate: delete from lesson where id=?
Hibernate: delete from lesson where id=?
]]></system-out>
  <system-err><![CDATA[]]></system-err>
</testsuite>
