<?xml version="1.0" encoding="UTF-8"?>
<testsuite name="com.bst_aws.springboot.web.CourtApiControllerTest" tests="1" skipped="0" failures="0" errors="0" timestamp="2021-06-01T14:42:21" hostname="LAPTOP-OPVE6PBK" time="0.051">
  <properties/>
  <testcase name="Court_등록된다" classname="com.bst_aws.springboot.web.CourtApiControllerTest" time="0.051"/>
  <system-out><![CDATA[2021-06-01 23:42:21.107  INFO 18852 --- [    Test worker] .b.t.c.SpringBootTestContextBootstrapper : Neither @ContextConfiguration nor @ContextHierarchy found for test class [com.bst_aws.springboot.web.CourtApiControllerTest], using SpringBootContextLoader
2021-06-01 23:42:21.109  INFO 18852 --- [    Test worker] o.s.t.c.support.AbstractContextLoader    : Could not detect default resource locations for test class [com.bst_aws.springboot.web.CourtApiControllerTest]: no resource found for suffixes {-context.xml, Context.groovy}.
2021-06-01 23:42:21.110  INFO 18852 --- [    Test worker] t.c.s.AnnotationConfigContextLoaderUtils : Could not detect default configuration classes for test class [com.bst_aws.springboot.web.CourtApiControllerTest]: CourtApiControllerTest does not declare any static, non-private, non-final, nested classes annotated with @Configuration.
2021-06-01 23:42:21.116  INFO 18852 --- [    Test worker] .b.t.c.SpringBootTestContextBootstrapper : Found @SpringBootConfiguration com.bst_aws.springboot.Application for test class com.bst_aws.springboot.web.CourtApiControllerTest
2021-06-01 23:42:21.120  INFO 18852 --- [    Test worker] .b.t.c.SpringBootTestContextBootstrapper : Loaded default TestExecutionListener class names from location [META-INF/spring.factories]: [org.springframework.security.test.context.support.WithSecurityContextTestExecutionListener, org.springframework.security.test.context.support.ReactorContextTestExecutionListener, org.springframework.boot.test.autoconfigure.restdocs.RestDocsTestExecutionListener, org.springframework.boot.test.autoconfigure.web.client.MockRestServiceServerResetTestExecutionListener, org.springframework.boot.test.autoconfigure.web.servlet.MockMvcPrintOnlyOnFailureTestExecutionListener, org.springframework.boot.test.autoconfigure.web.servlet.WebDriverTestExecutionListener, org.springframework.boot.test.mock.mockito.MockitoTestExecutionListener, org.springframework.boot.test.mock.mockito.ResetMocksTestExecutionListener, org.springframework.test.context.web.ServletTestExecutionListener, org.springframework.test.context.support.DirtiesContextBeforeModesTestExecutionListener, org.springframework.test.context.support.DependencyInjectionTestExecutionListener, org.springframework.test.context.support.DirtiesContextTestExecutionListener, org.springframework.test.context.transaction.TransactionalTestExecutionListener, org.springframework.test.context.jdbc.SqlScriptsTestExecutionListener]
2021-06-01 23:42:21.123  INFO 18852 --- [    Test worker] .b.t.c.SpringBootTestContextBootstrapper : Using TestExecutionListeners: [org.springframework.test.context.web.ServletTestExecutionListener@653bac05, org.springframework.test.context.support.DirtiesContextBeforeModesTestExecutionListener@23fb6541, org.springframework.boot.test.mock.mockito.MockitoTestExecutionListener@3312d7cd, org.springframework.boot.test.autoconfigure.SpringBootDependencyInjectionTestExecutionListener@68e709e9, org.springframework.test.context.support.DirtiesContextTestExecutionListener@5004cb74, org.springframework.test.context.transaction.TransactionalTestExecutionListener@28ad7d58, org.springframework.test.context.jdbc.SqlScriptsTestExecutionListener@d246b3f, org.springframework.security.test.context.support.WithSecurityContextTestExecutionListener@5d5c8333, org.springframework.security.test.context.support.ReactorContextTestExecutionListener@2b75ac87, org.springframework.boot.test.autoconfigure.restdocs.RestDocsTestExecutionListener@6871430c, org.springframework.boot.test.autoconfigure.web.client.MockRestServiceServerResetTestExecutionListener@4622b0ae, org.springframework.boot.test.autoconfigure.web.servlet.MockMvcPrintOnlyOnFailureTestExecutionListener@7f5ef642, org.springframework.boot.test.autoconfigure.web.servlet.WebDriverTestExecutionListener@79496cba, org.springframework.boot.test.mock.mockito.ResetMocksTestExecutionListener@1b4239bc]
2021-06-01 23:42:21.134  INFO 18852 --- [    Test worker] o.a.c.c.C.[Tomcat].[localhost].[/]       : Initializing Spring TestDispatcherServlet ''
2021-06-01 23:42:21.135  INFO 18852 --- [    Test worker] o.s.t.web.servlet.TestDispatcherServlet  : Initializing Servlet ''
2021-06-01 23:42:21.140  INFO 18852 --- [    Test worker] o.s.t.web.servlet.TestDispatcherServlet  : Completed initialization in 5 ms
Hibernate: insert into court (created_date, modified_date, address, district, e, info, n, name, web) values (?, ?, ?, ?, ?, ?, ?, ?, ?)
Hibernate: select court0_.id as id1_0_, court0_.created_date as created_2_0_, court0_.modified_date as modified3_0_, court0_.address as address4_0_, court0_.district as district5_0_, court0_.e as e6_0_, court0_.info as info7_0_, court0_.n as n8_0_, court0_.name as name9_0_, court0_.web as web10_0_ from court court0_
Hibernate: select court0_.id as id1_0_, court0_.created_date as created_2_0_, court0_.modified_date as modified3_0_, court0_.address as address4_0_, court0_.district as district5_0_, court0_.e as e6_0_, court0_.info as info7_0_, court0_.n as n8_0_, court0_.name as name9_0_, court0_.web as web10_0_ from court court0_
Hibernate: delete from court where id=?
]]></system-out>
  <system-err><![CDATA[]]></system-err>
</testsuite>
