<?xml version="1.0" encoding="UTF-8"?>
<testsuite name="com.bst_aws.springboot.web.CourtApiControllerTest" tests="1" skipped="0" failures="0" errors="0" timestamp="2021-04-15T12:21:54" hostname="LAPTOP-OPVE6PBK" time="0.32">
  <properties/>
  <testcase name="Court_등록된다" classname="com.bst_aws.springboot.web.CourtApiControllerTest" time="0.32"/>
  <system-out><![CDATA[2021-04-15 21:21:49.712  INFO 16292 --- [    Test worker] .b.t.c.SpringBootTestContextBootstrapper : Neither @ContextConfiguration nor @ContextHierarchy found for test class [com.bst_aws.springboot.web.CourtApiControllerTest], using SpringBootContextLoader
2021-04-15 21:21:49.715  INFO 16292 --- [    Test worker] o.s.t.c.support.AbstractContextLoader    : Could not detect default resource locations for test class [com.bst_aws.springboot.web.CourtApiControllerTest]: no resource found for suffixes {-context.xml, Context.groovy}.
2021-04-15 21:21:49.715  INFO 16292 --- [    Test worker] t.c.s.AnnotationConfigContextLoaderUtils : Could not detect default configuration classes for test class [com.bst_aws.springboot.web.CourtApiControllerTest]: CourtApiControllerTest does not declare any static, non-private, non-final, nested classes annotated with @Configuration.
2021-04-15 21:21:49.740  INFO 16292 --- [    Test worker] .b.t.c.SpringBootTestContextBootstrapper : Found @SpringBootConfiguration com.bst_aws.springboot.Application for test class com.bst_aws.springboot.web.CourtApiControllerTest
2021-04-15 21:21:49.743  INFO 16292 --- [    Test worker] .b.t.c.SpringBootTestContextBootstrapper : Loaded default TestExecutionListener class names from location [META-INF/spring.factories]: [org.springframework.security.test.context.support.WithSecurityContextTestExecutionListener, org.springframework.security.test.context.support.ReactorContextTestExecutionListener, org.springframework.boot.test.autoconfigure.restdocs.RestDocsTestExecutionListener, org.springframework.boot.test.autoconfigure.web.client.MockRestServiceServerResetTestExecutionListener, org.springframework.boot.test.autoconfigure.web.servlet.MockMvcPrintOnlyOnFailureTestExecutionListener, org.springframework.boot.test.autoconfigure.web.servlet.WebDriverTestExecutionListener, org.springframework.boot.test.mock.mockito.MockitoTestExecutionListener, org.springframework.boot.test.mock.mockito.ResetMocksTestExecutionListener, org.springframework.test.context.web.ServletTestExecutionListener, org.springframework.test.context.support.DirtiesContextBeforeModesTestExecutionListener, org.springframework.test.context.support.DependencyInjectionTestExecutionListener, org.springframework.test.context.support.DirtiesContextTestExecutionListener, org.springframework.test.context.transaction.TransactionalTestExecutionListener, org.springframework.test.context.jdbc.SqlScriptsTestExecutionListener]
2021-04-15 21:21:49.745  INFO 16292 --- [    Test worker] .b.t.c.SpringBootTestContextBootstrapper : Using TestExecutionListeners: [org.springframework.test.context.web.ServletTestExecutionListener@1e571e0d, org.springframework.test.context.support.DirtiesContextBeforeModesTestExecutionListener@4a74f67b, org.springframework.boot.test.mock.mockito.MockitoTestExecutionListener@613b435c, org.springframework.boot.test.autoconfigure.SpringBootDependencyInjectionTestExecutionListener@79a39f05, org.springframework.test.context.support.DirtiesContextTestExecutionListener@5fa2514a, org.springframework.test.context.transaction.TransactionalTestExecutionListener@3288b3eb, org.springframework.test.context.jdbc.SqlScriptsTestExecutionListener@9922745, org.springframework.security.test.context.support.WithSecurityContextTestExecutionListener@6c2cdac5, org.springframework.security.test.context.support.ReactorContextTestExecutionListener@2149fe0b, org.springframework.boot.test.autoconfigure.restdocs.RestDocsTestExecutionListener@56a90622, org.springframework.boot.test.autoconfigure.web.client.MockRestServiceServerResetTestExecutionListener@4e19bbbd, org.springframework.boot.test.autoconfigure.web.servlet.MockMvcPrintOnlyOnFailureTestExecutionListener@44e9aa49, org.springframework.boot.test.autoconfigure.web.servlet.WebDriverTestExecutionListener@2a3ead79, org.springframework.boot.test.mock.mockito.ResetMocksTestExecutionListener@3438360a]

  .   ____          _            __ _ _
 /\\ / ___'_ __ _ _(_)_ __  __ _ \ \ \ \
( ( )\___ | '_ | '_| | '_ \/ _` | \ \ \ \
 \\/  ___)| |_)| | | | | || (_| |  ) ) ) )
  '  |____| .__|_| |_|_| |_\__, | / / / /
 =========|_|==============|___/=/_/_/_/
 :: Spring Boot ::        (v2.1.9.RELEASE)

2021-04-15 21:21:49.850  INFO 16292 --- [    Test worker] c.b.s.web.CourtApiControllerTest         : Starting CourtApiControllerTest on LAPTOP-OPVE6PBK with PID 16292 (started by bgwb0 in C:\Users\bgwb0\Desktop\bst_aws)
2021-04-15 21:21:49.851  INFO 16292 --- [    Test worker] c.b.s.web.CourtApiControllerTest         : No active profile set, falling back to default profiles: default
2021-04-15 21:21:50.452  INFO 16292 --- [    Test worker] .s.d.r.c.RepositoryConfigurationDelegate : Bootstrapping Spring Data repositories in DEFAULT mode.
2021-04-15 21:21:50.559  INFO 16292 --- [    Test worker] .s.d.r.c.RepositoryConfigurationDelegate : Finished Spring Data repository scanning in 106ms. Found 7 repository interfaces.
2021-04-15 21:21:50.754  INFO 16292 --- [    Test worker] trationDelegate$BeanPostProcessorChecker : Bean 'org.springframework.transaction.annotation.ProxyTransactionManagementConfiguration' of type [org.springframework.transaction.annotation.ProxyTransactionManagementConfiguration$$EnhancerBySpringCGLIB$$843e2cf] is not eligible for getting processed by all BeanPostProcessors (for example: not eligible for auto-proxying)
2021-04-15 21:21:51.234  INFO 16292 --- [    Test worker] o.s.b.w.embedded.tomcat.TomcatWebServer  : Tomcat initialized with port(s): 0 (http)
2021-04-15 21:21:51.284  INFO 16292 --- [    Test worker] o.apache.catalina.core.StandardService   : Starting service [Tomcat]
2021-04-15 21:21:51.285  INFO 16292 --- [    Test worker] org.apache.catalina.core.StandardEngine  : Starting Servlet engine: [Apache Tomcat/9.0.26]
2021-04-15 21:21:51.574  INFO 16292 --- [    Test worker] o.a.c.c.C.[Tomcat].[localhost].[/]       : Initializing Spring embedded WebApplicationContext
2021-04-15 21:21:51.575  INFO 16292 --- [    Test worker] o.s.web.context.ContextLoader            : Root WebApplicationContext: initialization completed in 1718 ms
2021-04-15 21:21:51.888  INFO 16292 --- [    Test worker] com.zaxxer.hikari.HikariDataSource       : HikariPool-2 - Starting...
2021-04-15 21:21:51.889  INFO 16292 --- [    Test worker] com.zaxxer.hikari.HikariDataSource       : HikariPool-2 - Start completed.
2021-04-15 21:21:51.974  INFO 16292 --- [    Test worker] o.hibernate.jpa.internal.util.LogHelper  : HHH000204: Processing PersistenceUnitInfo [
	name: default
	...]
2021-04-15 21:21:52.016  INFO 16292 --- [    Test worker] org.hibernate.dialect.Dialect            : HHH000400: Using dialect: org.hibernate.dialect.MySQL5InnoDBDialect
Hibernate: drop table if exists comment
Hibernate: drop table if exists court
Hibernate: drop table if exists lesson
Hibernate: drop table if exists post
Hibernate: drop table if exists posts
Hibernate: drop table if exists user
Hibernate: drop table if exists vcount
Hibernate: create table comment (id bigint not null auto_increment, created_date datetime, modified_date datetime, content Text not null, post_id bigint, status varchar(255), user_id bigint, primary key (id)) engine=InnoDB
Hibernate: create table court (id bigint not null auto_increment, created_date datetime, modified_date datetime, address varchar(255), district varchar(255), e double precision, info TEXT not null, n double precision, name varchar(255), web varchar(255), primary key (id)) engine=InnoDB
Hibernate: create table lesson (id bigint not null auto_increment, created_date datetime, modified_date datetime, address varchar(255), district varchar(255), e double precision, info TEXT not null, n double precision, name varchar(255), web varchar(255), primary key (id)) engine=InnoDB
Hibernate: create table post (id bigint not null auto_increment, created_date datetime, modified_date datetime, content TEXT not null, created_by varchar(255), d_day varchar(255), district varchar(255), hits integer not null, status varchar(255), title varchar(255), user_id integer not null, primary key (id)) engine=InnoDB
Hibernate: create table posts (id bigint not null auto_increment, created_date datetime, modified_date datetime, author varchar(255), content TEXT not null, title varchar(500) not null, primary key (id)) engine=InnoDB
Hibernate: create table user (id bigint not null auto_increment, created_date datetime, modified_date datetime, email varchar(255) not null, name varchar(255) not null, picture varchar(255), role varchar(255) not null, primary key (id)) engine=InnoDB
Hibernate: create table vcount (id bigint not null auto_increment, created_date datetime, modified_date datetime, count integer, user_email varchar(255), visited_date varchar(255), primary key (id)) engine=InnoDB
2021-04-15 21:21:52.142  INFO 16292 --- [    Test worker] o.h.t.schema.internal.SchemaCreatorImpl  : HHH000476: Executing import script 'org.hibernate.tool.schema.internal.exec.ScriptSourceInputNonExistentImpl@3c773884'
2021-04-15 21:21:52.143  INFO 16292 --- [    Test worker] j.LocalContainerEntityManagerFactoryBean : Initialized JPA EntityManagerFactory for persistence unit 'default'
2021-04-15 21:21:52.821  INFO 16292 --- [    Test worker] o.h.h.i.QueryTranslatorFactoryInitiator  : HHH000397: Using ASTQueryTranslatorFactory
2021-04-15 21:21:53.172  INFO 16292 --- [    Test worker] o.s.s.web.DefaultSecurityFilterChain     : Creating filter chain: any request, [org.springframework.security.web.context.request.async.WebAsyncManagerIntegrationFilter@834c4d1, org.springframework.security.web.context.SecurityContextPersistenceFilter@1ead0d20, org.springframework.security.web.header.HeaderWriterFilter@4cf7034c, org.springframework.security.web.authentication.logout.LogoutFilter@2db5542c, org.springframework.security.oauth2.client.web.OAuth2AuthorizationRequestRedirectFilter@5bccbe58, org.springframework.security.oauth2.client.web.OAuth2LoginAuthenticationFilter@711c163d, org.springframework.security.web.authentication.ui.DefaultLoginPageGeneratingFilter@5b079661, org.springframework.security.web.authentication.ui.DefaultLogoutPageGeneratingFilter@206bd6f5, org.springframework.security.web.savedrequest.RequestCacheAwareFilter@4560376e, org.springframework.security.web.servletapi.SecurityContextHolderAwareRequestFilter@3179a1ed, org.springframework.security.web.authentication.AnonymousAuthenticationFilter@1e6b82de, org.springframework.security.web.session.SessionManagementFilter@2ab81586, org.springframework.security.web.access.ExceptionTranslationFilter@76b8fb4, org.springframework.security.web.access.intercept.FilterSecurityInterceptor@2651d4c6]
2021-04-15 21:21:53.513  INFO 16292 --- [    Test worker] o.s.s.concurrent.ThreadPoolTaskExecutor  : Initializing ExecutorService 'applicationTaskExecutor'
2021-04-15 21:21:53.530  WARN 16292 --- [    Test worker] aWebConfiguration$JpaWebMvcConfiguration : spring.jpa.open-in-view is enabled by default. Therefore, database queries may be performed during view rendering. Explicitly configure spring.jpa.open-in-view to disable this warning
2021-04-15 21:21:53.575  INFO 16292 --- [    Test worker] o.s.b.a.w.s.WelcomePageHandlerMapping    : Adding welcome page template: index
2021-04-15 21:21:53.982  INFO 16292 --- [    Test worker] s.a.ScheduledAnnotationBeanPostProcessor : No TaskScheduler/ScheduledExecutorService bean found for scheduled processing
2021-04-15 21:21:54.010  INFO 16292 --- [    Test worker] o.s.b.w.embedded.tomcat.TomcatWebServer  : Tomcat started on port(s): 1595 (http) with context path ''
2021-04-15 21:21:54.011  INFO 16292 --- [    Test worker] c.b.s.web.CourtApiControllerTest         : Started CourtApiControllerTest in 4.262 seconds (JVM running for 21.089)
2021-04-15 21:21:54.075  INFO 16292 --- [    Test worker] o.a.c.c.C.[Tomcat].[localhost].[/]       : Initializing Spring TestDispatcherServlet ''
2021-04-15 21:21:54.075  INFO 16292 --- [    Test worker] o.s.t.web.servlet.TestDispatcherServlet  : Initializing Servlet ''
2021-04-15 21:21:54.094  INFO 16292 --- [    Test worker] o.s.t.web.servlet.TestDispatcherServlet  : Completed initialization in 19 ms
Hibernate: insert into court (created_date, modified_date, address, district, e, info, n, name, web) values (?, ?, ?, ?, ?, ?, ?, ?, ?)
Hibernate: select court0_.id as id1_1_, court0_.created_date as created_2_1_, court0_.modified_date as modified3_1_, court0_.address as address4_1_, court0_.district as district5_1_, court0_.e as e6_1_, court0_.info as info7_1_, court0_.n as n8_1_, court0_.name as name9_1_, court0_.web as web10_1_ from court court0_
Hibernate: select court0_.id as id1_1_, court0_.created_date as created_2_1_, court0_.modified_date as modified3_1_, court0_.address as address4_1_, court0_.district as district5_1_, court0_.e as e6_1_, court0_.info as info7_1_, court0_.n as n8_1_, court0_.name as name9_1_, court0_.web as web10_1_ from court court0_
Hibernate: delete from court where id=?
]]></system-out>
  <system-err><![CDATA[]]></system-err>
</testsuite>
