<?xml version="1.0" encoding="UTF-8"?>
<testsuite name="com.bst_aws.springboot.web.PostsApiControllerTest" tests="2" skipped="0" failures="0" errors="0" timestamp="2021-03-24T05:45:07" hostname="LAPTOP-OPVE6PBK" time="0.484">
  <properties/>
  <testcase name="Posts_등록된다" classname="com.bst_aws.springboot.web.PostsApiControllerTest" time="0.439"/>
  <testcase name="Posts_수정된다" classname="com.bst_aws.springboot.web.PostsApiControllerTest" time="0.044"/>
  <system-out><![CDATA[2021-03-24 14:45:02.745  INFO 30252 --- [    Test worker] .b.t.c.SpringBootTestContextBootstrapper : Neither @ContextConfiguration nor @ContextHierarchy found for test class [com.bst_aws.springboot.web.PostsApiControllerTest], using SpringBootContextLoader
2021-03-24 14:45:02.747  INFO 30252 --- [    Test worker] o.s.t.c.support.AbstractContextLoader    : Could not detect default resource locations for test class [com.bst_aws.springboot.web.PostsApiControllerTest]: no resource found for suffixes {-context.xml, Context.groovy}.
2021-03-24 14:45:02.747  INFO 30252 --- [    Test worker] t.c.s.AnnotationConfigContextLoaderUtils : Could not detect default configuration classes for test class [com.bst_aws.springboot.web.PostsApiControllerTest]: PostsApiControllerTest does not declare any static, non-private, non-final, nested classes annotated with @Configuration.
2021-03-24 14:45:02.765  INFO 30252 --- [    Test worker] .b.t.c.SpringBootTestContextBootstrapper : Found @SpringBootConfiguration com.bst_aws.springboot.Application for test class com.bst_aws.springboot.web.PostsApiControllerTest
2021-03-24 14:45:02.767  INFO 30252 --- [    Test worker] .b.t.c.SpringBootTestContextBootstrapper : Loaded default TestExecutionListener class names from location [META-INF/spring.factories]: [org.springframework.security.test.context.support.WithSecurityContextTestExecutionListener, org.springframework.security.test.context.support.ReactorContextTestExecutionListener, org.springframework.boot.test.autoconfigure.restdocs.RestDocsTestExecutionListener, org.springframework.boot.test.autoconfigure.web.client.MockRestServiceServerResetTestExecutionListener, org.springframework.boot.test.autoconfigure.web.servlet.MockMvcPrintOnlyOnFailureTestExecutionListener, org.springframework.boot.test.autoconfigure.web.servlet.WebDriverTestExecutionListener, org.springframework.boot.test.mock.mockito.MockitoTestExecutionListener, org.springframework.boot.test.mock.mockito.ResetMocksTestExecutionListener, org.springframework.test.context.web.ServletTestExecutionListener, org.springframework.test.context.support.DirtiesContextBeforeModesTestExecutionListener, org.springframework.test.context.support.DependencyInjectionTestExecutionListener, org.springframework.test.context.support.DirtiesContextTestExecutionListener, org.springframework.test.context.transaction.TransactionalTestExecutionListener, org.springframework.test.context.jdbc.SqlScriptsTestExecutionListener]
2021-03-24 14:45:02.769  INFO 30252 --- [    Test worker] .b.t.c.SpringBootTestContextBootstrapper : Using TestExecutionListeners: [org.springframework.test.context.web.ServletTestExecutionListener@27d4b4cd, org.springframework.test.context.support.DirtiesContextBeforeModesTestExecutionListener@1bc1f055, org.springframework.boot.test.mock.mockito.MockitoTestExecutionListener@2d4b9342, org.springframework.boot.test.autoconfigure.SpringBootDependencyInjectionTestExecutionListener@733290f0, org.springframework.test.context.support.DirtiesContextTestExecutionListener@71422087, org.springframework.test.context.transaction.TransactionalTestExecutionListener@651525a2, org.springframework.test.context.jdbc.SqlScriptsTestExecutionListener@14356bc1, org.springframework.security.test.context.support.WithSecurityContextTestExecutionListener@73e7cca7, org.springframework.security.test.context.support.ReactorContextTestExecutionListener@13419c44, org.springframework.boot.test.autoconfigure.restdocs.RestDocsTestExecutionListener@5f3583bb, org.springframework.boot.test.autoconfigure.web.client.MockRestServiceServerResetTestExecutionListener@60e190ff, org.springframework.boot.test.autoconfigure.web.servlet.MockMvcPrintOnlyOnFailureTestExecutionListener@2d2eeab0, org.springframework.boot.test.autoconfigure.web.servlet.WebDriverTestExecutionListener@3212f0ed, org.springframework.boot.test.mock.mockito.ResetMocksTestExecutionListener@4149954f]

  .   ____          _            __ _ _
 /\\ / ___'_ __ _ _(_)_ __  __ _ \ \ \ \
( ( )\___ | '_ | '_| | '_ \/ _` | \ \ \ \
 \\/  ___)| |_)| | | | | || (_| |  ) ) ) )
  '  |____| .__|_| |_|_| |_\__, | / / / /
 =========|_|==============|___/=/_/_/_/
 :: Spring Boot ::        (v2.1.9.RELEASE)

2021-03-24 14:45:02.853  INFO 30252 --- [    Test worker] c.b.s.web.PostsApiControllerTest         : Starting PostsApiControllerTest on LAPTOP-OPVE6PBK with PID 30252 (started by bgwb0 in C:\Users\bgwb0\Desktop\bst_aws)
2021-03-24 14:45:02.853  INFO 30252 --- [    Test worker] c.b.s.web.PostsApiControllerTest         : No active profile set, falling back to default profiles: default
2021-03-24 14:45:03.342  INFO 30252 --- [    Test worker] .s.d.r.c.RepositoryConfigurationDelegate : Bootstrapping Spring Data repositories in DEFAULT mode.
2021-03-24 14:45:03.402  INFO 30252 --- [    Test worker] .s.d.r.c.RepositoryConfigurationDelegate : Finished Spring Data repository scanning in 59ms. Found 2 repository interfaces.
2021-03-24 14:45:03.617  INFO 30252 --- [    Test worker] trationDelegate$BeanPostProcessorChecker : Bean 'org.springframework.transaction.annotation.ProxyTransactionManagementConfiguration' of type [org.springframework.transaction.annotation.ProxyTransactionManagementConfiguration$$EnhancerBySpringCGLIB$$233a8a69] is not eligible for getting processed by all BeanPostProcessors (for example: not eligible for auto-proxying)
2021-03-24 14:45:04.240  INFO 30252 --- [    Test worker] o.s.b.w.embedded.tomcat.TomcatWebServer  : Tomcat initialized with port(s): 0 (http)
2021-03-24 14:45:04.303  INFO 30252 --- [    Test worker] o.apache.catalina.core.StandardService   : Starting service [Tomcat]
2021-03-24 14:45:04.304  INFO 30252 --- [    Test worker] org.apache.catalina.core.StandardEngine  : Starting Servlet engine: [Apache Tomcat/9.0.26]
2021-03-24 14:45:04.680  INFO 30252 --- [    Test worker] o.a.c.c.C.[Tomcat].[localhost].[/]       : Initializing Spring embedded WebApplicationContext
2021-03-24 14:45:04.681  INFO 30252 --- [    Test worker] o.s.web.context.ContextLoader            : Root WebApplicationContext: initialization completed in 1824 ms
2021-03-24 14:45:05.079  INFO 30252 --- [    Test worker] com.zaxxer.hikari.HikariDataSource       : HikariPool-2 - Starting...
2021-03-24 14:45:05.083  INFO 30252 --- [    Test worker] com.zaxxer.hikari.HikariDataSource       : HikariPool-2 - Start completed.
2021-03-24 14:45:05.178  INFO 30252 --- [    Test worker] o.hibernate.jpa.internal.util.LogHelper  : HHH000204: Processing PersistenceUnitInfo [
	name: default
	...]
2021-03-24 14:45:05.200  INFO 30252 --- [    Test worker] org.hibernate.dialect.Dialect            : HHH000400: Using dialect: org.hibernate.dialect.MySQL5InnoDBDialect
Hibernate: drop table if exists posts
Hibernate: drop table if exists user
Hibernate: create table posts (id bigint not null auto_increment, created_date datetime, modified_date datetime, author varchar(255), content TEXT not null, title varchar(500) not null, primary key (id)) engine=InnoDB
Hibernate: create table user (id bigint not null auto_increment, created_date datetime, modified_date datetime, email varchar(255) not null, name varchar(255) not null, picture varchar(255), role varchar(255) not null, primary key (id)) engine=InnoDB
2021-03-24 14:45:05.309  INFO 30252 --- [    Test worker] o.h.t.schema.internal.SchemaCreatorImpl  : HHH000476: Executing import script 'org.hibernate.tool.schema.internal.exec.ScriptSourceInputNonExistentImpl@58116d37'
2021-03-24 14:45:05.310  INFO 30252 --- [    Test worker] j.LocalContainerEntityManagerFactoryBean : Initialized JPA EntityManagerFactory for persistence unit 'default'
2021-03-24 14:45:06.059  INFO 30252 --- [    Test worker] o.h.h.i.QueryTranslatorFactoryInitiator  : HHH000397: Using ASTQueryTranslatorFactory
2021-03-24 14:45:06.430  INFO 30252 --- [    Test worker] o.s.s.web.DefaultSecurityFilterChain     : Creating filter chain: any request, [org.springframework.security.web.context.request.async.WebAsyncManagerIntegrationFilter@46f9cea8, org.springframework.security.web.context.SecurityContextPersistenceFilter@7fee5564, org.springframework.security.web.header.HeaderWriterFilter@7b6778d1, org.springframework.security.web.authentication.logout.LogoutFilter@5fa2a53f, org.springframework.security.oauth2.client.web.OAuth2AuthorizationRequestRedirectFilter@56a98625, org.springframework.security.oauth2.client.web.OAuth2LoginAuthenticationFilter@709180c4, org.springframework.security.web.authentication.ui.DefaultLoginPageGeneratingFilter@526a8f63, org.springframework.security.web.authentication.ui.DefaultLogoutPageGeneratingFilter@23a9a047, org.springframework.security.web.savedrequest.RequestCacheAwareFilter@468f583e, org.springframework.security.web.servletapi.SecurityContextHolderAwareRequestFilter@6ee01ce, org.springframework.security.web.authentication.AnonymousAuthenticationFilter@392b92b9, org.springframework.security.web.session.SessionManagementFilter@5921be3e, org.springframework.security.web.access.ExceptionTranslationFilter@64cba26d, org.springframework.security.web.access.intercept.FilterSecurityInterceptor@376a5bf3]
2021-03-24 14:45:06.906  INFO 30252 --- [    Test worker] o.s.s.concurrent.ThreadPoolTaskExecutor  : Initializing ExecutorService 'applicationTaskExecutor'
2021-03-24 14:45:06.943  WARN 30252 --- [    Test worker] aWebConfiguration$JpaWebMvcConfiguration : spring.jpa.open-in-view is enabled by default. Therefore, database queries may be performed during view rendering. Explicitly configure spring.jpa.open-in-view to disable this warning
2021-03-24 14:45:07.025  INFO 30252 --- [    Test worker] o.s.b.a.w.s.WelcomePageHandlerMapping    : Adding welcome page template: index
2021-03-24 14:45:07.727  INFO 30252 --- [    Test worker] s.a.ScheduledAnnotationBeanPostProcessor : No TaskScheduler/ScheduledExecutorService bean found for scheduled processing
2021-03-24 14:45:07.766  INFO 30252 --- [    Test worker] o.s.b.w.embedded.tomcat.TomcatWebServer  : Tomcat started on port(s): 7436 (http) with context path ''
2021-03-24 14:45:07.768  INFO 30252 --- [    Test worker] c.b.s.web.PostsApiControllerTest         : Started PostsApiControllerTest in 4.996 seconds (JVM running for 19.496)
2021-03-24 14:45:07.845  INFO 30252 --- [    Test worker] o.a.c.c.C.[Tomcat].[localhost].[/]       : Initializing Spring TestDispatcherServlet ''
2021-03-24 14:45:07.845  INFO 30252 --- [    Test worker] o.s.t.web.servlet.TestDispatcherServlet  : Initializing Servlet ''
2021-03-24 14:45:07.877  INFO 30252 --- [    Test worker] o.s.t.web.servlet.TestDispatcherServlet  : Completed initialization in 31 ms
Hibernate: insert into posts (created_date, modified_date, author, content, title) values (?, ?, ?, ?, ?)
Hibernate: select posts0_.id as id1_0_, posts0_.created_date as created_2_0_, posts0_.modified_date as modified3_0_, posts0_.author as author4_0_, posts0_.content as content5_0_, posts0_.title as title6_0_ from posts posts0_
Hibernate: select posts0_.id as id1_0_, posts0_.created_date as created_2_0_, posts0_.modified_date as modified3_0_, posts0_.author as author4_0_, posts0_.content as content5_0_, posts0_.title as title6_0_ from posts posts0_
Hibernate: delete from posts where id=?
2021-03-24 14:45:08.221  INFO 30252 --- [    Test worker] o.a.c.c.C.[Tomcat].[localhost].[/]       : Initializing Spring TestDispatcherServlet ''
2021-03-24 14:45:08.221  INFO 30252 --- [    Test worker] o.s.t.web.servlet.TestDispatcherServlet  : Initializing Servlet ''
2021-03-24 14:45:08.224  INFO 30252 --- [    Test worker] o.s.t.web.servlet.TestDispatcherServlet  : Completed initialization in 3 ms
Hibernate: insert into posts (created_date, modified_date, author, content, title) values (?, ?, ?, ?, ?)
Hibernate: select posts0_.id as id1_0_0_, posts0_.created_date as created_2_0_0_, posts0_.modified_date as modified3_0_0_, posts0_.author as author4_0_0_, posts0_.content as content5_0_0_, posts0_.title as title6_0_0_ from posts posts0_ where posts0_.id=?
Hibernate: update posts set created_date=?, modified_date=?, author=?, content=?, title=? where id=?
Hibernate: select posts0_.id as id1_0_, posts0_.created_date as created_2_0_, posts0_.modified_date as modified3_0_, posts0_.author as author4_0_, posts0_.content as content5_0_, posts0_.title as title6_0_ from posts posts0_
Hibernate: select posts0_.id as id1_0_, posts0_.created_date as created_2_0_, posts0_.modified_date as modified3_0_, posts0_.author as author4_0_, posts0_.content as content5_0_, posts0_.title as title6_0_ from posts posts0_
Hibernate: delete from posts where id=?
]]></system-out>
  <system-err><![CDATA[]]></system-err>
</testsuite>
