<?xml version="1.0" encoding="UTF-8"?>
<testsuite name="com.bst_aws.springboot.web.PostApiControllerTest" tests="2" skipped="0" failures="0" errors="0" timestamp="2021-04-14T16:41:54" hostname="LAPTOP-OPVE6PBK" time="0.086">
  <properties/>
  <testcase name="Post_등록된다" classname="com.bst_aws.springboot.web.PostApiControllerTest" time="0.041"/>
  <testcase name="Post_수정된다" classname="com.bst_aws.springboot.web.PostApiControllerTest" time="0.044"/>
  <system-out><![CDATA[2021-04-15 01:41:54.855  INFO 35564 --- [    Test worker] .b.t.c.SpringBootTestContextBootstrapper : Neither @ContextConfiguration nor @ContextHierarchy found for test class [com.bst_aws.springboot.web.PostApiControllerTest], using SpringBootContextLoader
2021-04-15 01:41:54.857  INFO 35564 --- [    Test worker] o.s.t.c.support.AbstractContextLoader    : Could not detect default resource locations for test class [com.bst_aws.springboot.web.PostApiControllerTest]: no resource found for suffixes {-context.xml, Context.groovy}.
2021-04-15 01:41:54.857  INFO 35564 --- [    Test worker] t.c.s.AnnotationConfigContextLoaderUtils : Could not detect default configuration classes for test class [com.bst_aws.springboot.web.PostApiControllerTest]: PostApiControllerTest does not declare any static, non-private, non-final, nested classes annotated with @Configuration.
2021-04-15 01:41:54.859  INFO 35564 --- [    Test worker] .b.t.c.SpringBootTestContextBootstrapper : Found @SpringBootConfiguration com.bst_aws.springboot.Application for test class com.bst_aws.springboot.web.PostApiControllerTest
2021-04-15 01:41:54.861  INFO 35564 --- [    Test worker] .b.t.c.SpringBootTestContextBootstrapper : Loaded default TestExecutionListener class names from location [META-INF/spring.factories]: [org.springframework.security.test.context.support.WithSecurityContextTestExecutionListener, org.springframework.security.test.context.support.ReactorContextTestExecutionListener, org.springframework.boot.test.autoconfigure.restdocs.RestDocsTestExecutionListener, org.springframework.boot.test.autoconfigure.web.client.MockRestServiceServerResetTestExecutionListener, org.springframework.boot.test.autoconfigure.web.servlet.MockMvcPrintOnlyOnFailureTestExecutionListener, org.springframework.boot.test.autoconfigure.web.servlet.WebDriverTestExecutionListener, org.springframework.boot.test.mock.mockito.MockitoTestExecutionListener, org.springframework.boot.test.mock.mockito.ResetMocksTestExecutionListener, org.springframework.test.context.web.ServletTestExecutionListener, org.springframework.test.context.support.DirtiesContextBeforeModesTestExecutionListener, org.springframework.test.context.support.DependencyInjectionTestExecutionListener, org.springframework.test.context.support.DirtiesContextTestExecutionListener, org.springframework.test.context.transaction.TransactionalTestExecutionListener, org.springframework.test.context.jdbc.SqlScriptsTestExecutionListener]
2021-04-15 01:41:54.862  INFO 35564 --- [    Test worker] .b.t.c.SpringBootTestContextBootstrapper : Using TestExecutionListeners: [org.springframework.test.context.web.ServletTestExecutionListener@67d7f18f, org.springframework.test.context.support.DirtiesContextBeforeModesTestExecutionListener@17d9b5e3, org.springframework.boot.test.mock.mockito.MockitoTestExecutionListener@e4271ff, org.springframework.boot.test.autoconfigure.SpringBootDependencyInjectionTestExecutionListener@57784d37, org.springframework.test.context.support.DirtiesContextTestExecutionListener@f7b85de, org.springframework.test.context.transaction.TransactionalTestExecutionListener@55574f7f, org.springframework.test.context.jdbc.SqlScriptsTestExecutionListener@488711a3, org.springframework.security.test.context.support.WithSecurityContextTestExecutionListener@5d83ec71, org.springframework.security.test.context.support.ReactorContextTestExecutionListener@e85d76a, org.springframework.boot.test.autoconfigure.restdocs.RestDocsTestExecutionListener@61c65d72, org.springframework.boot.test.autoconfigure.web.client.MockRestServiceServerResetTestExecutionListener@113c42e0, org.springframework.boot.test.autoconfigure.web.servlet.MockMvcPrintOnlyOnFailureTestExecutionListener@531ec4d2, org.springframework.boot.test.autoconfigure.web.servlet.WebDriverTestExecutionListener@7380675c, org.springframework.boot.test.mock.mockito.ResetMocksTestExecutionListener@207e8993]
2021-04-15 01:41:54.873  INFO 35564 --- [    Test worker] o.a.c.c.C.[Tomcat].[localhost].[/]       : Initializing Spring TestDispatcherServlet ''
2021-04-15 01:41:54.873  INFO 35564 --- [    Test worker] o.s.t.web.servlet.TestDispatcherServlet  : Initializing Servlet ''
2021-04-15 01:41:54.877  INFO 35564 --- [    Test worker] o.s.t.web.servlet.TestDispatcherServlet  : Completed initialization in 4 ms
Hibernate: insert into post (created_date, modified_date, content, created_by, d_day, district, hits, status, title, user_id) values (?, ?, ?, ?, ?, ?, ?, ?, ?, ?)
Hibernate: select post0_.id as id1_2_, post0_.created_date as created_2_2_, post0_.modified_date as modified3_2_, post0_.content as content4_2_, post0_.created_by as created_5_2_, post0_.d_day as d_day6_2_, post0_.district as district7_2_, post0_.hits as hits8_2_, post0_.status as status9_2_, post0_.title as title10_2_, post0_.user_id as user_id11_2_ from post post0_
Hibernate: select post0_.id as id1_2_, post0_.created_date as created_2_2_, post0_.modified_date as modified3_2_, post0_.content as content4_2_, post0_.created_by as created_5_2_, post0_.d_day as d_day6_2_, post0_.district as district7_2_, post0_.hits as hits8_2_, post0_.status as status9_2_, post0_.title as title10_2_, post0_.user_id as user_id11_2_ from post post0_
Hibernate: delete from post where id=?
2021-04-15 01:41:54.919  INFO 35564 --- [    Test worker] o.a.c.c.C.[Tomcat].[localhost].[/]       : Initializing Spring TestDispatcherServlet ''
2021-04-15 01:41:54.919  INFO 35564 --- [    Test worker] o.s.t.web.servlet.TestDispatcherServlet  : Initializing Servlet ''
2021-04-15 01:41:54.925  INFO 35564 --- [    Test worker] o.s.t.web.servlet.TestDispatcherServlet  : Completed initialization in 5 ms
Hibernate: insert into post (created_date, modified_date, content, created_by, d_day, district, hits, status, title, user_id) values (?, ?, ?, ?, ?, ?, ?, ?, ?, ?)
Hibernate: select post0_.id as id1_2_0_, post0_.created_date as created_2_2_0_, post0_.modified_date as modified3_2_0_, post0_.content as content4_2_0_, post0_.created_by as created_5_2_0_, post0_.d_day as d_day6_2_0_, post0_.district as district7_2_0_, post0_.hits as hits8_2_0_, post0_.status as status9_2_0_, post0_.title as title10_2_0_, post0_.user_id as user_id11_2_0_ from post post0_ where post0_.id=?
Hibernate: update post set created_date=?, modified_date=?, content=?, created_by=?, d_day=?, district=?, hits=?, status=?, title=?, user_id=? where id=?
Hibernate: select post0_.id as id1_2_, post0_.created_date as created_2_2_, post0_.modified_date as modified3_2_, post0_.content as content4_2_, post0_.created_by as created_5_2_, post0_.d_day as d_day6_2_, post0_.district as district7_2_, post0_.hits as hits8_2_, post0_.status as status9_2_, post0_.title as title10_2_, post0_.user_id as user_id11_2_ from post post0_
Hibernate: select post0_.id as id1_2_, post0_.created_date as created_2_2_, post0_.modified_date as modified3_2_, post0_.content as content4_2_, post0_.created_by as created_5_2_, post0_.d_day as d_day6_2_, post0_.district as district7_2_, post0_.hits as hits8_2_, post0_.status as status9_2_, post0_.title as title10_2_, post0_.user_id as user_id11_2_ from post post0_
Hibernate: delete from post where id=?
]]></system-out>
  <system-err><![CDATA[]]></system-err>
</testsuite>
