<?xml version="1.0" encoding="UTF-8"?>
<testsuite name="com.bst_aws.springboot.domain.posts.LessonRepositoryTest" tests="2" skipped="0" failures="0" errors="0" timestamp="2021-06-01T14:42:20" hostname="LAPTOP-OPVE6PBK" time="0.082">
  <properties/>
  <testcase name="레슨저장_불러오기" classname="com.bst_aws.springboot.domain.posts.LessonRepositoryTest" time="0.026"/>
  <testcase name="지역목록_불러오기" classname="com.bst_aws.springboot.domain.posts.LessonRepositoryTest" time="0.053"/>
  <system-out><![CDATA[2021-06-01 23:42:20.477  INFO 18852 --- [    Test worker] .b.t.c.SpringBootTestContextBootstrapper : Neither @ContextConfiguration nor @ContextHierarchy found for test class [com.bst_aws.springboot.domain.posts.LessonRepositoryTest], using SpringBootContextLoader
2021-06-01 23:42:20.478  INFO 18852 --- [    Test worker] o.s.t.c.support.AbstractContextLoader    : Could not detect default resource locations for test class [com.bst_aws.springboot.domain.posts.LessonRepositoryTest]: no resource found for suffixes {-context.xml, Context.groovy}.
2021-06-01 23:42:20.479  INFO 18852 --- [    Test worker] t.c.s.AnnotationConfigContextLoaderUtils : Could not detect default configuration classes for test class [com.bst_aws.springboot.domain.posts.LessonRepositoryTest]: LessonRepositoryTest does not declare any static, non-private, non-final, nested classes annotated with @Configuration.
2021-06-01 23:42:20.482  INFO 18852 --- [    Test worker] .b.t.c.SpringBootTestContextBootstrapper : Found @SpringBootConfiguration com.bst_aws.springboot.Application for test class com.bst_aws.springboot.domain.posts.LessonRepositoryTest
2021-06-01 23:42:20.486  INFO 18852 --- [    Test worker] .b.t.c.SpringBootTestContextBootstrapper : Loaded default TestExecutionListener class names from location [META-INF/spring.factories]: [org.springframework.security.test.context.support.WithSecurityContextTestExecutionListener, org.springframework.security.test.context.support.ReactorContextTestExecutionListener, org.springframework.boot.test.autoconfigure.restdocs.RestDocsTestExecutionListener, org.springframework.boot.test.autoconfigure.web.client.MockRestServiceServerResetTestExecutionListener, org.springframework.boot.test.autoconfigure.web.servlet.MockMvcPrintOnlyOnFailureTestExecutionListener, org.springframework.boot.test.autoconfigure.web.servlet.WebDriverTestExecutionListener, org.springframework.boot.test.mock.mockito.MockitoTestExecutionListener, org.springframework.boot.test.mock.mockito.ResetMocksTestExecutionListener, org.springframework.test.context.web.ServletTestExecutionListener, org.springframework.test.context.support.DirtiesContextBeforeModesTestExecutionListener, org.springframework.test.context.support.DependencyInjectionTestExecutionListener, org.springframework.test.context.support.DirtiesContextTestExecutionListener, org.springframework.test.context.transaction.TransactionalTestExecutionListener, org.springframework.test.context.jdbc.SqlScriptsTestExecutionListener]
2021-06-01 23:42:20.488  INFO 18852 --- [    Test worker] .b.t.c.SpringBootTestContextBootstrapper : Using TestExecutionListeners: [org.springframework.test.context.web.ServletTestExecutionListener@e4271ff, org.springframework.test.context.support.DirtiesContextBeforeModesTestExecutionListener@57784d37, org.springframework.boot.test.mock.mockito.MockitoTestExecutionListener@f7b85de, org.springframework.boot.test.autoconfigure.SpringBootDependencyInjectionTestExecutionListener@55574f7f, org.springframework.test.context.support.DirtiesContextTestExecutionListener@488711a3, org.springframework.test.context.transaction.TransactionalTestExecutionListener@5d83ec71, org.springframework.test.context.jdbc.SqlScriptsTestExecutionListener@e85d76a, org.springframework.security.test.context.support.WithSecurityContextTestExecutionListener@61c65d72, org.springframework.security.test.context.support.ReactorContextTestExecutionListener@113c42e0, org.springframework.boot.test.autoconfigure.restdocs.RestDocsTestExecutionListener@531ec4d2, org.springframework.boot.test.autoconfigure.web.client.MockRestServiceServerResetTestExecutionListener@7380675c, org.springframework.boot.test.autoconfigure.web.servlet.MockMvcPrintOnlyOnFailureTestExecutionListener@207e8993, org.springframework.boot.test.autoconfigure.web.servlet.WebDriverTestExecutionListener@53a6f43e, org.springframework.boot.test.mock.mockito.ResetMocksTestExecutionListener@76bb92cc]
Hibernate: insert into lesson (created_date, modified_date, address, district, e, info, n, name, web) values (?, ?, ?, ?, ?, ?, ?, ?, ?)
Hibernate: select lesson0_.id as id1_1_, lesson0_.created_date as created_2_1_, lesson0_.modified_date as modified3_1_, lesson0_.address as address4_1_, lesson0_.district as district5_1_, lesson0_.e as e6_1_, lesson0_.info as info7_1_, lesson0_.n as n8_1_, lesson0_.name as name9_1_, lesson0_.web as web10_1_ from lesson lesson0_
Hibernate: select lesson0_.id as id1_1_, lesson0_.created_date as created_2_1_, lesson0_.modified_date as modified3_1_, lesson0_.address as address4_1_, lesson0_.district as district5_1_, lesson0_.e as e6_1_, lesson0_.info as info7_1_, lesson0_.n as n8_1_, lesson0_.name as name9_1_, lesson0_.web as web10_1_ from lesson lesson0_
Hibernate: delete from lesson where id=?
Hibernate: insert into lesson (created_date, modified_date, address, district, e, info, n, name, web) values (?, ?, ?, ?, ?, ?, ?, ?, ?)
Hibernate: insert into lesson (created_date, modified_date, address, district, e, info, n, name, web) values (?, ?, ?, ?, ?, ?, ?, ?, ?)
Hibernate: select lesson0_.district as col_0_0_ from lesson lesson0_ group by lesson0_.district order by lesson0_.district asc
Hibernate: select lesson0_.id as id1_1_, lesson0_.created_date as created_2_1_, lesson0_.modified_date as modified3_1_, lesson0_.address as address4_1_, lesson0_.district as district5_1_, lesson0_.e as e6_1_, lesson0_.info as info7_1_, lesson0_.n as n8_1_, lesson0_.name as name9_1_, lesson0_.web as web10_1_ from lesson lesson0_
Hibernate: delete from lesson where id=?
Hibernate: delete from lesson where id=?
]]></system-out>
  <system-err><![CDATA[]]></system-err>
</testsuite>
