<?xml version="1.0" encoding="UTF-8"?>
<testsuite name="com.bst_aws.springboot.domain.posts.PostsRepositoryTest" tests="2" skipped="0" failures="0" errors="0" timestamp="2021-04-14T16:41:49" hostname="LAPTOP-OPVE6PBK" time="0.055">
  <properties/>
  <testcase name="게시글저장_불러오기" classname="com.bst_aws.springboot.domain.posts.PostsRepositoryTest" time="0.031"/>
  <testcase name="BaseTimeEntity_등록" classname="com.bst_aws.springboot.domain.posts.PostsRepositoryTest" time="0.023"/>
  <system-out><![CDATA[2021-04-15 01:41:49.571  INFO 35564 --- [    Test worker] .b.t.c.SpringBootTestContextBootstrapper : Neither @ContextConfiguration nor @ContextHierarchy found for test class [com.bst_aws.springboot.domain.posts.PostsRepositoryTest], using SpringBootContextLoader
2021-04-15 01:41:49.573  INFO 35564 --- [    Test worker] o.s.t.c.support.AbstractContextLoader    : Could not detect default resource locations for test class [com.bst_aws.springboot.domain.posts.PostsRepositoryTest]: no resource found for suffixes {-context.xml, Context.groovy}.
2021-04-15 01:41:49.575  INFO 35564 --- [    Test worker] t.c.s.AnnotationConfigContextLoaderUtils : Could not detect default configuration classes for test class [com.bst_aws.springboot.domain.posts.PostsRepositoryTest]: PostsRepositoryTest does not declare any static, non-private, non-final, nested classes annotated with @Configuration.
2021-04-15 01:41:49.580  INFO 35564 --- [    Test worker] .b.t.c.SpringBootTestContextBootstrapper : Found @SpringBootConfiguration com.bst_aws.springboot.Application for test class com.bst_aws.springboot.domain.posts.PostsRepositoryTest
2021-04-15 01:41:49.584  INFO 35564 --- [    Test worker] .b.t.c.SpringBootTestContextBootstrapper : Loaded default TestExecutionListener class names from location [META-INF/spring.factories]: [org.springframework.security.test.context.support.WithSecurityContextTestExecutionListener, org.springframework.security.test.context.support.ReactorContextTestExecutionListener, org.springframework.boot.test.autoconfigure.restdocs.RestDocsTestExecutionListener, org.springframework.boot.test.autoconfigure.web.client.MockRestServiceServerResetTestExecutionListener, org.springframework.boot.test.autoconfigure.web.servlet.MockMvcPrintOnlyOnFailureTestExecutionListener, org.springframework.boot.test.autoconfigure.web.servlet.WebDriverTestExecutionListener, org.springframework.boot.test.mock.mockito.MockitoTestExecutionListener, org.springframework.boot.test.mock.mockito.ResetMocksTestExecutionListener, org.springframework.test.context.web.ServletTestExecutionListener, org.springframework.test.context.support.DirtiesContextBeforeModesTestExecutionListener, org.springframework.test.context.support.DependencyInjectionTestExecutionListener, org.springframework.test.context.support.DirtiesContextTestExecutionListener, org.springframework.test.context.transaction.TransactionalTestExecutionListener, org.springframework.test.context.jdbc.SqlScriptsTestExecutionListener]
2021-04-15 01:41:49.587  INFO 35564 --- [    Test worker] .b.t.c.SpringBootTestContextBootstrapper : Using TestExecutionListeners: [org.springframework.test.context.web.ServletTestExecutionListener@7395d464, org.springframework.test.context.support.DirtiesContextBeforeModesTestExecutionListener@5ba6050d, org.springframework.boot.test.mock.mockito.MockitoTestExecutionListener@72408ef2, org.springframework.boot.test.autoconfigure.SpringBootDependencyInjectionTestExecutionListener@cac48f4, org.springframework.test.context.support.DirtiesContextTestExecutionListener@51479bf1, org.springframework.test.context.transaction.TransactionalTestExecutionListener@3aa272b9, org.springframework.test.context.jdbc.SqlScriptsTestExecutionListener@4ce35c01, org.springframework.security.test.context.support.WithSecurityContextTestExecutionListener@22e65681, org.springframework.security.test.context.support.ReactorContextTestExecutionListener@4f13c93f, org.springframework.boot.test.autoconfigure.restdocs.RestDocsTestExecutionListener@660d5dde, org.springframework.boot.test.autoconfigure.web.client.MockRestServiceServerResetTestExecutionListener@3058164a, org.springframework.boot.test.autoconfigure.web.servlet.MockMvcPrintOnlyOnFailureTestExecutionListener@209a0c9e, org.springframework.boot.test.autoconfigure.web.servlet.WebDriverTestExecutionListener@71916383, org.springframework.boot.test.mock.mockito.ResetMocksTestExecutionListener@7dfe23c2]
Hibernate: insert into posts (created_date, modified_date, author, content, title) values (?, ?, ?, ?, ?)
Hibernate: select posts0_.id as id1_3_, posts0_.created_date as created_2_3_, posts0_.modified_date as modified3_3_, posts0_.author as author4_3_, posts0_.content as content5_3_, posts0_.title as title6_3_ from posts posts0_
Hibernate: select posts0_.id as id1_3_, posts0_.created_date as created_2_3_, posts0_.modified_date as modified3_3_, posts0_.author as author4_3_, posts0_.content as content5_3_, posts0_.title as title6_3_ from posts posts0_
Hibernate: delete from posts where id=?
Hibernate: insert into posts (created_date, modified_date, author, content, title) values (?, ?, ?, ?, ?)
Hibernate: select posts0_.id as id1_3_, posts0_.created_date as created_2_3_, posts0_.modified_date as modified3_3_, posts0_.author as author4_3_, posts0_.content as content5_3_, posts0_.title as title6_3_ from posts posts0_
>>>>>>>>> createDate=2021-04-15T01:41:49.630, modifiedDate=2021-04-15T01:41:49.630
Hibernate: select posts0_.id as id1_3_, posts0_.created_date as created_2_3_, posts0_.modified_date as modified3_3_, posts0_.author as author4_3_, posts0_.content as content5_3_, posts0_.title as title6_3_ from posts posts0_
Hibernate: delete from posts where id=?
]]></system-out>
  <system-err><![CDATA[]]></system-err>
</testsuite>
