<?xml version="1.0" encoding="UTF-8"?>
<testsuite name="com.bst_aws.springboot.domain.posts.VCountRepositoryTest" tests="3" skipped="0" failures="0" errors="0" timestamp="2021-04-15T12:21:49" hostname="LAPTOP-OPVE6PBK" time="0.239">
  <properties/>
  <testcase name="saveOrUpdate_테스트" classname="com.bst_aws.springboot.domain.posts.VCountRepositoryTest" time="0.158"/>
  <testcase name="방문자수저장_불러오기" classname="com.bst_aws.springboot.domain.posts.VCountRepositoryTest" time="0.019"/>
  <testcase name="이미생성됐는지_확인_date_email" classname="com.bst_aws.springboot.domain.posts.VCountRepositoryTest" time="0.06"/>
  <system-out><![CDATA[2021-04-15 21:21:49.437  INFO 16292 --- [    Test worker] .b.t.c.SpringBootTestContextBootstrapper : Neither @ContextConfiguration nor @ContextHierarchy found for test class [com.bst_aws.springboot.domain.posts.VCountRepositoryTest], using SpringBootContextLoader
2021-04-15 21:21:49.440  INFO 16292 --- [    Test worker] o.s.t.c.support.AbstractContextLoader    : Could not detect default resource locations for test class [com.bst_aws.springboot.domain.posts.VCountRepositoryTest]: no resource found for suffixes {-context.xml, Context.groovy}.
2021-04-15 21:21:49.440  INFO 16292 --- [    Test worker] t.c.s.AnnotationConfigContextLoaderUtils : Could not detect default configuration classes for test class [com.bst_aws.springboot.domain.posts.VCountRepositoryTest]: VCountRepositoryTest does not declare any static, non-private, non-final, nested classes annotated with @Configuration.
2021-04-15 21:21:49.446  INFO 16292 --- [    Test worker] .b.t.c.SpringBootTestContextBootstrapper : Found @SpringBootConfiguration com.bst_aws.springboot.Application for test class com.bst_aws.springboot.domain.posts.VCountRepositoryTest
2021-04-15 21:21:49.450  INFO 16292 --- [    Test worker] .b.t.c.SpringBootTestContextBootstrapper : Loaded default TestExecutionListener class names from location [META-INF/spring.factories]: [org.springframework.security.test.context.support.WithSecurityContextTestExecutionListener, org.springframework.security.test.context.support.ReactorContextTestExecutionListener, org.springframework.boot.test.autoconfigure.restdocs.RestDocsTestExecutionListener, org.springframework.boot.test.autoconfigure.web.client.MockRestServiceServerResetTestExecutionListener, org.springframework.boot.test.autoconfigure.web.servlet.MockMvcPrintOnlyOnFailureTestExecutionListener, org.springframework.boot.test.autoconfigure.web.servlet.WebDriverTestExecutionListener, org.springframework.boot.test.mock.mockito.MockitoTestExecutionListener, org.springframework.boot.test.mock.mockito.ResetMocksTestExecutionListener, org.springframework.test.context.web.ServletTestExecutionListener, org.springframework.test.context.support.DirtiesContextBeforeModesTestExecutionListener, org.springframework.test.context.support.DependencyInjectionTestExecutionListener, org.springframework.test.context.support.DirtiesContextTestExecutionListener, org.springframework.test.context.transaction.TransactionalTestExecutionListener, org.springframework.test.context.jdbc.SqlScriptsTestExecutionListener]
2021-04-15 21:21:49.454  INFO 16292 --- [    Test worker] .b.t.c.SpringBootTestContextBootstrapper : Using TestExecutionListeners: [org.springframework.test.context.web.ServletTestExecutionListener@5a60e89c, org.springframework.test.context.support.DirtiesContextBeforeModesTestExecutionListener@116eff62, org.springframework.boot.test.mock.mockito.MockitoTestExecutionListener@23ad779f, org.springframework.boot.test.autoconfigure.SpringBootDependencyInjectionTestExecutionListener@4cc691db, org.springframework.test.context.support.DirtiesContextTestExecutionListener@11bfb4d7, org.springframework.test.context.transaction.TransactionalTestExecutionListener@77cccc6d, org.springframework.test.context.jdbc.SqlScriptsTestExecutionListener@3f154c84, org.springframework.security.test.context.support.WithSecurityContextTestExecutionListener@47254af4, org.springframework.security.test.context.support.ReactorContextTestExecutionListener@2bd057cb, org.springframework.boot.test.autoconfigure.restdocs.RestDocsTestExecutionListener@3aee4978, org.springframework.boot.test.autoconfigure.web.client.MockRestServiceServerResetTestExecutionListener@2f0a53cd, org.springframework.boot.test.autoconfigure.web.servlet.MockMvcPrintOnlyOnFailureTestExecutionListener@4215de32, org.springframework.boot.test.autoconfigure.web.servlet.WebDriverTestExecutionListener@6b52a7b4, org.springframework.boot.test.mock.mockito.ResetMocksTestExecutionListener@23bf962f]
Hibernate: insert into vcount (created_date, modified_date, count, user_email, visited_date) values (?, ?, ?, ?, ?)
Hibernate: select vcount0_.id as id1_6_, vcount0_.created_date as created_2_6_, vcount0_.modified_date as modified3_6_, vcount0_.count as count4_6_, vcount0_.user_email as user_ema5_6_, vcount0_.visited_date as visited_6_6_ from vcount vcount0_ where vcount0_.visited_date=? and (vcount0_.user_email is null)
Hibernate: insert into vcount (created_date, modified_date, count, user_email, visited_date) values (?, ?, ?, ?, ?)
Hibernate: select vcount0_.id as id1_6_, vcount0_.created_date as created_2_6_, vcount0_.modified_date as modified3_6_, vcount0_.count as count4_6_, vcount0_.user_email as user_ema5_6_, vcount0_.visited_date as visited_6_6_ from vcount vcount0_ order by vcount0_.created_date desc
Hibernate: select vcount0_.id as id1_6_, vcount0_.created_date as created_2_6_, vcount0_.modified_date as modified3_6_, vcount0_.count as count4_6_, vcount0_.user_email as user_ema5_6_, vcount0_.visited_date as visited_6_6_ from vcount vcount0_
Hibernate: delete from vcount where id=?
Hibernate: delete from vcount where id=?
Hibernate: insert into vcount (created_date, modified_date, count, user_email, visited_date) values (?, ?, ?, ?, ?)
Hibernate: select vcount0_.id as id1_6_, vcount0_.created_date as created_2_6_, vcount0_.modified_date as modified3_6_, vcount0_.count as count4_6_, vcount0_.user_email as user_ema5_6_, vcount0_.visited_date as visited_6_6_ from vcount vcount0_ order by vcount0_.created_date desc
Hibernate: select vcount0_.id as id1_6_, vcount0_.created_date as created_2_6_, vcount0_.modified_date as modified3_6_, vcount0_.count as count4_6_, vcount0_.user_email as user_ema5_6_, vcount0_.visited_date as visited_6_6_ from vcount vcount0_
Hibernate: delete from vcount where id=?
Hibernate: insert into vcount (created_date, modified_date, count, user_email, visited_date) values (?, ?, ?, ?, ?)
Hibernate: insert into vcount (created_date, modified_date, count, user_email, visited_date) values (?, ?, ?, ?, ?)
Hibernate: select vcount0_.id as col_0_0_ from vcount vcount0_ where (vcount0_.visited_date like ? escape ?) and vcount0_.user_email=? limit ?
Hibernate: select vcount0_.id as col_0_0_ from vcount vcount0_ where (vcount0_.visited_date like ? escape ?) and (vcount0_.user_email is null) limit ?
Hibernate: select vcount0_.id as col_0_0_ from vcount vcount0_ where (vcount0_.visited_date like ? escape ?) and vcount0_.user_email=? limit ?
Hibernate: select vcount0_.id as col_0_0_ from vcount vcount0_ where (vcount0_.visited_date like ? escape ?) and (vcount0_.user_email is null) limit ?
Hibernate: select vcount0_.id as id1_6_, vcount0_.created_date as created_2_6_, vcount0_.modified_date as modified3_6_, vcount0_.count as count4_6_, vcount0_.user_email as user_ema5_6_, vcount0_.visited_date as visited_6_6_ from vcount vcount0_
Hibernate: delete from vcount where id=?
Hibernate: delete from vcount where id=?
]]></system-out>
  <system-err><![CDATA[]]></system-err>
</testsuite>
