<?xml version="1.0" encoding="UTF-8"?>
<testsuite name="com.bst_aws.springboot.web.PostsApiControllerTest" tests="2" skipped="0" failures="0" errors="0" timestamp="2021-04-14T16:41:54" hostname="LAPTOP-OPVE6PBK" time="0.073">
  <properties/>
  <testcase name="Posts_등록된다" classname="com.bst_aws.springboot.web.PostsApiControllerTest" time="0.042"/>
  <testcase name="Posts_수정된다" classname="com.bst_aws.springboot.web.PostsApiControllerTest" time="0.03"/>
  <system-out><![CDATA[2021-04-15 01:41:54.960  INFO 35564 --- [    Test worker] .b.t.c.SpringBootTestContextBootstrapper : Neither @ContextConfiguration nor @ContextHierarchy found for test class [com.bst_aws.springboot.web.PostsApiControllerTest], using SpringBootContextLoader
2021-04-15 01:41:54.962  INFO 35564 --- [    Test worker] o.s.t.c.support.AbstractContextLoader    : Could not detect default resource locations for test class [com.bst_aws.springboot.web.PostsApiControllerTest]: no resource found for suffixes {-context.xml, Context.groovy}.
2021-04-15 01:41:54.962  INFO 35564 --- [    Test worker] t.c.s.AnnotationConfigContextLoaderUtils : Could not detect default configuration classes for test class [com.bst_aws.springboot.web.PostsApiControllerTest]: PostsApiControllerTest does not declare any static, non-private, non-final, nested classes annotated with @Configuration.
2021-04-15 01:41:54.965  INFO 35564 --- [    Test worker] .b.t.c.SpringBootTestContextBootstrapper : Found @SpringBootConfiguration com.bst_aws.springboot.Application for test class com.bst_aws.springboot.web.PostsApiControllerTest
2021-04-15 01:41:54.967  INFO 35564 --- [    Test worker] .b.t.c.SpringBootTestContextBootstrapper : Loaded default TestExecutionListener class names from location [META-INF/spring.factories]: [org.springframework.security.test.context.support.WithSecurityContextTestExecutionListener, org.springframework.security.test.context.support.ReactorContextTestExecutionListener, org.springframework.boot.test.autoconfigure.restdocs.RestDocsTestExecutionListener, org.springframework.boot.test.autoconfigure.web.client.MockRestServiceServerResetTestExecutionListener, org.springframework.boot.test.autoconfigure.web.servlet.MockMvcPrintOnlyOnFailureTestExecutionListener, org.springframework.boot.test.autoconfigure.web.servlet.WebDriverTestExecutionListener, org.springframework.boot.test.mock.mockito.MockitoTestExecutionListener, org.springframework.boot.test.mock.mockito.ResetMocksTestExecutionListener, org.springframework.test.context.web.ServletTestExecutionListener, org.springframework.test.context.support.DirtiesContextBeforeModesTestExecutionListener, org.springframework.test.context.support.DependencyInjectionTestExecutionListener, org.springframework.test.context.support.DirtiesContextTestExecutionListener, org.springframework.test.context.transaction.TransactionalTestExecutionListener, org.springframework.test.context.jdbc.SqlScriptsTestExecutionListener]
2021-04-15 01:41:54.968  INFO 35564 --- [    Test worker] .b.t.c.SpringBootTestContextBootstrapper : Using TestExecutionListeners: [org.springframework.test.context.web.ServletTestExecutionListener@348c82c, org.springframework.test.context.support.DirtiesContextBeforeModesTestExecutionListener@6c1f82c1, org.springframework.boot.test.mock.mockito.MockitoTestExecutionListener@1bc2f02a, org.springframework.boot.test.autoconfigure.SpringBootDependencyInjectionTestExecutionListener@56a81dee, org.springframework.test.context.support.DirtiesContextTestExecutionListener@13e4a6bf, org.springframework.test.context.transaction.TransactionalTestExecutionListener@3fd3788, org.springframework.test.context.jdbc.SqlScriptsTestExecutionListener@fb2c47d, org.springframework.security.test.context.support.WithSecurityContextTestExecutionListener@1963ff08, org.springframework.security.test.context.support.ReactorContextTestExecutionListener@2f0473c5, org.springframework.boot.test.autoconfigure.restdocs.RestDocsTestExecutionListener@452f50da, org.springframework.boot.test.autoconfigure.web.client.MockRestServiceServerResetTestExecutionListener@5ca7f52e, org.springframework.boot.test.autoconfigure.web.servlet.MockMvcPrintOnlyOnFailureTestExecutionListener@5a3aca0d, org.springframework.boot.test.autoconfigure.web.servlet.WebDriverTestExecutionListener@562c10d4, org.springframework.boot.test.mock.mockito.ResetMocksTestExecutionListener@693a334b]
2021-04-15 01:41:54.974  INFO 35564 --- [    Test worker] o.a.c.c.C.[Tomcat].[localhost].[/]       : Initializing Spring TestDispatcherServlet ''
2021-04-15 01:41:54.974  INFO 35564 --- [    Test worker] o.s.t.web.servlet.TestDispatcherServlet  : Initializing Servlet ''
2021-04-15 01:41:54.979  INFO 35564 --- [    Test worker] o.s.t.web.servlet.TestDispatcherServlet  : Completed initialization in 5 ms
Hibernate: insert into posts (created_date, modified_date, author, content, title) values (?, ?, ?, ?, ?)
Hibernate: select posts0_.id as id1_3_, posts0_.created_date as created_2_3_, posts0_.modified_date as modified3_3_, posts0_.author as author4_3_, posts0_.content as content5_3_, posts0_.title as title6_3_ from posts posts0_
Hibernate: select posts0_.id as id1_3_, posts0_.created_date as created_2_3_, posts0_.modified_date as modified3_3_, posts0_.author as author4_3_, posts0_.content as content5_3_, posts0_.title as title6_3_ from posts posts0_
Hibernate: delete from posts where id=?
2021-04-15 01:41:55.018  INFO 35564 --- [    Test worker] o.a.c.c.C.[Tomcat].[localhost].[/]       : Initializing Spring TestDispatcherServlet ''
2021-04-15 01:41:55.018  INFO 35564 --- [    Test worker] o.s.t.web.servlet.TestDispatcherServlet  : Initializing Servlet ''
2021-04-15 01:41:55.022  INFO 35564 --- [    Test worker] o.s.t.web.servlet.TestDispatcherServlet  : Completed initialization in 4 ms
Hibernate: insert into posts (created_date, modified_date, author, content, title) values (?, ?, ?, ?, ?)
Hibernate: select posts0_.id as id1_3_0_, posts0_.created_date as created_2_3_0_, posts0_.modified_date as modified3_3_0_, posts0_.author as author4_3_0_, posts0_.content as content5_3_0_, posts0_.title as title6_3_0_ from posts posts0_ where posts0_.id=?
Hibernate: update posts set created_date=?, modified_date=?, author=?, content=?, title=? where id=?
Hibernate: select posts0_.id as id1_3_, posts0_.created_date as created_2_3_, posts0_.modified_date as modified3_3_, posts0_.author as author4_3_, posts0_.content as content5_3_, posts0_.title as title6_3_ from posts posts0_
Hibernate: select posts0_.id as id1_3_, posts0_.created_date as created_2_3_, posts0_.modified_date as modified3_3_, posts0_.author as author4_3_, posts0_.content as content5_3_, posts0_.title as title6_3_ from posts posts0_
Hibernate: delete from posts where id=?
]]></system-out>
  <system-err><![CDATA[]]></system-err>
</testsuite>
