<?xml version="1.0" encoding="UTF-8"?>
<testsuite name="com.bst_aws.springboot.web.CourtApiControllerTest" tests="1" skipped="0" failures="0" errors="0" timestamp="2021-04-22T13:48:45" hostname="LAPTOP-OPVE6PBK" time="0.056">
  <properties/>
  <testcase name="Court_등록된다" classname="com.bst_aws.springboot.web.CourtApiControllerTest" time="0.056"/>
  <system-out><![CDATA[2021-04-22 22:48:45.399  INFO 29280 --- [    Test worker] .b.t.c.SpringBootTestContextBootstrapper : Neither @ContextConfiguration nor @ContextHierarchy found for test class [com.bst_aws.springboot.web.CourtApiControllerTest], using SpringBootContextLoader
2021-04-22 22:48:45.401  INFO 29280 --- [    Test worker] o.s.t.c.support.AbstractContextLoader    : Could not detect default resource locations for test class [com.bst_aws.springboot.web.CourtApiControllerTest]: no resource found for suffixes {-context.xml, Context.groovy}.
2021-04-22 22:48:45.402  INFO 29280 --- [    Test worker] t.c.s.AnnotationConfigContextLoaderUtils : Could not detect default configuration classes for test class [com.bst_aws.springboot.web.CourtApiControllerTest]: CourtApiControllerTest does not declare any static, non-private, non-final, nested classes annotated with @Configuration.
2021-04-22 22:48:45.405  INFO 29280 --- [    Test worker] .b.t.c.SpringBootTestContextBootstrapper : Found @SpringBootConfiguration com.bst_aws.springboot.Application for test class com.bst_aws.springboot.web.CourtApiControllerTest
2021-04-22 22:48:45.408  INFO 29280 --- [    Test worker] .b.t.c.SpringBootTestContextBootstrapper : Loaded default TestExecutionListener class names from location [META-INF/spring.factories]: [org.springframework.security.test.context.support.WithSecurityContextTestExecutionListener, org.springframework.security.test.context.support.ReactorContextTestExecutionListener, org.springframework.boot.test.autoconfigure.restdocs.RestDocsTestExecutionListener, org.springframework.boot.test.autoconfigure.web.client.MockRestServiceServerResetTestExecutionListener, org.springframework.boot.test.autoconfigure.web.servlet.MockMvcPrintOnlyOnFailureTestExecutionListener, org.springframework.boot.test.autoconfigure.web.servlet.WebDriverTestExecutionListener, org.springframework.boot.test.mock.mockito.MockitoTestExecutionListener, org.springframework.boot.test.mock.mockito.ResetMocksTestExecutionListener, org.springframework.test.context.web.ServletTestExecutionListener, org.springframework.test.context.support.DirtiesContextBeforeModesTestExecutionListener, org.springframework.test.context.support.DependencyInjectionTestExecutionListener, org.springframework.test.context.support.DirtiesContextTestExecutionListener, org.springframework.test.context.transaction.TransactionalTestExecutionListener, org.springframework.test.context.jdbc.SqlScriptsTestExecutionListener]
2021-04-22 22:48:45.410  INFO 29280 --- [    Test worker] .b.t.c.SpringBootTestContextBootstrapper : Using TestExecutionListeners: [org.springframework.test.context.web.ServletTestExecutionListener@62052f6f, org.springframework.test.context.support.DirtiesContextBeforeModesTestExecutionListener@5d3d8d3b, org.springframework.boot.test.mock.mockito.MockitoTestExecutionListener@f4739f5, org.springframework.boot.test.autoconfigure.SpringBootDependencyInjectionTestExecutionListener@4cc3bbaf, org.springframework.test.context.support.DirtiesContextTestExecutionListener@7769b0f, org.springframework.test.context.transaction.TransactionalTestExecutionListener@36138a8f, org.springframework.test.context.jdbc.SqlScriptsTestExecutionListener@ad8529, org.springframework.security.test.context.support.WithSecurityContextTestExecutionListener@51e24850, org.springframework.security.test.context.support.ReactorContextTestExecutionListener@627f1f80, org.springframework.boot.test.autoconfigure.restdocs.RestDocsTestExecutionListener@4812b6b2, org.springframework.boot.test.autoconfigure.web.client.MockRestServiceServerResetTestExecutionListener@247ae654, org.springframework.boot.test.autoconfigure.web.servlet.MockMvcPrintOnlyOnFailureTestExecutionListener@67198a43, org.springframework.boot.test.autoconfigure.web.servlet.WebDriverTestExecutionListener@7d800a3f, org.springframework.boot.test.mock.mockito.ResetMocksTestExecutionListener@207a941b]
2021-04-22 22:48:45.419  INFO 29280 --- [    Test worker] o.a.c.c.C.[Tomcat].[localhost].[/]       : Initializing Spring TestDispatcherServlet ''
2021-04-22 22:48:45.420  INFO 29280 --- [    Test worker] o.s.t.web.servlet.TestDispatcherServlet  : Initializing Servlet ''
2021-04-22 22:48:45.426  INFO 29280 --- [    Test worker] o.s.t.web.servlet.TestDispatcherServlet  : Completed initialization in 6 ms
Hibernate: insert into court (created_date, modified_date, address, district, e, info, n, name, web) values (?, ?, ?, ?, ?, ?, ?, ?, ?)
Hibernate: select court0_.id as id1_1_, court0_.created_date as created_2_1_, court0_.modified_date as modified3_1_, court0_.address as address4_1_, court0_.district as district5_1_, court0_.e as e6_1_, court0_.info as info7_1_, court0_.n as n8_1_, court0_.name as name9_1_, court0_.web as web10_1_ from court court0_
Hibernate: select court0_.id as id1_1_, court0_.created_date as created_2_1_, court0_.modified_date as modified3_1_, court0_.address as address4_1_, court0_.district as district5_1_, court0_.e as e6_1_, court0_.info as info7_1_, court0_.n as n8_1_, court0_.name as name9_1_, court0_.web as web10_1_ from court court0_
Hibernate: delete from court where id=?
]]></system-out>
  <system-err><![CDATA[]]></system-err>
</testsuite>
