<?xml version="1.0" encoding="UTF-8"?>
<testsuite name="com.bst_aws.springboot.domain.posts.VCountRepositoryTest" tests="3" skipped="0" failures="0" errors="0" timestamp="2021-04-14T16:41:49" hostname="LAPTOP-OPVE6PBK" time="0.206">
  <properties/>
  <testcase name="saveOrUpdate_테스트" classname="com.bst_aws.springboot.domain.posts.VCountRepositoryTest" time="0.128"/>
  <testcase name="방문자수저장_불러오기" classname="com.bst_aws.springboot.domain.posts.VCountRepositoryTest" time="0.027"/>
  <testcase name="이미생성됐는지_확인_date_email" classname="com.bst_aws.springboot.domain.posts.VCountRepositoryTest" time="0.048"/>
  <system-out><![CDATA[2021-04-15 01:41:49.653  INFO 35564 --- [    Test worker] .b.t.c.SpringBootTestContextBootstrapper : Neither @ContextConfiguration nor @ContextHierarchy found for test class [com.bst_aws.springboot.domain.posts.VCountRepositoryTest], using SpringBootContextLoader
2021-04-15 01:41:49.655  INFO 35564 --- [    Test worker] o.s.t.c.support.AbstractContextLoader    : Could not detect default resource locations for test class [com.bst_aws.springboot.domain.posts.VCountRepositoryTest]: no resource found for suffixes {-context.xml, Context.groovy}.
2021-04-15 01:41:49.655  INFO 35564 --- [    Test worker] t.c.s.AnnotationConfigContextLoaderUtils : Could not detect default configuration classes for test class [com.bst_aws.springboot.domain.posts.VCountRepositoryTest]: VCountRepositoryTest does not declare any static, non-private, non-final, nested classes annotated with @Configuration.
2021-04-15 01:41:49.665  INFO 35564 --- [    Test worker] .b.t.c.SpringBootTestContextBootstrapper : Found @SpringBootConfiguration com.bst_aws.springboot.Application for test class com.bst_aws.springboot.domain.posts.VCountRepositoryTest
2021-04-15 01:41:49.670  INFO 35564 --- [    Test worker] .b.t.c.SpringBootTestContextBootstrapper : Loaded default TestExecutionListener class names from location [META-INF/spring.factories]: [org.springframework.security.test.context.support.WithSecurityContextTestExecutionListener, org.springframework.security.test.context.support.ReactorContextTestExecutionListener, org.springframework.boot.test.autoconfigure.restdocs.RestDocsTestExecutionListener, org.springframework.boot.test.autoconfigure.web.client.MockRestServiceServerResetTestExecutionListener, org.springframework.boot.test.autoconfigure.web.servlet.MockMvcPrintOnlyOnFailureTestExecutionListener, org.springframework.boot.test.autoconfigure.web.servlet.WebDriverTestExecutionListener, org.springframework.boot.test.mock.mockito.MockitoTestExecutionListener, org.springframework.boot.test.mock.mockito.ResetMocksTestExecutionListener, org.springframework.test.context.web.ServletTestExecutionListener, org.springframework.test.context.support.DirtiesContextBeforeModesTestExecutionListener, org.springframework.test.context.support.DependencyInjectionTestExecutionListener, org.springframework.test.context.support.DirtiesContextTestExecutionListener, org.springframework.test.context.transaction.TransactionalTestExecutionListener, org.springframework.test.context.jdbc.SqlScriptsTestExecutionListener]
2021-04-15 01:41:49.673  INFO 35564 --- [    Test worker] .b.t.c.SpringBootTestContextBootstrapper : Using TestExecutionListeners: [org.springframework.test.context.web.ServletTestExecutionListener@64adf878, org.springframework.test.context.support.DirtiesContextBeforeModesTestExecutionListener@6c5b0ad0, org.springframework.boot.test.mock.mockito.MockitoTestExecutionListener@6f918438, org.springframework.boot.test.autoconfigure.SpringBootDependencyInjectionTestExecutionListener@223a5f83, org.springframework.test.context.support.DirtiesContextTestExecutionListener@295f0d84, org.springframework.test.context.transaction.TransactionalTestExecutionListener@1d668ff5, org.springframework.test.context.jdbc.SqlScriptsTestExecutionListener@7e357825, org.springframework.security.test.context.support.WithSecurityContextTestExecutionListener@e03e627, org.springframework.security.test.context.support.ReactorContextTestExecutionListener@5fe1f94e, org.springframework.boot.test.autoconfigure.restdocs.RestDocsTestExecutionListener@76d1dc60, org.springframework.boot.test.autoconfigure.web.client.MockRestServiceServerResetTestExecutionListener@237066cf, org.springframework.boot.test.autoconfigure.web.servlet.MockMvcPrintOnlyOnFailureTestExecutionListener@32539e58, org.springframework.boot.test.autoconfigure.web.servlet.WebDriverTestExecutionListener@62a82ad5, org.springframework.boot.test.mock.mockito.ResetMocksTestExecutionListener@1ae2c83c]
Hibernate: insert into vcount (created_date, modified_date, count, user_email, visited_date) values (?, ?, ?, ?, ?)
Hibernate: select vcount0_.id as id1_5_, vcount0_.created_date as created_2_5_, vcount0_.modified_date as modified3_5_, vcount0_.count as count4_5_, vcount0_.user_email as user_ema5_5_, vcount0_.visited_date as visited_6_5_ from vcount vcount0_ where vcount0_.visited_date=? and vcount0_.user_email=?
Hibernate: select vcount0_.id as id1_5_0_, vcount0_.created_date as created_2_5_0_, vcount0_.modified_date as modified3_5_0_, vcount0_.count as count4_5_0_, vcount0_.user_email as user_ema5_5_0_, vcount0_.visited_date as visited_6_5_0_ from vcount vcount0_ where vcount0_.id=?
Hibernate: update vcount set created_date=?, modified_date=?, count=?, user_email=?, visited_date=? where id=?
Hibernate: select vcount0_.id as id1_5_, vcount0_.created_date as created_2_5_, vcount0_.modified_date as modified3_5_, vcount0_.count as count4_5_, vcount0_.user_email as user_ema5_5_, vcount0_.visited_date as visited_6_5_ from vcount vcount0_ order by vcount0_.created_date desc
Hibernate: select vcount0_.id as id1_5_, vcount0_.created_date as created_2_5_, vcount0_.modified_date as modified3_5_, vcount0_.count as count4_5_, vcount0_.user_email as user_ema5_5_, vcount0_.visited_date as visited_6_5_ from vcount vcount0_
Hibernate: delete from vcount where id=?
Hibernate: insert into vcount (created_date, modified_date, count, user_email, visited_date) values (?, ?, ?, ?, ?)
Hibernate: select vcount0_.id as id1_5_, vcount0_.created_date as created_2_5_, vcount0_.modified_date as modified3_5_, vcount0_.count as count4_5_, vcount0_.user_email as user_ema5_5_, vcount0_.visited_date as visited_6_5_ from vcount vcount0_ order by vcount0_.created_date desc
Hibernate: select vcount0_.id as id1_5_, vcount0_.created_date as created_2_5_, vcount0_.modified_date as modified3_5_, vcount0_.count as count4_5_, vcount0_.user_email as user_ema5_5_, vcount0_.visited_date as visited_6_5_ from vcount vcount0_
Hibernate: delete from vcount where id=?
Hibernate: insert into vcount (created_date, modified_date, count, user_email, visited_date) values (?, ?, ?, ?, ?)
Hibernate: insert into vcount (created_date, modified_date, count, user_email, visited_date) values (?, ?, ?, ?, ?)
Hibernate: select vcount0_.id as col_0_0_ from vcount vcount0_ where (vcount0_.visited_date like ? escape ?) and vcount0_.user_email=? limit ?
Hibernate: select vcount0_.id as col_0_0_ from vcount vcount0_ where (vcount0_.visited_date like ? escape ?) and (vcount0_.user_email is null) limit ?
Hibernate: select vcount0_.id as col_0_0_ from vcount vcount0_ where (vcount0_.visited_date like ? escape ?) and vcount0_.user_email=? limit ?
Hibernate: select vcount0_.id as col_0_0_ from vcount vcount0_ where (vcount0_.visited_date like ? escape ?) and (vcount0_.user_email is null) limit ?
Hibernate: select vcount0_.id as id1_5_, vcount0_.created_date as created_2_5_, vcount0_.modified_date as modified3_5_, vcount0_.count as count4_5_, vcount0_.user_email as user_ema5_5_, vcount0_.visited_date as visited_6_5_ from vcount vcount0_
Hibernate: delete from vcount where id=?
Hibernate: delete from vcount where id=?
]]></system-out>
  <system-err><![CDATA[]]></system-err>
</testsuite>
