<?xml version="1.0" encoding="UTF-8"?>
<testsuite name="com.bst_aws.springboot.web.PostApiControllerTest" tests="2" skipped="0" failures="0" errors="0" timestamp="2021-04-15T12:21:54" hostname="LAPTOP-OPVE6PBK" time="0.086">
  <properties/>
  <testcase name="Post_등록된다" classname="com.bst_aws.springboot.web.PostApiControllerTest" time="0.043"/>
  <testcase name="Post_수정된다" classname="com.bst_aws.springboot.web.PostApiControllerTest" time="0.042"/>
  <system-out><![CDATA[2021-04-15 21:21:54.388  INFO 16292 --- [    Test worker] .b.t.c.SpringBootTestContextBootstrapper : Neither @ContextConfiguration nor @ContextHierarchy found for test class [com.bst_aws.springboot.web.PostApiControllerTest], using SpringBootContextLoader
2021-04-15 21:21:54.390  INFO 16292 --- [    Test worker] o.s.t.c.support.AbstractContextLoader    : Could not detect default resource locations for test class [com.bst_aws.springboot.web.PostApiControllerTest]: no resource found for suffixes {-context.xml, Context.groovy}.
2021-04-15 21:21:54.390  INFO 16292 --- [    Test worker] t.c.s.AnnotationConfigContextLoaderUtils : Could not detect default configuration classes for test class [com.bst_aws.springboot.web.PostApiControllerTest]: PostApiControllerTest does not declare any static, non-private, non-final, nested classes annotated with @Configuration.
2021-04-15 21:21:54.393  INFO 16292 --- [    Test worker] .b.t.c.SpringBootTestContextBootstrapper : Found @SpringBootConfiguration com.bst_aws.springboot.Application for test class com.bst_aws.springboot.web.PostApiControllerTest
2021-04-15 21:21:54.397  INFO 16292 --- [    Test worker] .b.t.c.SpringBootTestContextBootstrapper : Loaded default TestExecutionListener class names from location [META-INF/spring.factories]: [org.springframework.security.test.context.support.WithSecurityContextTestExecutionListener, org.springframework.security.test.context.support.ReactorContextTestExecutionListener, org.springframework.boot.test.autoconfigure.restdocs.RestDocsTestExecutionListener, org.springframework.boot.test.autoconfigure.web.client.MockRestServiceServerResetTestExecutionListener, org.springframework.boot.test.autoconfigure.web.servlet.MockMvcPrintOnlyOnFailureTestExecutionListener, org.springframework.boot.test.autoconfigure.web.servlet.WebDriverTestExecutionListener, org.springframework.boot.test.mock.mockito.MockitoTestExecutionListener, org.springframework.boot.test.mock.mockito.ResetMocksTestExecutionListener, org.springframework.test.context.web.ServletTestExecutionListener, org.springframework.test.context.support.DirtiesContextBeforeModesTestExecutionListener, org.springframework.test.context.support.DependencyInjectionTestExecutionListener, org.springframework.test.context.support.DirtiesContextTestExecutionListener, org.springframework.test.context.transaction.TransactionalTestExecutionListener, org.springframework.test.context.jdbc.SqlScriptsTestExecutionListener]
2021-04-15 21:21:54.399  INFO 16292 --- [    Test worker] .b.t.c.SpringBootTestContextBootstrapper : Using TestExecutionListeners: [org.springframework.test.context.web.ServletTestExecutionListener@371dfa87, org.springframework.test.context.support.DirtiesContextBeforeModesTestExecutionListener@77b758c1, org.springframework.boot.test.mock.mockito.MockitoTestExecutionListener@e9d92cc, org.springframework.boot.test.autoconfigure.SpringBootDependencyInjectionTestExecutionListener@1c4af6fd, org.springframework.test.context.support.DirtiesContextTestExecutionListener@44dbee31, org.springframework.test.context.transaction.TransactionalTestExecutionListener@9e7d73b, org.springframework.test.context.jdbc.SqlScriptsTestExecutionListener@6b0e3f39, org.springframework.security.test.context.support.WithSecurityContextTestExecutionListener@2038d1bb, org.springframework.security.test.context.support.ReactorContextTestExecutionListener@3b8909eb, org.springframework.boot.test.autoconfigure.restdocs.RestDocsTestExecutionListener@c604fae, org.springframework.boot.test.autoconfigure.web.client.MockRestServiceServerResetTestExecutionListener@168d4eec, org.springframework.boot.test.autoconfigure.web.servlet.MockMvcPrintOnlyOnFailureTestExecutionListener@705ef08f, org.springframework.boot.test.autoconfigure.web.servlet.WebDriverTestExecutionListener@36b693e, org.springframework.boot.test.mock.mockito.ResetMocksTestExecutionListener@d785bc2]
2021-04-15 21:21:54.410  INFO 16292 --- [    Test worker] o.a.c.c.C.[Tomcat].[localhost].[/]       : Initializing Spring TestDispatcherServlet ''
2021-04-15 21:21:54.410  INFO 16292 --- [    Test worker] o.s.t.web.servlet.TestDispatcherServlet  : Initializing Servlet ''
2021-04-15 21:21:54.412  INFO 16292 --- [    Test worker] o.s.t.web.servlet.TestDispatcherServlet  : Completed initialization in 2 ms
Hibernate: insert into post (created_date, modified_date, content, created_by, d_day, district, hits, status, title, user_id) values (?, ?, ?, ?, ?, ?, ?, ?, ?, ?)
Hibernate: select post0_.id as id1_3_, post0_.created_date as created_2_3_, post0_.modified_date as modified3_3_, post0_.content as content4_3_, post0_.created_by as created_5_3_, post0_.d_day as d_day6_3_, post0_.district as district7_3_, post0_.hits as hits8_3_, post0_.status as status9_3_, post0_.title as title10_3_, post0_.user_id as user_id11_3_ from post post0_
Hibernate: select post0_.id as id1_3_, post0_.created_date as created_2_3_, post0_.modified_date as modified3_3_, post0_.content as content4_3_, post0_.created_by as created_5_3_, post0_.d_day as d_day6_3_, post0_.district as district7_3_, post0_.hits as hits8_3_, post0_.status as status9_3_, post0_.title as title10_3_, post0_.user_id as user_id11_3_ from post post0_
Hibernate: delete from post where id=?
2021-04-15 21:21:54.454  INFO 16292 --- [    Test worker] o.a.c.c.C.[Tomcat].[localhost].[/]       : Initializing Spring TestDispatcherServlet ''
2021-04-15 21:21:54.454  INFO 16292 --- [    Test worker] o.s.t.web.servlet.TestDispatcherServlet  : Initializing Servlet ''
2021-04-15 21:21:54.457  INFO 16292 --- [    Test worker] o.s.t.web.servlet.TestDispatcherServlet  : Completed initialization in 3 ms
Hibernate: insert into post (created_date, modified_date, content, created_by, d_day, district, hits, status, title, user_id) values (?, ?, ?, ?, ?, ?, ?, ?, ?, ?)
Hibernate: select post0_.id as id1_3_0_, post0_.created_date as created_2_3_0_, post0_.modified_date as modified3_3_0_, post0_.content as content4_3_0_, post0_.created_by as created_5_3_0_, post0_.d_day as d_day6_3_0_, post0_.district as district7_3_0_, post0_.hits as hits8_3_0_, post0_.status as status9_3_0_, post0_.title as title10_3_0_, post0_.user_id as user_id11_3_0_ from post post0_ where post0_.id=?
Hibernate: update post set created_date=?, modified_date=?, content=?, created_by=?, d_day=?, district=?, hits=?, status=?, title=?, user_id=? where id=?
Hibernate: select post0_.id as id1_3_, post0_.created_date as created_2_3_, post0_.modified_date as modified3_3_, post0_.content as content4_3_, post0_.created_by as created_5_3_, post0_.d_day as d_day6_3_, post0_.district as district7_3_, post0_.hits as hits8_3_, post0_.status as status9_3_, post0_.title as title10_3_, post0_.user_id as user_id11_3_ from post post0_
Hibernate: select post0_.id as id1_3_, post0_.created_date as created_2_3_, post0_.modified_date as modified3_3_, post0_.content as content4_3_, post0_.created_by as created_5_3_, post0_.d_day as d_day6_3_, post0_.district as district7_3_, post0_.hits as hits8_3_, post0_.status as status9_3_, post0_.title as title10_3_, post0_.user_id as user_id11_3_ from post post0_
Hibernate: delete from post where id=?
]]></system-out>
  <system-err><![CDATA[]]></system-err>
</testsuite>
