<?xml version="1.0" encoding="UTF-8"?>
<testsuite name="com.bst_aws.springboot.domain.posts.CourtRepositoryTest" tests="1" skipped="0" failures="0" errors="0" timestamp="2021-04-15T12:21:48" hostname="LAPTOP-OPVE6PBK" time="0.351">
  <properties/>
  <testcase name="코트저장_불러오기" classname="com.bst_aws.springboot.domain.posts.CourtRepositoryTest" time="0.351"/>
  <system-out><![CDATA[21:21:35.244 [Test worker] DEBUG org.springframework.test.context.junit4.SpringJUnit4ClassRunner - SpringJUnit4ClassRunner constructor called with [class com.bst_aws.springboot.domain.posts.CourtRepositoryTest]
21:21:35.266 [Test worker] DEBUG org.springframework.test.context.BootstrapUtils - Instantiating CacheAwareContextLoaderDelegate from class [org.springframework.test.context.cache.DefaultCacheAwareContextLoaderDelegate]
21:21:35.301 [Test worker] DEBUG org.springframework.test.context.BootstrapUtils - Instantiating BootstrapContext using constructor [public org.springframework.test.context.support.DefaultBootstrapContext(java.lang.Class,org.springframework.test.context.CacheAwareContextLoaderDelegate)]
21:21:35.372 [Test worker] DEBUG org.springframework.test.context.BootstrapUtils - Instantiating TestContextBootstrapper for test class [com.bst_aws.springboot.domain.posts.CourtRepositoryTest] from class [org.springframework.boot.test.context.SpringBootTestContextBootstrapper]
21:21:35.422 [Test worker] INFO org.springframework.boot.test.context.SpringBootTestContextBootstrapper - Neither @ContextConfiguration nor @ContextHierarchy found for test class [com.bst_aws.springboot.domain.posts.CourtRepositoryTest], using SpringBootContextLoader
21:21:35.433 [Test worker] DEBUG org.springframework.test.context.support.AbstractContextLoader - Did not detect default resource location for test class [com.bst_aws.springboot.domain.posts.CourtRepositoryTest]: class path resource [com/bst_aws/springboot/domain/posts/CourtRepositoryTest-context.xml] does not exist
21:21:35.435 [Test worker] DEBUG org.springframework.test.context.support.AbstractContextLoader - Did not detect default resource location for test class [com.bst_aws.springboot.domain.posts.CourtRepositoryTest]: class path resource [com/bst_aws/springboot/domain/posts/CourtRepositoryTestContext.groovy] does not exist
21:21:35.435 [Test worker] INFO org.springframework.test.context.support.AbstractContextLoader - Could not detect default resource locations for test class [com.bst_aws.springboot.domain.posts.CourtRepositoryTest]: no resource found for suffixes {-context.xml, Context.groovy}.
21:21:35.440 [Test worker] INFO org.springframework.test.context.support.AnnotationConfigContextLoaderUtils - Could not detect default configuration classes for test class [com.bst_aws.springboot.domain.posts.CourtRepositoryTest]: CourtRepositoryTest does not declare any static, non-private, non-final, nested classes annotated with @Configuration.
21:21:35.544 [Test worker] DEBUG org.springframework.test.context.support.ActiveProfilesUtils - Could not find an 'annotation declaring class' for annotation type [org.springframework.test.context.ActiveProfiles] and class [com.bst_aws.springboot.domain.posts.CourtRepositoryTest]
21:21:35.797 [Test worker] DEBUG org.springframework.context.annotation.ClassPathScanningCandidateComponentProvider - Identified candidate component class: file [C:\Users\bgwb0\Desktop\bst_aws\build\classes\java\main\com\bst_aws\springboot\Application.class]
21:21:35.800 [Test worker] INFO org.springframework.boot.test.context.SpringBootTestContextBootstrapper - Found @SpringBootConfiguration com.bst_aws.springboot.Application for test class com.bst_aws.springboot.domain.posts.CourtRepositoryTest
21:21:36.087 [Test worker] DEBUG org.springframework.boot.test.context.SpringBootTestContextBootstrapper - @TestExecutionListeners is not present for class [com.bst_aws.springboot.domain.posts.CourtRepositoryTest]: using defaults.
21:21:36.088 [Test worker] INFO org.springframework.boot.test.context.SpringBootTestContextBootstrapper - Loaded default TestExecutionListener class names from location [META-INF/spring.factories]: [org.springframework.security.test.context.support.WithSecurityContextTestExecutionListener, org.springframework.security.test.context.support.ReactorContextTestExecutionListener, org.springframework.boot.test.autoconfigure.restdocs.RestDocsTestExecutionListener, org.springframework.boot.test.autoconfigure.web.client.MockRestServiceServerResetTestExecutionListener, org.springframework.boot.test.autoconfigure.web.servlet.MockMvcPrintOnlyOnFailureTestExecutionListener, org.springframework.boot.test.autoconfigure.web.servlet.WebDriverTestExecutionListener, org.springframework.boot.test.mock.mockito.MockitoTestExecutionListener, org.springframework.boot.test.mock.mockito.ResetMocksTestExecutionListener, org.springframework.test.context.web.ServletTestExecutionListener, org.springframework.test.context.support.DirtiesContextBeforeModesTestExecutionListener, org.springframework.test.context.support.DependencyInjectionTestExecutionListener, org.springframework.test.context.support.DirtiesContextTestExecutionListener, org.springframework.test.context.transaction.TransactionalTestExecutionListener, org.springframework.test.context.jdbc.SqlScriptsTestExecutionListener]
21:21:36.150 [Test worker] INFO org.springframework.boot.test.context.SpringBootTestContextBootstrapper - Using TestExecutionListeners: [org.springframework.test.context.web.ServletTestExecutionListener@74ec7d21, org.springframework.test.context.support.DirtiesContextBeforeModesTestExecutionListener@13dd95c1, org.springframework.boot.test.mock.mockito.MockitoTestExecutionListener@2513b5e5, org.springframework.boot.test.autoconfigure.SpringBootDependencyInjectionTestExecutionListener@5c7f8fca, org.springframework.test.context.support.DirtiesContextTestExecutionListener@4b6df411, org.springframework.test.context.transaction.TransactionalTestExecutionListener@34611320, org.springframework.test.context.jdbc.SqlScriptsTestExecutionListener@ce534d4, org.springframework.security.test.context.support.WithSecurityContextTestExecutionListener@2c44eb5d, org.springframework.security.test.context.support.ReactorContextTestExecutionListener@8ad4fb8, org.springframework.boot.test.autoconfigure.restdocs.RestDocsTestExecutionListener@3469b59e, org.springframework.boot.test.autoconfigure.web.client.MockRestServiceServerResetTestExecutionListener@110f7453, org.springframework.boot.test.autoconfigure.web.servlet.MockMvcPrintOnlyOnFailureTestExecutionListener@1a9a7b2c, org.springframework.boot.test.autoconfigure.web.servlet.WebDriverTestExecutionListener@78a82748, org.springframework.boot.test.mock.mockito.ResetMocksTestExecutionListener@194b886]
21:21:36.157 [Test worker] DEBUG org.springframework.test.annotation.ProfileValueUtils - Retrieved @ProfileValueSourceConfiguration [null] for test class [com.bst_aws.springboot.domain.posts.CourtRepositoryTest]
21:21:36.158 [Test worker] DEBUG org.springframework.test.annotation.ProfileValueUtils - Retrieved ProfileValueSource type [class org.springframework.test.annotation.SystemProfileValueSource] for class [com.bst_aws.springboot.domain.posts.CourtRepositoryTest]
21:21:36.159 [Test worker] DEBUG org.springframework.test.annotation.ProfileValueUtils - Retrieved @ProfileValueSourceConfiguration [null] for test class [com.bst_aws.springboot.domain.posts.CourtRepositoryTest]
21:21:36.160 [Test worker] DEBUG org.springframework.test.annotation.ProfileValueUtils - Retrieved ProfileValueSource type [class org.springframework.test.annotation.SystemProfileValueSource] for class [com.bst_aws.springboot.domain.posts.CourtRepositoryTest]
21:21:36.170 [Test worker] DEBUG org.springframework.test.context.support.AbstractDirtiesContextTestExecutionListener - Before test class: context [DefaultTestContext@2a67c2fc testClass = CourtRepositoryTest, testInstance = [null], testMethod = [null], testException = [null], mergedContextConfiguration = [WebMergedContextConfiguration@7cdcbbe testClass = CourtRepositoryTest, locations = '{}', classes = '{class com.bst_aws.springboot.Application}', contextInitializerClasses = '[]', activeProfiles = '{}', propertySourceLocations = '{}', propertySourceProperties = '{org.springframework.boot.test.context.SpringBootTestContextBootstrapper=true}', contextCustomizers = set[org.springframework.boot.test.autoconfigure.properties.PropertyMappingContextCustomizer@0, org.springframework.boot.test.autoconfigure.web.servlet.WebDriverContextCustomizerFactory$Customizer@3e2ea8dc, org.springframework.boot.test.context.filter.ExcludeFilterContextCustomizer@74590f04, org.springframework.boot.test.json.DuplicateJsonObjectContextCustomizerFactory$DuplicateJsonObjectContextCustomizer@33caebd3, org.springframework.boot.test.mock.mockito.MockitoContextCustomizer@0, org.springframework.boot.test.web.client.TestRestTemplateContextCustomizer@6733ac27], resourceBasePath = 'src/main/webapp', contextLoader = 'org.springframework.boot.test.context.SpringBootContextLoader', parent = [null]], attributes = map['org.springframework.test.context.web.ServletTestExecutionListener.activateListener' -> true]], class annotated with @DirtiesContext [false] with mode [null].
21:21:36.171 [Test worker] DEBUG org.springframework.test.annotation.ProfileValueUtils - Retrieved @ProfileValueSourceConfiguration [null] for test class [com.bst_aws.springboot.domain.posts.CourtRepositoryTest]
21:21:36.171 [Test worker] DEBUG org.springframework.test.annotation.ProfileValueUtils - Retrieved ProfileValueSource type [class org.springframework.test.annotation.SystemProfileValueSource] for class [com.bst_aws.springboot.domain.posts.CourtRepositoryTest]
21:21:36.229 [Test worker] DEBUG org.springframework.test.context.support.TestPropertySourceUtils - Adding inlined properties to environment: {spring.jmx.enabled=false, org.springframework.boot.test.context.SpringBootTestContextBootstrapper=true, server.port=-1}

  .   ____          _            __ _ _
 /\\ / ___'_ __ _ _(_)_ __  __ _ \ \ \ \
( ( )\___ | '_ | '_| | '_ \/ _` | \ \ \ \
 \\/  ___)| |_)| | | | | || (_| |  ) ) ) )
  '  |____| .__|_| |_|_| |_\__, | / / / /
 =========|_|==============|___/=/_/_/_/
 :: Spring Boot ::        (v2.1.9.RELEASE)

2021-04-15 21:21:36.875  INFO 16292 --- [    Test worker] c.b.s.domain.posts.CourtRepositoryTest   : Starting CourtRepositoryTest on LAPTOP-OPVE6PBK with PID 16292 (started by bgwb0 in C:\Users\bgwb0\Desktop\bst_aws)
2021-04-15 21:21:36.877  INFO 16292 --- [    Test worker] c.b.s.domain.posts.CourtRepositoryTest   : No active profile set, falling back to default profiles: default
2021-04-15 21:21:38.958  INFO 16292 --- [    Test worker] .s.d.r.c.RepositoryConfigurationDelegate : Bootstrapping Spring Data repositories in DEFAULT mode.
2021-04-15 21:21:39.230  INFO 16292 --- [    Test worker] .s.d.r.c.RepositoryConfigurationDelegate : Finished Spring Data repository scanning in 255ms. Found 7 repository interfaces.
2021-04-15 21:21:40.217  INFO 16292 --- [    Test worker] trationDelegate$BeanPostProcessorChecker : Bean 'org.springframework.transaction.annotation.ProxyTransactionManagementConfiguration' of type [org.springframework.transaction.annotation.ProxyTransactionManagementConfiguration$$EnhancerBySpringCGLIB$$843e2cf] is not eligible for getting processed by all BeanPostProcessors (for example: not eligible for auto-proxying)
2021-04-15 21:21:40.718  INFO 16292 --- [    Test worker] com.zaxxer.hikari.HikariDataSource       : HikariPool-1 - Starting...
2021-04-15 21:21:41.052  INFO 16292 --- [    Test worker] com.zaxxer.hikari.HikariDataSource       : HikariPool-1 - Start completed.
2021-04-15 21:21:41.257  INFO 16292 --- [    Test worker] o.hibernate.jpa.internal.util.LogHelper  : HHH000204: Processing PersistenceUnitInfo [
	name: default
	...]
2021-04-15 21:21:41.443  INFO 16292 --- [    Test worker] org.hibernate.Version                    : HHH000412: Hibernate Core {5.3.12.Final}
2021-04-15 21:21:41.446  INFO 16292 --- [    Test worker] org.hibernate.cfg.Environment            : HHH000206: hibernate.properties not found
2021-04-15 21:21:41.821  INFO 16292 --- [    Test worker] o.hibernate.annotations.common.Version   : HCANN000001: Hibernate Commons Annotations {5.0.4.Final}
2021-04-15 21:21:42.213  INFO 16292 --- [    Test worker] org.hibernate.dialect.Dialect            : HHH000400: Using dialect: org.hibernate.dialect.MySQL5InnoDBDialect
Hibernate: drop table if exists comment
Hibernate: drop table if exists court
Hibernate: drop table if exists lesson
Hibernate: drop table if exists post
Hibernate: drop table if exists posts
Hibernate: drop table if exists user
Hibernate: drop table if exists vcount
Hibernate: create table comment (id bigint not null auto_increment, created_date datetime, modified_date datetime, content Text not null, post_id bigint, status varchar(255), user_id bigint, primary key (id)) engine=InnoDB
Hibernate: create table court (id bigint not null auto_increment, created_date datetime, modified_date datetime, address varchar(255), district varchar(255), e double precision, info TEXT not null, n double precision, name varchar(255), web varchar(255), primary key (id)) engine=InnoDB
Hibernate: create table lesson (id bigint not null auto_increment, created_date datetime, modified_date datetime, address varchar(255), district varchar(255), e double precision, info TEXT not null, n double precision, name varchar(255), web varchar(255), primary key (id)) engine=InnoDB
Hibernate: create table post (id bigint not null auto_increment, created_date datetime, modified_date datetime, content TEXT not null, created_by varchar(255), d_day varchar(255), district varchar(255), hits integer not null, status varchar(255), title varchar(255), user_id integer not null, primary key (id)) engine=InnoDB
Hibernate: create table posts (id bigint not null auto_increment, created_date datetime, modified_date datetime, author varchar(255), content TEXT not null, title varchar(500) not null, primary key (id)) engine=InnoDB
Hibernate: create table user (id bigint not null auto_increment, created_date datetime, modified_date datetime, email varchar(255) not null, name varchar(255) not null, picture varchar(255), role varchar(255) not null, primary key (id)) engine=InnoDB
Hibernate: create table vcount (id bigint not null auto_increment, created_date datetime, modified_date datetime, count integer, user_email varchar(255), visited_date varchar(255), primary key (id)) engine=InnoDB
2021-04-15 21:21:43.808  INFO 16292 --- [    Test worker] o.h.t.schema.internal.SchemaCreatorImpl  : HHH000476: Executing import script 'org.hibernate.tool.schema.internal.exec.ScriptSourceInputNonExistentImpl@3c773884'
2021-04-15 21:21:43.816  INFO 16292 --- [    Test worker] j.LocalContainerEntityManagerFactoryBean : Initialized JPA EntityManagerFactory for persistence unit 'default'
2021-04-15 21:21:44.834  INFO 16292 --- [    Test worker] o.h.h.i.QueryTranslatorFactoryInitiator  : HHH000397: Using ASTQueryTranslatorFactory
2021-04-15 21:21:46.273  INFO 16292 --- [    Test worker] o.s.s.web.DefaultSecurityFilterChain     : Creating filter chain: any request, [org.springframework.security.web.context.request.async.WebAsyncManagerIntegrationFilter@21b2cbef, org.springframework.security.web.context.SecurityContextPersistenceFilter@41ddc084, org.springframework.security.web.header.HeaderWriterFilter@14de6c59, org.springframework.security.web.authentication.logout.LogoutFilter@18968d84, org.springframework.security.oauth2.client.web.OAuth2AuthorizationRequestRedirectFilter@107894fd, org.springframework.security.oauth2.client.web.OAuth2LoginAuthenticationFilter@19ab56b3, org.springframework.security.web.authentication.ui.DefaultLoginPageGeneratingFilter@71aea14a, org.springframework.security.web.authentication.ui.DefaultLogoutPageGeneratingFilter@1ffd4e53, org.springframework.security.web.savedrequest.RequestCacheAwareFilter@bad8285, org.springframework.security.web.servletapi.SecurityContextHolderAwareRequestFilter@15f2cc68, org.springframework.security.web.authentication.AnonymousAuthenticationFilter@629c1f9a, org.springframework.security.web.session.SessionManagementFilter@553185b7, org.springframework.security.web.access.ExceptionTranslationFilter@3e34e476, org.springframework.security.web.access.intercept.FilterSecurityInterceptor@5ff7744]
2021-04-15 21:21:47.517  INFO 16292 --- [    Test worker] o.s.s.concurrent.ThreadPoolTaskExecutor  : Initializing ExecutorService 'applicationTaskExecutor'
2021-04-15 21:21:47.657  WARN 16292 --- [    Test worker] aWebConfiguration$JpaWebMvcConfiguration : spring.jpa.open-in-view is enabled by default. Therefore, database queries may be performed during view rendering. Explicitly configure spring.jpa.open-in-view to disable this warning
2021-04-15 21:21:47.769  INFO 16292 --- [    Test worker] o.s.b.a.w.s.WelcomePageHandlerMapping    : Adding welcome page template: index
2021-04-15 21:21:48.791  INFO 16292 --- [    Test worker] s.a.ScheduledAnnotationBeanPostProcessor : No TaskScheduler/ScheduledExecutorService bean found for scheduled processing
2021-04-15 21:21:48.810  INFO 16292 --- [    Test worker] c.b.s.domain.posts.CourtRepositoryTest   : Started CourtRepositoryTest in 12.557 seconds (JVM running for 15.887)
Hibernate: insert into court (created_date, modified_date, address, district, e, info, n, name, web) values (?, ?, ?, ?, ?, ?, ?, ?, ?)
Hibernate: select court0_.id as id1_1_, court0_.created_date as created_2_1_, court0_.modified_date as modified3_1_, court0_.address as address4_1_, court0_.district as district5_1_, court0_.e as e6_1_, court0_.info as info7_1_, court0_.n as n8_1_, court0_.name as name9_1_, court0_.web as web10_1_ from court court0_
Hibernate: select court0_.id as id1_1_, court0_.created_date as created_2_1_, court0_.modified_date as modified3_1_, court0_.address as address4_1_, court0_.district as district5_1_, court0_.e as e6_1_, court0_.info as info7_1_, court0_.n as n8_1_, court0_.name as name9_1_, court0_.web as web10_1_ from court court0_
Hibernate: delete from court where id=?
]]></system-out>
  <system-err><![CDATA[]]></system-err>
</testsuite>
