<?xml version="1.0" encoding="UTF-8"?>
<testsuite name="com.bst_aws.springboot.web.CourtApiControllerTest" tests="1" skipped="0" failures="0" errors="0" timestamp="2021-04-14T16:41:54" hostname="LAPTOP-OPVE6PBK" time="0.336">
  <properties/>
  <testcase name="Court_등록된다" classname="com.bst_aws.springboot.web.CourtApiControllerTest" time="0.336"/>
  <system-out><![CDATA[2021-04-15 01:41:49.899  INFO 35564 --- [    Test worker] .b.t.c.SpringBootTestContextBootstrapper : Neither @ContextConfiguration nor @ContextHierarchy found for test class [com.bst_aws.springboot.web.CourtApiControllerTest], using SpringBootContextLoader
2021-04-15 01:41:49.900  INFO 35564 --- [    Test worker] o.s.t.c.support.AbstractContextLoader    : Could not detect default resource locations for test class [com.bst_aws.springboot.web.CourtApiControllerTest]: no resource found for suffixes {-context.xml, Context.groovy}.
2021-04-15 01:41:49.901  INFO 35564 --- [    Test worker] t.c.s.AnnotationConfigContextLoaderUtils : Could not detect default configuration classes for test class [com.bst_aws.springboot.web.CourtApiControllerTest]: CourtApiControllerTest does not declare any static, non-private, non-final, nested classes annotated with @Configuration.
2021-04-15 01:41:49.925  INFO 35564 --- [    Test worker] .b.t.c.SpringBootTestContextBootstrapper : Found @SpringBootConfiguration com.bst_aws.springboot.Application for test class com.bst_aws.springboot.web.CourtApiControllerTest
2021-04-15 01:41:49.928  INFO 35564 --- [    Test worker] .b.t.c.SpringBootTestContextBootstrapper : Loaded default TestExecutionListener class names from location [META-INF/spring.factories]: [org.springframework.security.test.context.support.WithSecurityContextTestExecutionListener, org.springframework.security.test.context.support.ReactorContextTestExecutionListener, org.springframework.boot.test.autoconfigure.restdocs.RestDocsTestExecutionListener, org.springframework.boot.test.autoconfigure.web.client.MockRestServiceServerResetTestExecutionListener, org.springframework.boot.test.autoconfigure.web.servlet.MockMvcPrintOnlyOnFailureTestExecutionListener, org.springframework.boot.test.autoconfigure.web.servlet.WebDriverTestExecutionListener, org.springframework.boot.test.mock.mockito.MockitoTestExecutionListener, org.springframework.boot.test.mock.mockito.ResetMocksTestExecutionListener, org.springframework.test.context.web.ServletTestExecutionListener, org.springframework.test.context.support.DirtiesContextBeforeModesTestExecutionListener, org.springframework.test.context.support.DependencyInjectionTestExecutionListener, org.springframework.test.context.support.DirtiesContextTestExecutionListener, org.springframework.test.context.transaction.TransactionalTestExecutionListener, org.springframework.test.context.jdbc.SqlScriptsTestExecutionListener]
2021-04-15 01:41:49.929  INFO 35564 --- [    Test worker] .b.t.c.SpringBootTestContextBootstrapper : Using TestExecutionListeners: [org.springframework.test.context.web.ServletTestExecutionListener@36a75be7, org.springframework.test.context.support.DirtiesContextBeforeModesTestExecutionListener@1e4db5, org.springframework.boot.test.mock.mockito.MockitoTestExecutionListener@3bd3e3d7, org.springframework.boot.test.autoconfigure.SpringBootDependencyInjectionTestExecutionListener@458ba0fb, org.springframework.test.context.support.DirtiesContextTestExecutionListener@49ffa3ce, org.springframework.test.context.transaction.TransactionalTestExecutionListener@3bfe2ca1, org.springframework.test.context.jdbc.SqlScriptsTestExecutionListener@1f17ad52, org.springframework.security.test.context.support.WithSecurityContextTestExecutionListener@7034a33, org.springframework.security.test.context.support.ReactorContextTestExecutionListener@33d678ce, org.springframework.boot.test.autoconfigure.restdocs.RestDocsTestExecutionListener@7907c131, org.springframework.boot.test.autoconfigure.web.client.MockRestServiceServerResetTestExecutionListener@5b588e7e, org.springframework.boot.test.autoconfigure.web.servlet.MockMvcPrintOnlyOnFailureTestExecutionListener@461705f4, org.springframework.boot.test.autoconfigure.web.servlet.WebDriverTestExecutionListener@468715f0, org.springframework.boot.test.mock.mockito.ResetMocksTestExecutionListener@1ce4a58]

  .   ____          _            __ _ _
 /\\ / ___'_ __ _ _(_)_ __  __ _ \ \ \ \
( ( )\___ | '_ | '_| | '_ \/ _` | \ \ \ \
 \\/  ___)| |_)| | | | | || (_| |  ) ) ) )
  '  |____| .__|_| |_|_| |_\__, | / / / /
 =========|_|==============|___/=/_/_/_/
 :: Spring Boot ::        (v2.1.9.RELEASE)

2021-04-15 01:41:50.021  INFO 35564 --- [    Test worker] c.b.s.web.CourtApiControllerTest         : Starting CourtApiControllerTest on LAPTOP-OPVE6PBK with PID 35564 (started by bgwb0 in C:\Users\bgwb0\Desktop\bst_aws)
2021-04-15 01:41:50.022  INFO 35564 --- [    Test worker] c.b.s.web.CourtApiControllerTest         : No active profile set, falling back to default profiles: default
2021-04-15 01:41:50.750  INFO 35564 --- [    Test worker] .s.d.r.c.RepositoryConfigurationDelegate : Bootstrapping Spring Data repositories in DEFAULT mode.
2021-04-15 01:41:50.877  INFO 35564 --- [    Test worker] .s.d.r.c.RepositoryConfigurationDelegate : Finished Spring Data repository scanning in 125ms. Found 6 repository interfaces.
2021-04-15 01:41:51.054  INFO 35564 --- [    Test worker] trationDelegate$BeanPostProcessorChecker : Bean 'org.springframework.transaction.annotation.ProxyTransactionManagementConfiguration' of type [org.springframework.transaction.annotation.ProxyTransactionManagementConfiguration$$EnhancerBySpringCGLIB$$1fcddebb] is not eligible for getting processed by all BeanPostProcessors (for example: not eligible for auto-proxying)
2021-04-15 01:41:51.832  INFO 35564 --- [    Test worker] o.s.b.w.embedded.tomcat.TomcatWebServer  : Tomcat initialized with port(s): 0 (http)
2021-04-15 01:41:51.884  INFO 35564 --- [    Test worker] o.apache.catalina.core.StandardService   : Starting service [Tomcat]
2021-04-15 01:41:51.885  INFO 35564 --- [    Test worker] org.apache.catalina.core.StandardEngine  : Starting Servlet engine: [Apache Tomcat/9.0.26]
2021-04-15 01:41:52.209  INFO 35564 --- [    Test worker] o.a.c.c.C.[Tomcat].[localhost].[/]       : Initializing Spring embedded WebApplicationContext
2021-04-15 01:41:52.209  INFO 35564 --- [    Test worker] o.s.web.context.ContextLoader            : Root WebApplicationContext: initialization completed in 2176 ms
2021-04-15 01:41:52.537  INFO 35564 --- [    Test worker] com.zaxxer.hikari.HikariDataSource       : HikariPool-2 - Starting...
2021-04-15 01:41:52.539  INFO 35564 --- [    Test worker] com.zaxxer.hikari.HikariDataSource       : HikariPool-2 - Start completed.
2021-04-15 01:41:52.631  INFO 35564 --- [    Test worker] o.hibernate.jpa.internal.util.LogHelper  : HHH000204: Processing PersistenceUnitInfo [
	name: default
	...]
2021-04-15 01:41:52.664  INFO 35564 --- [    Test worker] org.hibernate.dialect.Dialect            : HHH000400: Using dialect: org.hibernate.dialect.MySQL5InnoDBDialect
Hibernate: drop table if exists court
Hibernate: drop table if exists lesson
Hibernate: drop table if exists post
Hibernate: drop table if exists posts
Hibernate: drop table if exists user
Hibernate: drop table if exists vcount
Hibernate: create table court (id bigint not null auto_increment, created_date datetime, modified_date datetime, address varchar(255), district varchar(255), e double precision, info TEXT not null, n double precision, name varchar(255), web varchar(255), primary key (id)) engine=InnoDB
Hibernate: create table lesson (id bigint not null auto_increment, created_date datetime, modified_date datetime, address varchar(255), district varchar(255), e double precision, info TEXT not null, n double precision, name varchar(255), web varchar(255), primary key (id)) engine=InnoDB
Hibernate: create table post (id bigint not null auto_increment, created_date datetime, modified_date datetime, content TEXT not null, created_by varchar(255), d_day varchar(255), district varchar(255), hits integer not null, status varchar(255), title varchar(255), user_id integer not null, primary key (id)) engine=InnoDB
Hibernate: create table posts (id bigint not null auto_increment, created_date datetime, modified_date datetime, author varchar(255), content TEXT not null, title varchar(500) not null, primary key (id)) engine=InnoDB
Hibernate: create table user (id bigint not null auto_increment, created_date datetime, modified_date datetime, email varchar(255) not null, name varchar(255) not null, picture varchar(255), role varchar(255) not null, primary key (id)) engine=InnoDB
Hibernate: create table vcount (id bigint not null auto_increment, created_date datetime, modified_date datetime, count integer, user_email varchar(255), visited_date varchar(255), primary key (id)) engine=InnoDB
2021-04-15 01:41:52.815  INFO 35564 --- [    Test worker] o.h.t.schema.internal.SchemaCreatorImpl  : HHH000476: Executing import script 'org.hibernate.tool.schema.internal.exec.ScriptSourceInputNonExistentImpl@6078b972'
2021-04-15 01:41:52.816  INFO 35564 --- [    Test worker] j.LocalContainerEntityManagerFactoryBean : Initialized JPA EntityManagerFactory for persistence unit 'default'
2021-04-15 01:41:53.355  INFO 35564 --- [    Test worker] o.h.h.i.QueryTranslatorFactoryInitiator  : HHH000397: Using ASTQueryTranslatorFactory
2021-04-15 01:41:53.660  INFO 35564 --- [    Test worker] o.s.s.web.DefaultSecurityFilterChain     : Creating filter chain: any request, [org.springframework.security.web.context.request.async.WebAsyncManagerIntegrationFilter@d322e6b, org.springframework.security.web.context.SecurityContextPersistenceFilter@612e1d93, org.springframework.security.web.header.HeaderWriterFilter@cf68d9f, org.springframework.security.web.authentication.logout.LogoutFilter@580c5673, org.springframework.security.oauth2.client.web.OAuth2AuthorizationRequestRedirectFilter@2c3cdaa1, org.springframework.security.oauth2.client.web.OAuth2LoginAuthenticationFilter@29d2b521, org.springframework.security.web.authentication.ui.DefaultLoginPageGeneratingFilter@49df185e, org.springframework.security.web.authentication.ui.DefaultLogoutPageGeneratingFilter@817692c, org.springframework.security.web.savedrequest.RequestCacheAwareFilter@c792639, org.springframework.security.web.servletapi.SecurityContextHolderAwareRequestFilter@34dbc85c, org.springframework.security.web.authentication.AnonymousAuthenticationFilter@4234435d, org.springframework.security.web.session.SessionManagementFilter@7d801f36, org.springframework.security.web.access.ExceptionTranslationFilter@5dd61d82, org.springframework.security.web.access.intercept.FilterSecurityInterceptor@2354ce97]
2021-04-15 01:41:54.025  INFO 35564 --- [    Test worker] o.s.s.concurrent.ThreadPoolTaskExecutor  : Initializing ExecutorService 'applicationTaskExecutor'
2021-04-15 01:41:54.041  WARN 35564 --- [    Test worker] aWebConfiguration$JpaWebMvcConfiguration : spring.jpa.open-in-view is enabled by default. Therefore, database queries may be performed during view rendering. Explicitly configure spring.jpa.open-in-view to disable this warning
2021-04-15 01:41:54.090  INFO 35564 --- [    Test worker] o.s.b.a.w.s.WelcomePageHandlerMapping    : Adding welcome page template: index
2021-04-15 01:41:54.428  INFO 35564 --- [    Test worker] s.a.ScheduledAnnotationBeanPostProcessor : No TaskScheduler/ScheduledExecutorService bean found for scheduled processing
2021-04-15 01:41:54.454  INFO 35564 --- [    Test worker] o.s.b.w.embedded.tomcat.TomcatWebServer  : Tomcat started on port(s): 14067 (http) with context path ''
2021-04-15 01:41:54.454  INFO 35564 --- [    Test worker] c.b.s.web.CourtApiControllerTest         : Started CourtApiControllerTest in 4.521 seconds (JVM running for 19.385)
2021-04-15 01:41:54.510  INFO 35564 --- [    Test worker] o.a.c.c.C.[Tomcat].[localhost].[/]       : Initializing Spring TestDispatcherServlet ''
2021-04-15 01:41:54.510  INFO 35564 --- [    Test worker] o.s.t.web.servlet.TestDispatcherServlet  : Initializing Servlet ''
2021-04-15 01:41:54.535  INFO 35564 --- [    Test worker] o.s.t.web.servlet.TestDispatcherServlet  : Completed initialization in 25 ms
Hibernate: insert into court (created_date, modified_date, address, district, e, info, n, name, web) values (?, ?, ?, ?, ?, ?, ?, ?, ?)
Hibernate: select court0_.id as id1_0_, court0_.created_date as created_2_0_, court0_.modified_date as modified3_0_, court0_.address as address4_0_, court0_.district as district5_0_, court0_.e as e6_0_, court0_.info as info7_0_, court0_.n as n8_0_, court0_.name as name9_0_, court0_.web as web10_0_ from court court0_
Hibernate: select court0_.id as id1_0_, court0_.created_date as created_2_0_, court0_.modified_date as modified3_0_, court0_.address as address4_0_, court0_.district as district5_0_, court0_.e as e6_0_, court0_.info as info7_0_, court0_.n as n8_0_, court0_.name as name9_0_, court0_.web as web10_0_ from court court0_
Hibernate: delete from court where id=?
]]></system-out>
  <system-err><![CDATA[]]></system-err>
</testsuite>
