<?xml version="1.0" encoding="UTF-8"?>
<testsuite name="com.bst_aws.springboot.domain.posts.VCountRepositoryTest" tests="3" skipped="0" failures="0" errors="0" timestamp="2021-05-12T07:21:34" hostname="LAPTOP-OPVE6PBK" time="0.172">
  <properties/>
  <testcase name="saveOrUpdate_테스트" classname="com.bst_aws.springboot.domain.posts.VCountRepositoryTest" time="0.12"/>
  <testcase name="방문자수저장_불러오기" classname="com.bst_aws.springboot.domain.posts.VCountRepositoryTest" time="0.013"/>
  <testcase name="이미생성됐는지_확인_date_email" classname="com.bst_aws.springboot.domain.posts.VCountRepositoryTest" time="0.037"/>
  <system-out><![CDATA[2021-05-12 16:21:34.496  INFO 41696 --- [    Test worker] .b.t.c.SpringBootTestContextBootstrapper : Neither @ContextConfiguration nor @ContextHierarchy found for test class [com.bst_aws.springboot.domain.posts.VCountRepositoryTest], using SpringBootContextLoader
2021-05-12 16:21:34.500  INFO 41696 --- [    Test worker] o.s.t.c.support.AbstractContextLoader    : Could not detect default resource locations for test class [com.bst_aws.springboot.domain.posts.VCountRepositoryTest]: no resource found for suffixes {-context.xml, Context.groovy}.
2021-05-12 16:21:34.500  INFO 41696 --- [    Test worker] t.c.s.AnnotationConfigContextLoaderUtils : Could not detect default configuration classes for test class [com.bst_aws.springboot.domain.posts.VCountRepositoryTest]: VCountRepositoryTest does not declare any static, non-private, non-final, nested classes annotated with @Configuration.
2021-05-12 16:21:34.504  INFO 41696 --- [    Test worker] .b.t.c.SpringBootTestContextBootstrapper : Found @SpringBootConfiguration com.bst_aws.springboot.Application for test class com.bst_aws.springboot.domain.posts.VCountRepositoryTest
2021-05-12 16:21:34.509  INFO 41696 --- [    Test worker] .b.t.c.SpringBootTestContextBootstrapper : Loaded default TestExecutionListener class names from location [META-INF/spring.factories]: [org.springframework.security.test.context.support.WithSecurityContextTestExecutionListener, org.springframework.security.test.context.support.ReactorContextTestExecutionListener, org.springframework.boot.test.autoconfigure.restdocs.RestDocsTestExecutionListener, org.springframework.boot.test.autoconfigure.web.client.MockRestServiceServerResetTestExecutionListener, org.springframework.boot.test.autoconfigure.web.servlet.MockMvcPrintOnlyOnFailureTestExecutionListener, org.springframework.boot.test.autoconfigure.web.servlet.WebDriverTestExecutionListener, org.springframework.boot.test.mock.mockito.MockitoTestExecutionListener, org.springframework.boot.test.mock.mockito.ResetMocksTestExecutionListener, org.springframework.test.context.web.ServletTestExecutionListener, org.springframework.test.context.support.DirtiesContextBeforeModesTestExecutionListener, org.springframework.test.context.support.DependencyInjectionTestExecutionListener, org.springframework.test.context.support.DirtiesContextTestExecutionListener, org.springframework.test.context.transaction.TransactionalTestExecutionListener, org.springframework.test.context.jdbc.SqlScriptsTestExecutionListener]
2021-05-12 16:21:34.511  INFO 41696 --- [    Test worker] .b.t.c.SpringBootTestContextBootstrapper : Using TestExecutionListeners: [org.springframework.test.context.web.ServletTestExecutionListener@36138a8f, org.springframework.test.context.support.DirtiesContextBeforeModesTestExecutionListener@ad8529, org.springframework.boot.test.mock.mockito.MockitoTestExecutionListener@51e24850, org.springframework.boot.test.autoconfigure.SpringBootDependencyInjectionTestExecutionListener@627f1f80, org.springframework.test.context.support.DirtiesContextTestExecutionListener@4812b6b2, org.springframework.test.context.transaction.TransactionalTestExecutionListener@247ae654, org.springframework.test.context.jdbc.SqlScriptsTestExecutionListener@67198a43, org.springframework.security.test.context.support.WithSecurityContextTestExecutionListener@7d800a3f, org.springframework.security.test.context.support.ReactorContextTestExecutionListener@207a941b, org.springframework.boot.test.autoconfigure.restdocs.RestDocsTestExecutionListener@53c18e06, org.springframework.boot.test.autoconfigure.web.client.MockRestServiceServerResetTestExecutionListener@78a15daf, org.springframework.boot.test.autoconfigure.web.servlet.MockMvcPrintOnlyOnFailureTestExecutionListener@58d7176, org.springframework.boot.test.autoconfigure.web.servlet.WebDriverTestExecutionListener@7123f790, org.springframework.boot.test.mock.mockito.ResetMocksTestExecutionListener@2ecde60c]
Hibernate: insert into vcount (created_date, modified_date, count, user_email, visited_date) values (?, ?, ?, ?, ?)
Hibernate: select vcount0_.id as id1_6_, vcount0_.created_date as created_2_6_, vcount0_.modified_date as modified3_6_, vcount0_.count as count4_6_, vcount0_.user_email as user_ema5_6_, vcount0_.visited_date as visited_6_6_ from vcount vcount0_ where (vcount0_.visited_date like ? escape ?) and (vcount0_.user_email is null)
Hibernate: insert into vcount (created_date, modified_date, count, user_email, visited_date) values (?, ?, ?, ?, ?)
Hibernate: select vcount0_.id as id1_6_, vcount0_.created_date as created_2_6_, vcount0_.modified_date as modified3_6_, vcount0_.count as count4_6_, vcount0_.user_email as user_ema5_6_, vcount0_.visited_date as visited_6_6_ from vcount vcount0_ order by vcount0_.created_date desc
Hibernate: select vcount0_.id as id1_6_, vcount0_.created_date as created_2_6_, vcount0_.modified_date as modified3_6_, vcount0_.count as count4_6_, vcount0_.user_email as user_ema5_6_, vcount0_.visited_date as visited_6_6_ from vcount vcount0_
Hibernate: delete from vcount where id=?
Hibernate: delete from vcount where id=?
Hibernate: insert into vcount (created_date, modified_date, count, user_email, visited_date) values (?, ?, ?, ?, ?)
Hibernate: select vcount0_.id as id1_6_, vcount0_.created_date as created_2_6_, vcount0_.modified_date as modified3_6_, vcount0_.count as count4_6_, vcount0_.user_email as user_ema5_6_, vcount0_.visited_date as visited_6_6_ from vcount vcount0_ order by vcount0_.created_date desc
Hibernate: select vcount0_.id as id1_6_, vcount0_.created_date as created_2_6_, vcount0_.modified_date as modified3_6_, vcount0_.count as count4_6_, vcount0_.user_email as user_ema5_6_, vcount0_.visited_date as visited_6_6_ from vcount vcount0_
Hibernate: delete from vcount where id=?
Hibernate: insert into vcount (created_date, modified_date, count, user_email, visited_date) values (?, ?, ?, ?, ?)
Hibernate: insert into vcount (created_date, modified_date, count, user_email, visited_date) values (?, ?, ?, ?, ?)
Hibernate: select vcount0_.id as col_0_0_ from vcount vcount0_ where (vcount0_.visited_date like ? escape ?) and vcount0_.user_email=? limit ?
Hibernate: select vcount0_.id as col_0_0_ from vcount vcount0_ where (vcount0_.visited_date like ? escape ?) and (vcount0_.user_email is null) limit ?
Hibernate: select vcount0_.id as col_0_0_ from vcount vcount0_ where (vcount0_.visited_date like ? escape ?) and vcount0_.user_email=? limit ?
Hibernate: select vcount0_.id as col_0_0_ from vcount vcount0_ where (vcount0_.visited_date like ? escape ?) and (vcount0_.user_email is null) limit ?
Hibernate: select vcount0_.id as id1_6_, vcount0_.created_date as created_2_6_, vcount0_.modified_date as modified3_6_, vcount0_.count as count4_6_, vcount0_.user_email as user_ema5_6_, vcount0_.visited_date as visited_6_6_ from vcount vcount0_
Hibernate: delete from vcount where id=?
Hibernate: delete from vcount where id=?
]]></system-out>
  <system-err><![CDATA[]]></system-err>
</testsuite>
