<?xml version="1.0" encoding="UTF-8"?>
<testsuite name="com.bst_aws.springboot.web.LessonApiControllerTest" tests="1" skipped="0" failures="0" errors="0" timestamp="2021-03-29T12:09:13" hostname="LAPTOP-OPVE6PBK" time="0.047">
  <properties/>
  <testcase name="Lesson_등록된다" classname="com.bst_aws.springboot.web.LessonApiControllerTest" time="0.047"/>
  <system-out><![CDATA[2021-03-29 21:09:13.199  INFO 20716 --- [    Test worker] .b.t.c.SpringBootTestContextBootstrapper : Neither @ContextConfiguration nor @ContextHierarchy found for test class [com.bst_aws.springboot.web.LessonApiControllerTest], using SpringBootContextLoader
2021-03-29 21:09:13.200  INFO 20716 --- [    Test worker] o.s.t.c.support.AbstractContextLoader    : Could not detect default resource locations for test class [com.bst_aws.springboot.web.LessonApiControllerTest]: no resource found for suffixes {-context.xml, Context.groovy}.
2021-03-29 21:09:13.201  INFO 20716 --- [    Test worker] t.c.s.AnnotationConfigContextLoaderUtils : Could not detect default configuration classes for test class [com.bst_aws.springboot.web.LessonApiControllerTest]: LessonApiControllerTest does not declare any static, non-private, non-final, nested classes annotated with @Configuration.
2021-03-29 21:09:13.203  INFO 20716 --- [    Test worker] .b.t.c.SpringBootTestContextBootstrapper : Found @SpringBootConfiguration com.bst_aws.springboot.Application for test class com.bst_aws.springboot.web.LessonApiControllerTest
2021-03-29 21:09:13.205  INFO 20716 --- [    Test worker] .b.t.c.SpringBootTestContextBootstrapper : Loaded default TestExecutionListener class names from location [META-INF/spring.factories]: [org.springframework.security.test.context.support.WithSecurityContextTestExecutionListener, org.springframework.security.test.context.support.ReactorContextTestExecutionListener, org.springframework.boot.test.autoconfigure.restdocs.RestDocsTestExecutionListener, org.springframework.boot.test.autoconfigure.web.client.MockRestServiceServerResetTestExecutionListener, org.springframework.boot.test.autoconfigure.web.servlet.MockMvcPrintOnlyOnFailureTestExecutionListener, org.springframework.boot.test.autoconfigure.web.servlet.WebDriverTestExecutionListener, org.springframework.boot.test.mock.mockito.MockitoTestExecutionListener, org.springframework.boot.test.mock.mockito.ResetMocksTestExecutionListener, org.springframework.test.context.web.ServletTestExecutionListener, org.springframework.test.context.support.DirtiesContextBeforeModesTestExecutionListener, org.springframework.test.context.support.DependencyInjectionTestExecutionListener, org.springframework.test.context.support.DirtiesContextTestExecutionListener, org.springframework.test.context.transaction.TransactionalTestExecutionListener, org.springframework.test.context.jdbc.SqlScriptsTestExecutionListener]
2021-03-29 21:09:13.207  INFO 20716 --- [    Test worker] .b.t.c.SpringBootTestContextBootstrapper : Using TestExecutionListeners: [org.springframework.test.context.web.ServletTestExecutionListener@7dc7f8ab, org.springframework.test.context.support.DirtiesContextBeforeModesTestExecutionListener@33338c74, org.springframework.boot.test.mock.mockito.MockitoTestExecutionListener@3c53445c, org.springframework.boot.test.autoconfigure.SpringBootDependencyInjectionTestExecutionListener@7ffe0840, org.springframework.test.context.support.DirtiesContextTestExecutionListener@3dbeb5b4, org.springframework.test.context.transaction.TransactionalTestExecutionListener@1241de5b, org.springframework.test.context.jdbc.SqlScriptsTestExecutionListener@341609eb, org.springframework.security.test.context.support.WithSecurityContextTestExecutionListener@3ba5bb21, org.springframework.security.test.context.support.ReactorContextTestExecutionListener@73febaf4, org.springframework.boot.test.autoconfigure.restdocs.RestDocsTestExecutionListener@6f5101d6, org.springframework.boot.test.autoconfigure.web.client.MockRestServiceServerResetTestExecutionListener@6b8c0486, org.springframework.boot.test.autoconfigure.web.servlet.MockMvcPrintOnlyOnFailureTestExecutionListener@7de6d665, org.springframework.boot.test.autoconfigure.web.servlet.WebDriverTestExecutionListener@7b49fa37, org.springframework.boot.test.mock.mockito.ResetMocksTestExecutionListener@1cf11b39]
2021-03-29 21:09:13.215  INFO 20716 --- [    Test worker] o.a.c.c.C.[Tomcat].[localhost].[/]       : Initializing Spring TestDispatcherServlet ''
2021-03-29 21:09:13.215  INFO 20716 --- [    Test worker] o.s.t.web.servlet.TestDispatcherServlet  : Initializing Servlet ''
2021-03-29 21:09:13.219  INFO 20716 --- [    Test worker] o.s.t.web.servlet.TestDispatcherServlet  : Completed initialization in 4 ms
Hibernate: insert into lesson (created_date, modified_date, address, district, e, info, n, name, web) values (?, ?, ?, ?, ?, ?, ?, ?, ?)
Hibernate: select lesson0_.id as id1_1_, lesson0_.created_date as created_2_1_, lesson0_.modified_date as modified3_1_, lesson0_.address as address4_1_, lesson0_.district as district5_1_, lesson0_.e as e6_1_, lesson0_.info as info7_1_, lesson0_.n as n8_1_, lesson0_.name as name9_1_, lesson0_.web as web10_1_ from lesson lesson0_
Hibernate: select lesson0_.id as id1_1_, lesson0_.created_date as created_2_1_, lesson0_.modified_date as modified3_1_, lesson0_.address as address4_1_, lesson0_.district as district5_1_, lesson0_.e as e6_1_, lesson0_.info as info7_1_, lesson0_.n as n8_1_, lesson0_.name as name9_1_, lesson0_.web as web10_1_ from lesson lesson0_
Hibernate: delete from lesson where id=?
]]></system-out>
  <system-err><![CDATA[]]></system-err>
</testsuite>
